<?xml version="1.0" encoding="utf-8"?>
<TestRun id="57b34bb1-148d-45a1-9586-579bb187654e" name="jlmil@DESKTOP-LFUIUT3 2025-05-31 21:52:54" runUser="DESKTOP-LFUIUT3\jlmil" xmlns="http://microsoft.com/schemas/VisualStudio/TeamTest/2010">
  <Times creation="2025-05-31T21:52:54.9991478-05:00" queuing="2025-05-31T21:52:54.9991479-05:00" start="2025-05-31T21:52:51.4303702-05:00" finish="2025-05-31T21:52:55.6670591-05:00" />
  <TestSettings name="default" id="1dbb0c83-e64a-4e0f-b59d-b16b2a77c76a">
    <Deployment runDeploymentRoot="jlmil_DESKTOP-LFUIUT3_2025-05-31_21_52_54" />
  </TestSettings>
  <Results>
    <UnitTestResult executionId="79d2d83c-e003-4099-bc53-70b0833e473b" testId="2edd50e4-d750-cded-3ee8-300335206e4a" testName="CleanMinimalApi.Application.Tests.Unit.Reviews.Commands.DeleteReview.DeleteReviewHandlerTests.Handle_ShouldPassThrough_Command" computerName="DESKTOP-LFUIUT3" duration="00:00:00.0037232" startTime="2025-05-31T21:52:55.4730027-05:00" endTime="2025-05-31T21:52:55.4730032-05:00" testType="13cdc9d9-ddb5-4fa4-a97d-d965ccfc6d4b" outcome="Passed" testListId="8c84fa94-04c1-424b-9868-57a2d4851a1d" relativeResultsDirectory="79d2d83c-e003-4099-bc53-70b0833e473b" />
    <UnitTestResult executionId="07a1252e-6a74-44f5-8399-c5067c26d5ac" testId="46fbbc35-1063-b64a-df34-8b27b48466bc" testName="CleanMinimalApi.Application.Tests.Unit.Reviews.Queries.GetReviewById.GetReviewByIdHandlerTests.Handle_ShouldThrowException_DoesNotExist" computerName="DESKTOP-LFUIUT3" duration="00:00:00.0242240" startTime="2025-05-31T21:52:55.5831473-05:00" endTime="2025-05-31T21:52:55.5831475-05:00" testType="13cdc9d9-ddb5-4fa4-a97d-d965ccfc6d4b" outcome="Passed" testListId="8c84fa94-04c1-424b-9868-57a2d4851a1d" relativeResultsDirectory="07a1252e-6a74-44f5-8399-c5067c26d5ac" />
    <UnitTestResult executionId="ad26372b-b339-49ed-8c8d-e4ce54e30b15" testId="c43f0366-2fc6-11ba-ecb7-ba7e6c2c2696" testName="CleanMinimalApi.Application.Tests.Unit.Reviews.Commands.CreateReview.CreateHandlerTests.Handle_ShouldPassThrough_Command" computerName="DESKTOP-LFUIUT3" duration="00:00:00.6858949" startTime="2025-05-31T21:52:55.1851063-05:00" endTime="2025-05-31T21:52:55.1851068-05:00" testType="13cdc9d9-ddb5-4fa4-a97d-d965ccfc6d4b" outcome="Passed" testListId="8c84fa94-04c1-424b-9868-57a2d4851a1d" relativeResultsDirectory="ad26372b-b339-49ed-8c8d-e4ce54e30b15" />
    <UnitTestResult executionId="c9d07240-5571-47b9-aac8-47ed7c637e4c" testId="28925f84-f58b-0419-0043-e3a808036a27" testName="CleanMinimalApi.Application.Tests.Unit.Reviews.Queries.GetReviews.GetReviewsHandlerTests.Handle_ShouldPassThrough_Query" computerName="DESKTOP-LFUIUT3" duration="00:00:01.0538194" startTime="2025-05-31T21:52:55.5530687-05:00" endTime="2025-05-31T21:52:55.5530688-05:00" testType="13cdc9d9-ddb5-4fa4-a97d-d965ccfc6d4b" outcome="Passed" testListId="8c84fa94-04c1-424b-9868-57a2d4851a1d" relativeResultsDirectory="c9d07240-5571-47b9-aac8-47ed7c637e4c" />
    <UnitTestResult executionId="0cdaa4d5-8ce0-437c-92dc-dc3acd0a59f7" testId="9f63f438-2f41-449c-5b85-91a7f524a11d" testName="CleanMinimalApi.Application.Tests.Unit.Version.Queries.GetVersion.GetVersionHandlerTests.Handle_ShouldPassThrough_Query" computerName="DESKTOP-LFUIUT3" duration="00:00:00.3936681" startTime="2025-05-31T21:52:54.8976629-05:00" endTime="2025-05-31T21:52:54.8976966-05:00" testType="13cdc9d9-ddb5-4fa4-a97d-d965ccfc6d4b" outcome="Passed" testListId="8c84fa94-04c1-424b-9868-57a2d4851a1d" relativeResultsDirectory="0cdaa4d5-8ce0-437c-92dc-dc3acd0a59f7" />
    <UnitTestResult executionId="474b7c6b-9de9-4642-960f-1a3841ff0dad" testId="b366a86a-a770-a714-a66d-8f147f05f9ca" testName="CleanMinimalApi.Application.Tests.Unit.Common.Exceptions.NotFoundExceptionTests.ThrowIfNull_ShouldNotThrow_NotFoundException" computerName="DESKTOP-LFUIUT3" duration="00:00:00.0010131" startTime="2025-05-31T21:52:54.9469127-05:00" endTime="2025-05-31T21:52:54.9469129-05:00" testType="13cdc9d9-ddb5-4fa4-a97d-d965ccfc6d4b" outcome="Passed" testListId="8c84fa94-04c1-424b-9868-57a2d4851a1d" relativeResultsDirectory="474b7c6b-9de9-4642-960f-1a3841ff0dad" />
    <UnitTestResult executionId="f8ab9835-c8a5-489a-9858-023707baec35" testId="93343f99-1b76-b2cc-f764-e30e41fe6c00" testName="CleanMinimalApi.Application.Tests.Unit.Reviews.Commands.UpdateReview.UpdateReviewHandlerTests.Handle_ShouldPassThrough_Command" computerName="DESKTOP-LFUIUT3" duration="00:00:00.0016854" startTime="2025-05-31T21:52:55.5926366-05:00" endTime="2025-05-31T21:52:55.5926370-05:00" testType="13cdc9d9-ddb5-4fa4-a97d-d965ccfc6d4b" outcome="Passed" testListId="8c84fa94-04c1-424b-9868-57a2d4851a1d" relativeResultsDirectory="f8ab9835-c8a5-489a-9858-023707baec35" />
    <UnitTestResult executionId="a243f47b-963b-4dfb-8056-bd64550baf2f" testId="100be7ca-9c7a-8cd0-2e4c-d84e247e0193" testName="CleanMinimalApi.Application.Tests.Unit.Reviews.Commands.UpdateReview.UpdateReviewHandlerTests.Handle_ShouldThrowException_ReviewDoesNotExist" computerName="DESKTOP-LFUIUT3" duration="00:00:00.0031528" startTime="2025-05-31T21:52:55.5908855-05:00" endTime="2025-05-31T21:52:55.5908860-05:00" testType="13cdc9d9-ddb5-4fa4-a97d-d965ccfc6d4b" outcome="Passed" testListId="8c84fa94-04c1-424b-9868-57a2d4851a1d" relativeResultsDirectory="a243f47b-963b-4dfb-8056-bd64550baf2f" />
    <UnitTestResult executionId="5063e3b1-ce31-45ac-ac27-b6dbb2deda44" testId="780439e6-f04b-0c39-909d-4e11836f6186" testName="CleanMinimalApi.Application.Tests.Unit.Reviews.Commands.CreateReview.CreateHandlerTests.Handle_ShouldThrowException_MovieDoesNotExist" computerName="DESKTOP-LFUIUT3" duration="00:00:00.3983799" startTime="2025-05-31T21:52:55.5836233-05:00" endTime="2025-05-31T21:52:55.5836234-05:00" testType="13cdc9d9-ddb5-4fa4-a97d-d965ccfc6d4b" outcome="Passed" testListId="8c84fa94-04c1-424b-9868-57a2d4851a1d" relativeResultsDirectory="5063e3b1-ce31-45ac-ac27-b6dbb2deda44" />
    <UnitTestResult executionId="53277177-5c8a-4012-98b7-6ca24116811b" testId="23c4d2f7-472c-5693-2eba-4400c2bac972" testName="CleanMinimalApi.Application.Tests.Unit.Reviews.Commands.UpdateReview.UpdateReviewHandlerTests.Handle_ShouldThrowException_AuthorDoesNotExist" computerName="DESKTOP-LFUIUT3" duration="00:00:00.0037250" startTime="2025-05-31T21:52:55.5874796-05:00" endTime="2025-05-31T21:52:55.5874810-05:00" testType="13cdc9d9-ddb5-4fa4-a97d-d965ccfc6d4b" outcome="Passed" testListId="8c84fa94-04c1-424b-9868-57a2d4851a1d" relativeResultsDirectory="53277177-5c8a-4012-98b7-6ca24116811b" />
    <UnitTestResult executionId="feebc034-7344-47f7-b5df-1380231f8421" testId="68f6e16f-21a6-898e-0f84-cc4ea1624eec" testName="CleanMinimalApi.Application.Tests.Unit.Authors.Queries.GetAuthors.GetAuthorsHandlerTests.Handle_ShouldPassThrough_Query" computerName="DESKTOP-LFUIUT3" duration="00:00:01.0539538" startTime="2025-05-31T21:52:55.5554018-05:00" endTime="2025-05-31T21:52:55.5554020-05:00" testType="13cdc9d9-ddb5-4fa4-a97d-d965ccfc6d4b" outcome="Passed" testListId="8c84fa94-04c1-424b-9868-57a2d4851a1d" relativeResultsDirectory="feebc034-7344-47f7-b5df-1380231f8421" />
    <UnitTestResult executionId="e15e502d-ed5a-4f21-a024-2c67984ddb4d" testId="97b20ca3-7b48-61d9-c5c4-d1256018a908" testName="CleanMinimalApi.Application.Tests.Unit.Common.Exceptions.NotFoundExceptionTests.ThrowIfNull_ShouldThrow_NotFoundException" computerName="DESKTOP-LFUIUT3" duration="00:00:00.4049807" startTime="2025-05-31T21:52:54.9042673-05:00" endTime="2025-05-31T21:52:54.9042682-05:00" testType="13cdc9d9-ddb5-4fa4-a97d-d965ccfc6d4b" outcome="Passed" testListId="8c84fa94-04c1-424b-9868-57a2d4851a1d" relativeResultsDirectory="e15e502d-ed5a-4f21-a024-2c67984ddb4d" />
    <UnitTestResult executionId="6ddd1994-fb6b-4bf5-a8dd-cabcf718d835" testId="7d5faa33-37f7-da01-0c15-9ec8fbc0ae96" testName="CleanMinimalApi.Application.Tests.Unit.Common.Exceptions.NotFoundExceptionTests.Throw_ShouldThrow_NotFoundException" computerName="DESKTOP-LFUIUT3" duration="00:00:00.0006155" startTime="2025-05-31T21:52:54.9049869-05:00" endTime="2025-05-31T21:52:54.9049870-05:00" testType="13cdc9d9-ddb5-4fa4-a97d-d965ccfc6d4b" outcome="Passed" testListId="8c84fa94-04c1-424b-9868-57a2d4851a1d" relativeResultsDirectory="6ddd1994-fb6b-4bf5-a8dd-cabcf718d835" />
    <UnitTestResult executionId="cbb5ebb1-55a2-490e-a159-462dcaf6f347" testId="54a6b462-3c66-e850-6807-e5437e261342" testName="CleanMinimalApi.Application.Tests.Unit.Reviews.Commands.DeleteReview.DeleteReviewHandlerTests.Handle_ShouldThrowException_ReviewDoesNotExist" computerName="DESKTOP-LFUIUT3" duration="00:00:00.1104829" startTime="2025-05-31T21:52:55.5835683-05:00" endTime="2025-05-31T21:52:55.5835687-05:00" testType="13cdc9d9-ddb5-4fa4-a97d-d965ccfc6d4b" outcome="Passed" testListId="8c84fa94-04c1-424b-9868-57a2d4851a1d" relativeResultsDirectory="cbb5ebb1-55a2-490e-a159-462dcaf6f347" />
    <UnitTestResult executionId="e4aaced4-812a-49d7-92f1-422fd6528dd7" testId="c0a166bf-bb85-0326-ebc1-d6c6147654f1" testName="CleanMinimalApi.Application.Tests.Unit.Authors.Queries.GetAuthorById.GetAuthorByIdHandlerTests.Handle_ShouldPassThrough_Query" computerName="DESKTOP-LFUIUT3" duration="00:00:00.0017186" startTime="2025-05-31T21:52:55.5852627-05:00" endTime="2025-05-31T21:52:55.5852628-05:00" testType="13cdc9d9-ddb5-4fa4-a97d-d965ccfc6d4b" outcome="Passed" testListId="8c84fa94-04c1-424b-9868-57a2d4851a1d" relativeResultsDirectory="e4aaced4-812a-49d7-92f1-422fd6528dd7" />
    <UnitTestResult executionId="4db5db13-8a70-4e9b-bc9c-df37a749e176" testId="474be625-8a63-27d9-eb3d-7f60733d0719" testName="CleanMinimalApi.Application.Tests.Unit.Reviews.Commands.CreateReview.CreateHandlerTests.Handle_ShouldThrowException_AuthorDoesNotExist" computerName="DESKTOP-LFUIUT3" duration="00:00:00.0033758" startTime="2025-05-31T21:52:55.5871083-05:00" endTime="2025-05-31T21:52:55.5871088-05:00" testType="13cdc9d9-ddb5-4fa4-a97d-d965ccfc6d4b" outcome="Passed" testListId="8c84fa94-04c1-424b-9868-57a2d4851a1d" relativeResultsDirectory="4db5db13-8a70-4e9b-bc9c-df37a749e176" />
    <UnitTestResult executionId="cdc4452d-7685-4482-a302-f45ed6f6d8c5" testId="76185ac2-e10e-5b6f-80f0-af679dbe20be" testName="CleanMinimalApi.Application.Tests.Unit.Authors.Queries.GetAuthorById.GetAuthorByIdHandlerTests.Handle_ShouldThrowException_DoesNotExist" computerName="DESKTOP-LFUIUT3" duration="00:00:00.6766116" startTime="2025-05-31T21:52:55.5830458-05:00" endTime="2025-05-31T21:52:55.5830460-05:00" testType="13cdc9d9-ddb5-4fa4-a97d-d965ccfc6d4b" outcome="Passed" testListId="8c84fa94-04c1-424b-9868-57a2d4851a1d" relativeResultsDirectory="cdc4452d-7685-4482-a302-f45ed6f6d8c5" />
    <UnitTestResult executionId="853e9008-0192-45d4-b933-6bfab562978b" testId="0f388c1a-962e-44dd-b852-c683a0cf620b" testName="CleanMinimalApi.Application.Tests.Unit.Movies.Queries.GetMovies.GetMoviesHandlerTests.Handle_ShouldPassThrough_Query" computerName="DESKTOP-LFUIUT3" duration="00:00:00.0043662" startTime="2025-05-31T21:52:55.5577255-05:00" endTime="2025-05-31T21:52:55.5577264-05:00" testType="13cdc9d9-ddb5-4fa4-a97d-d965ccfc6d4b" outcome="Passed" testListId="8c84fa94-04c1-424b-9868-57a2d4851a1d" relativeResultsDirectory="853e9008-0192-45d4-b933-6bfab562978b" />
    <UnitTestResult executionId="eebe3adb-5c73-4747-9a69-e1cfc06e4e9f" testId="d24ba28e-f93f-bc58-f368-0571d94b6c6a" testName="CleanMinimalApi.Application.Tests.Unit.Movies.Queries.GetMovieById.ReadByIdHandlerTests.Handle_ShouldPassThrough_Query" computerName="DESKTOP-LFUIUT3" duration="00:00:01.0536508" startTime="2025-05-31T21:52:55.5528850-05:00" endTime="2025-05-31T21:52:55.5528851-05:00" testType="13cdc9d9-ddb5-4fa4-a97d-d965ccfc6d4b" outcome="Passed" testListId="8c84fa94-04c1-424b-9868-57a2d4851a1d" relativeResultsDirectory="eebe3adb-5c73-4747-9a69-e1cfc06e4e9f" />
    <UnitTestResult executionId="ec890bdf-6d94-47db-8090-a7e5a36304f3" testId="18abfd1c-1f5e-e2a5-59a1-825108b8bd78" testName="CleanMinimalApi.Application.Tests.Unit.Reviews.Commands.UpdateReview.UpdateReviewHandlerTests.Handle_ShouldThrowException_MovieDoesNotExist" computerName="DESKTOP-LFUIUT3" duration="00:00:01.0845018" startTime="2025-05-31T21:52:55.5836669-05:00" endTime="2025-05-31T21:52:55.5836670-05:00" testType="13cdc9d9-ddb5-4fa4-a97d-d965ccfc6d4b" outcome="Passed" testListId="8c84fa94-04c1-424b-9868-57a2d4851a1d" relativeResultsDirectory="ec890bdf-6d94-47db-8090-a7e5a36304f3" />
    <UnitTestResult executionId="88f77d35-bc5c-4dd2-9543-dc4a20f8bf5f" testId="9e36db75-12b8-ef51-45f2-78f9e3bc9e5d" testName="CleanMinimalApi.Application.Tests.Unit.Reviews.Queries.GetReviewById.GetReviewByIdHandlerTests.Handle_ShouldPassThrough_Query" computerName="DESKTOP-LFUIUT3" duration="00:00:00.6455327" startTime="2025-05-31T21:52:55.5528274-05:00" endTime="2025-05-31T21:52:55.5528279-05:00" testType="13cdc9d9-ddb5-4fa4-a97d-d965ccfc6d4b" outcome="Passed" testListId="8c84fa94-04c1-424b-9868-57a2d4851a1d" relativeResultsDirectory="88f77d35-bc5c-4dd2-9543-dc4a20f8bf5f" />
    <UnitTestResult executionId="0f0bd6d1-83a5-4e5e-b00b-5db661013649" testId="1f4f753d-c503-e4e5-966b-65c3b4f7c83b" testName="CleanMinimalApi.Application.Tests.Unit.Movies.Queries.GetMovieById.ReadByIdHandlerTests.Handle_ShouldThrowException_DoesNotExist" computerName="DESKTOP-LFUIUT3" duration="00:00:00.0241410" startTime="2025-05-31T21:52:55.5771516-05:00" endTime="2025-05-31T21:52:55.5771523-05:00" testType="13cdc9d9-ddb5-4fa4-a97d-d965ccfc6d4b" outcome="Passed" testListId="8c84fa94-04c1-424b-9868-57a2d4851a1d" relativeResultsDirectory="0f0bd6d1-83a5-4e5e-b00b-5db661013649" />
  </Results>
  <TestDefinitions>
    <UnitTest name="CleanMinimalApi.Application.Tests.Unit.Movies.Queries.GetMovieById.ReadByIdHandlerTests.Handle_ShouldPassThrough_Query" storage="d:\unidaddocumentos\jose\cursos\azure_ia\netclean\minimalapinet8\tests\application.tests.unit\bin\debug\net8.0\application.tests.unit.dll" id="d24ba28e-f93f-bc58-f368-0571d94b6c6a">
      <Execution id="eebe3adb-5c73-4747-9a69-e1cfc06e4e9f" />
      <TestMethod codeBase="D:\UnidadDocumentos\jose\CURSOS\AZURE_IA\netClean\minimalapinet8\tests\Application.Tests.Unit\bin\Debug\net8.0\Application.Tests.Unit.dll" adapterTypeName="executor://xunit/VsTestRunner2/netcoreapp" className="CleanMinimalApi.Application.Tests.Unit.Movies.Queries.GetMovieById.ReadByIdHandlerTests" name="Handle_ShouldPassThrough_Query" />
    </UnitTest>
    <UnitTest name="CleanMinimalApi.Application.Tests.Unit.Reviews.Queries.GetReviewById.GetReviewByIdHandlerTests.Handle_ShouldThrowException_DoesNotExist" storage="d:\unidaddocumentos\jose\cursos\azure_ia\netclean\minimalapinet8\tests\application.tests.unit\bin\debug\net8.0\application.tests.unit.dll" id="46fbbc35-1063-b64a-df34-8b27b48466bc">
      <Execution id="07a1252e-6a74-44f5-8399-c5067c26d5ac" />
      <TestMethod codeBase="D:\UnidadDocumentos\jose\CURSOS\AZURE_IA\netClean\minimalapinet8\tests\Application.Tests.Unit\bin\Debug\net8.0\Application.Tests.Unit.dll" adapterTypeName="executor://xunit/VsTestRunner2/netcoreapp" className="CleanMinimalApi.Application.Tests.Unit.Reviews.Queries.GetReviewById.GetReviewByIdHandlerTests" name="Handle_ShouldThrowException_DoesNotExist" />
    </UnitTest>
    <UnitTest name="CleanMinimalApi.Application.Tests.Unit.Version.Queries.GetVersion.GetVersionHandlerTests.Handle_ShouldPassThrough_Query" storage="d:\unidaddocumentos\jose\cursos\azure_ia\netclean\minimalapinet8\tests\application.tests.unit\bin\debug\net8.0\application.tests.unit.dll" id="9f63f438-2f41-449c-5b85-91a7f524a11d">
      <Execution id="0cdaa4d5-8ce0-437c-92dc-dc3acd0a59f7" />
      <TestMethod codeBase="D:\UnidadDocumentos\jose\CURSOS\AZURE_IA\netClean\minimalapinet8\tests\Application.Tests.Unit\bin\Debug\net8.0\Application.Tests.Unit.dll" adapterTypeName="executor://xunit/VsTestRunner2/netcoreapp" className="CleanMinimalApi.Application.Tests.Unit.Version.Queries.GetVersion.GetVersionHandlerTests" name="Handle_ShouldPassThrough_Query" />
    </UnitTest>
    <UnitTest name="CleanMinimalApi.Application.Tests.Unit.Reviews.Queries.GetReviews.GetReviewsHandlerTests.Handle_ShouldPassThrough_Query" storage="d:\unidaddocumentos\jose\cursos\azure_ia\netclean\minimalapinet8\tests\application.tests.unit\bin\debug\net8.0\application.tests.unit.dll" id="28925f84-f58b-0419-0043-e3a808036a27">
      <Execution id="c9d07240-5571-47b9-aac8-47ed7c637e4c" />
      <TestMethod codeBase="D:\UnidadDocumentos\jose\CURSOS\AZURE_IA\netClean\minimalapinet8\tests\Application.Tests.Unit\bin\Debug\net8.0\Application.Tests.Unit.dll" adapterTypeName="executor://xunit/VsTestRunner2/netcoreapp" className="CleanMinimalApi.Application.Tests.Unit.Reviews.Queries.GetReviews.GetReviewsHandlerTests" name="Handle_ShouldPassThrough_Query" />
    </UnitTest>
    <UnitTest name="CleanMinimalApi.Application.Tests.Unit.Authors.Queries.GetAuthorById.GetAuthorByIdHandlerTests.Handle_ShouldThrowException_DoesNotExist" storage="d:\unidaddocumentos\jose\cursos\azure_ia\netclean\minimalapinet8\tests\application.tests.unit\bin\debug\net8.0\application.tests.unit.dll" id="76185ac2-e10e-5b6f-80f0-af679dbe20be">
      <Execution id="cdc4452d-7685-4482-a302-f45ed6f6d8c5" />
      <TestMethod codeBase="D:\UnidadDocumentos\jose\CURSOS\AZURE_IA\netClean\minimalapinet8\tests\Application.Tests.Unit\bin\Debug\net8.0\Application.Tests.Unit.dll" adapterTypeName="executor://xunit/VsTestRunner2/netcoreapp" className="CleanMinimalApi.Application.Tests.Unit.Authors.Queries.GetAuthorById.GetAuthorByIdHandlerTests" name="Handle_ShouldThrowException_DoesNotExist" />
    </UnitTest>
    <UnitTest name="CleanMinimalApi.Application.Tests.Unit.Reviews.Commands.UpdateReview.UpdateReviewHandlerTests.Handle_ShouldThrowException_MovieDoesNotExist" storage="d:\unidaddocumentos\jose\cursos\azure_ia\netclean\minimalapinet8\tests\application.tests.unit\bin\debug\net8.0\application.tests.unit.dll" id="18abfd1c-1f5e-e2a5-59a1-825108b8bd78">
      <Execution id="ec890bdf-6d94-47db-8090-a7e5a36304f3" />
      <TestMethod codeBase="D:\UnidadDocumentos\jose\CURSOS\AZURE_IA\netClean\minimalapinet8\tests\Application.Tests.Unit\bin\Debug\net8.0\Application.Tests.Unit.dll" adapterTypeName="executor://xunit/VsTestRunner2/netcoreapp" className="CleanMinimalApi.Application.Tests.Unit.Reviews.Commands.UpdateReview.UpdateReviewHandlerTests" name="Handle_ShouldThrowException_MovieDoesNotExist" />
    </UnitTest>
    <UnitTest name="CleanMinimalApi.Application.Tests.Unit.Authors.Queries.GetAuthors.GetAuthorsHandlerTests.Handle_ShouldPassThrough_Query" storage="d:\unidaddocumentos\jose\cursos\azure_ia\netclean\minimalapinet8\tests\application.tests.unit\bin\debug\net8.0\application.tests.unit.dll" id="68f6e16f-21a6-898e-0f84-cc4ea1624eec">
      <Execution id="feebc034-7344-47f7-b5df-1380231f8421" />
      <TestMethod codeBase="D:\UnidadDocumentos\jose\CURSOS\AZURE_IA\netClean\minimalapinet8\tests\Application.Tests.Unit\bin\Debug\net8.0\Application.Tests.Unit.dll" adapterTypeName="executor://xunit/VsTestRunner2/netcoreapp" className="CleanMinimalApi.Application.Tests.Unit.Authors.Queries.GetAuthors.GetAuthorsHandlerTests" name="Handle_ShouldPassThrough_Query" />
    </UnitTest>
    <UnitTest name="CleanMinimalApi.Application.Tests.Unit.Reviews.Commands.CreateReview.CreateHandlerTests.Handle_ShouldThrowException_AuthorDoesNotExist" storage="d:\unidaddocumentos\jose\cursos\azure_ia\netclean\minimalapinet8\tests\application.tests.unit\bin\debug\net8.0\application.tests.unit.dll" id="474be625-8a63-27d9-eb3d-7f60733d0719">
      <Execution id="4db5db13-8a70-4e9b-bc9c-df37a749e176" />
      <TestMethod codeBase="D:\UnidadDocumentos\jose\CURSOS\AZURE_IA\netClean\minimalapinet8\tests\Application.Tests.Unit\bin\Debug\net8.0\Application.Tests.Unit.dll" adapterTypeName="executor://xunit/VsTestRunner2/netcoreapp" className="CleanMinimalApi.Application.Tests.Unit.Reviews.Commands.CreateReview.CreateHandlerTests" name="Handle_ShouldThrowException_AuthorDoesNotExist" />
    </UnitTest>
    <UnitTest name="CleanMinimalApi.Application.Tests.Unit.Reviews.Commands.UpdateReview.UpdateReviewHandlerTests.Handle_ShouldPassThrough_Command" storage="d:\unidaddocumentos\jose\cursos\azure_ia\netclean\minimalapinet8\tests\application.tests.unit\bin\debug\net8.0\application.tests.unit.dll" id="93343f99-1b76-b2cc-f764-e30e41fe6c00">
      <Execution id="f8ab9835-c8a5-489a-9858-023707baec35" />
      <TestMethod codeBase="D:\UnidadDocumentos\jose\CURSOS\AZURE_IA\netClean\minimalapinet8\tests\Application.Tests.Unit\bin\Debug\net8.0\Application.Tests.Unit.dll" adapterTypeName="executor://xunit/VsTestRunner2/netcoreapp" className="CleanMinimalApi.Application.Tests.Unit.Reviews.Commands.UpdateReview.UpdateReviewHandlerTests" name="Handle_ShouldPassThrough_Command" />
    </UnitTest>
    <UnitTest name="CleanMinimalApi.Application.Tests.Unit.Common.Exceptions.NotFoundExceptionTests.Throw_ShouldThrow_NotFoundException" storage="d:\unidaddocumentos\jose\cursos\azure_ia\netclean\minimalapinet8\tests\application.tests.unit\bin\debug\net8.0\application.tests.unit.dll" id="7d5faa33-37f7-da01-0c15-9ec8fbc0ae96">
      <Execution id="6ddd1994-fb6b-4bf5-a8dd-cabcf718d835" />
      <TestMethod codeBase="D:\UnidadDocumentos\jose\CURSOS\AZURE_IA\netClean\minimalapinet8\tests\Application.Tests.Unit\bin\Debug\net8.0\Application.Tests.Unit.dll" adapterTypeName="executor://xunit/VsTestRunner2/netcoreapp" className="CleanMinimalApi.Application.Tests.Unit.Common.Exceptions.NotFoundExceptionTests" name="Throw_ShouldThrow_NotFoundException" />
    </UnitTest>
    <UnitTest name="CleanMinimalApi.Application.Tests.Unit.Common.Exceptions.NotFoundExceptionTests.ThrowIfNull_ShouldThrow_NotFoundException" storage="d:\unidaddocumentos\jose\cursos\azure_ia\netclean\minimalapinet8\tests\application.tests.unit\bin\debug\net8.0\application.tests.unit.dll" id="97b20ca3-7b48-61d9-c5c4-d1256018a908">
      <Execution id="e15e502d-ed5a-4f21-a024-2c67984ddb4d" />
      <TestMethod codeBase="D:\UnidadDocumentos\jose\CURSOS\AZURE_IA\netClean\minimalapinet8\tests\Application.Tests.Unit\bin\Debug\net8.0\Application.Tests.Unit.dll" adapterTypeName="executor://xunit/VsTestRunner2/netcoreapp" className="CleanMinimalApi.Application.Tests.Unit.Common.Exceptions.NotFoundExceptionTests" name="ThrowIfNull_ShouldThrow_NotFoundException" />
    </UnitTest>
    <UnitTest name="CleanMinimalApi.Application.Tests.Unit.Reviews.Queries.GetReviewById.GetReviewByIdHandlerTests.Handle_ShouldPassThrough_Query" storage="d:\unidaddocumentos\jose\cursos\azure_ia\netclean\minimalapinet8\tests\application.tests.unit\bin\debug\net8.0\application.tests.unit.dll" id="9e36db75-12b8-ef51-45f2-78f9e3bc9e5d">
      <Execution id="88f77d35-bc5c-4dd2-9543-dc4a20f8bf5f" />
      <TestMethod codeBase="D:\UnidadDocumentos\jose\CURSOS\AZURE_IA\netClean\minimalapinet8\tests\Application.Tests.Unit\bin\Debug\net8.0\Application.Tests.Unit.dll" adapterTypeName="executor://xunit/VsTestRunner2/netcoreapp" className="CleanMinimalApi.Application.Tests.Unit.Reviews.Queries.GetReviewById.GetReviewByIdHandlerTests" name="Handle_ShouldPassThrough_Query" />
    </UnitTest>
    <UnitTest name="CleanMinimalApi.Application.Tests.Unit.Reviews.Commands.CreateReview.CreateHandlerTests.Handle_ShouldPassThrough_Command" storage="d:\unidaddocumentos\jose\cursos\azure_ia\netclean\minimalapinet8\tests\application.tests.unit\bin\debug\net8.0\application.tests.unit.dll" id="c43f0366-2fc6-11ba-ecb7-ba7e6c2c2696">
      <Execution id="ad26372b-b339-49ed-8c8d-e4ce54e30b15" />
      <TestMethod codeBase="D:\UnidadDocumentos\jose\CURSOS\AZURE_IA\netClean\minimalapinet8\tests\Application.Tests.Unit\bin\Debug\net8.0\Application.Tests.Unit.dll" adapterTypeName="executor://xunit/VsTestRunner2/netcoreapp" className="CleanMinimalApi.Application.Tests.Unit.Reviews.Commands.CreateReview.CreateHandlerTests" name="Handle_ShouldPassThrough_Command" />
    </UnitTest>
    <UnitTest name="CleanMinimalApi.Application.Tests.Unit.Reviews.Commands.CreateReview.CreateHandlerTests.Handle_ShouldThrowException_MovieDoesNotExist" storage="d:\unidaddocumentos\jose\cursos\azure_ia\netclean\minimalapinet8\tests\application.tests.unit\bin\debug\net8.0\application.tests.unit.dll" id="780439e6-f04b-0c39-909d-4e11836f6186">
      <Execution id="5063e3b1-ce31-45ac-ac27-b6dbb2deda44" />
      <TestMethod codeBase="D:\UnidadDocumentos\jose\CURSOS\AZURE_IA\netClean\minimalapinet8\tests\Application.Tests.Unit\bin\Debug\net8.0\Application.Tests.Unit.dll" adapterTypeName="executor://xunit/VsTestRunner2/netcoreapp" className="CleanMinimalApi.Application.Tests.Unit.Reviews.Commands.CreateReview.CreateHandlerTests" name="Handle_ShouldThrowException_MovieDoesNotExist" />
    </UnitTest>
    <UnitTest name="CleanMinimalApi.Application.Tests.Unit.Movies.Queries.GetMovieById.ReadByIdHandlerTests.Handle_ShouldThrowException_DoesNotExist" storage="d:\unidaddocumentos\jose\cursos\azure_ia\netclean\minimalapinet8\tests\application.tests.unit\bin\debug\net8.0\application.tests.unit.dll" id="1f4f753d-c503-e4e5-966b-65c3b4f7c83b">
      <Execution id="0f0bd6d1-83a5-4e5e-b00b-5db661013649" />
      <TestMethod codeBase="D:\UnidadDocumentos\jose\CURSOS\AZURE_IA\netClean\minimalapinet8\tests\Application.Tests.Unit\bin\Debug\net8.0\Application.Tests.Unit.dll" adapterTypeName="executor://xunit/VsTestRunner2/netcoreapp" className="CleanMinimalApi.Application.Tests.Unit.Movies.Queries.GetMovieById.ReadByIdHandlerTests" name="Handle_ShouldThrowException_DoesNotExist" />
    </UnitTest>
    <UnitTest name="CleanMinimalApi.Application.Tests.Unit.Reviews.Commands.DeleteReview.DeleteReviewHandlerTests.Handle_ShouldPassThrough_Command" storage="d:\unidaddocumentos\jose\cursos\azure_ia\netclean\minimalapinet8\tests\application.tests.unit\bin\debug\net8.0\application.tests.unit.dll" id="2edd50e4-d750-cded-3ee8-300335206e4a">
      <Execution id="79d2d83c-e003-4099-bc53-70b0833e473b" />
      <TestMethod codeBase="D:\UnidadDocumentos\jose\CURSOS\AZURE_IA\netClean\minimalapinet8\tests\Application.Tests.Unit\bin\Debug\net8.0\Application.Tests.Unit.dll" adapterTypeName="executor://xunit/VsTestRunner2/netcoreapp" className="CleanMinimalApi.Application.Tests.Unit.Reviews.Commands.DeleteReview.DeleteReviewHandlerTests" name="Handle_ShouldPassThrough_Command" />
    </UnitTest>
    <UnitTest name="CleanMinimalApi.Application.Tests.Unit.Reviews.Commands.UpdateReview.UpdateReviewHandlerTests.Handle_ShouldThrowException_ReviewDoesNotExist" storage="d:\unidaddocumentos\jose\cursos\azure_ia\netclean\minimalapinet8\tests\application.tests.unit\bin\debug\net8.0\application.tests.unit.dll" id="100be7ca-9c7a-8cd0-2e4c-d84e247e0193">
      <Execution id="a243f47b-963b-4dfb-8056-bd64550baf2f" />
      <TestMethod codeBase="D:\UnidadDocumentos\jose\CURSOS\AZURE_IA\netClean\minimalapinet8\tests\Application.Tests.Unit\bin\Debug\net8.0\Application.Tests.Unit.dll" adapterTypeName="executor://xunit/VsTestRunner2/netcoreapp" className="CleanMinimalApi.Application.Tests.Unit.Reviews.Commands.UpdateReview.UpdateReviewHandlerTests" name="Handle_ShouldThrowException_ReviewDoesNotExist" />
    </UnitTest>
    <UnitTest name="CleanMinimalApi.Application.Tests.Unit.Reviews.Commands.DeleteReview.DeleteReviewHandlerTests.Handle_ShouldThrowException_ReviewDoesNotExist" storage="d:\unidaddocumentos\jose\cursos\azure_ia\netclean\minimalapinet8\tests\application.tests.unit\bin\debug\net8.0\application.tests.unit.dll" id="54a6b462-3c66-e850-6807-e5437e261342">
      <Execution id="cbb5ebb1-55a2-490e-a159-462dcaf6f347" />
      <TestMethod codeBase="D:\UnidadDocumentos\jose\CURSOS\AZURE_IA\netClean\minimalapinet8\tests\Application.Tests.Unit\bin\Debug\net8.0\Application.Tests.Unit.dll" adapterTypeName="executor://xunit/VsTestRunner2/netcoreapp" className="CleanMinimalApi.Application.Tests.Unit.Reviews.Commands.DeleteReview.DeleteReviewHandlerTests" name="Handle_ShouldThrowException_ReviewDoesNotExist" />
    </UnitTest>
    <UnitTest name="CleanMinimalApi.Application.Tests.Unit.Authors.Queries.GetAuthorById.GetAuthorByIdHandlerTests.Handle_ShouldPassThrough_Query" storage="d:\unidaddocumentos\jose\cursos\azure_ia\netclean\minimalapinet8\tests\application.tests.unit\bin\debug\net8.0\application.tests.unit.dll" id="c0a166bf-bb85-0326-ebc1-d6c6147654f1">
      <Execution id="e4aaced4-812a-49d7-92f1-422fd6528dd7" />
      <TestMethod codeBase="D:\UnidadDocumentos\jose\CURSOS\AZURE_IA\netClean\minimalapinet8\tests\Application.Tests.Unit\bin\Debug\net8.0\Application.Tests.Unit.dll" adapterTypeName="executor://xunit/VsTestRunner2/netcoreapp" className="CleanMinimalApi.Application.Tests.Unit.Authors.Queries.GetAuthorById.GetAuthorByIdHandlerTests" name="Handle_ShouldPassThrough_Query" />
    </UnitTest>
    <UnitTest name="CleanMinimalApi.Application.Tests.Unit.Reviews.Commands.UpdateReview.UpdateReviewHandlerTests.Handle_ShouldThrowException_AuthorDoesNotExist" storage="d:\unidaddocumentos\jose\cursos\azure_ia\netclean\minimalapinet8\tests\application.tests.unit\bin\debug\net8.0\application.tests.unit.dll" id="23c4d2f7-472c-5693-2eba-4400c2bac972">
      <Execution id="53277177-5c8a-4012-98b7-6ca24116811b" />
      <TestMethod codeBase="D:\UnidadDocumentos\jose\CURSOS\AZURE_IA\netClean\minimalapinet8\tests\Application.Tests.Unit\bin\Debug\net8.0\Application.Tests.Unit.dll" adapterTypeName="executor://xunit/VsTestRunner2/netcoreapp" className="CleanMinimalApi.Application.Tests.Unit.Reviews.Commands.UpdateReview.UpdateReviewHandlerTests" name="Handle_ShouldThrowException_AuthorDoesNotExist" />
    </UnitTest>
    <UnitTest name="CleanMinimalApi.Application.Tests.Unit.Movies.Queries.GetMovies.GetMoviesHandlerTests.Handle_ShouldPassThrough_Query" storage="d:\unidaddocumentos\jose\cursos\azure_ia\netclean\minimalapinet8\tests\application.tests.unit\bin\debug\net8.0\application.tests.unit.dll" id="0f388c1a-962e-44dd-b852-c683a0cf620b">
      <Execution id="853e9008-0192-45d4-b933-6bfab562978b" />
      <TestMethod codeBase="D:\UnidadDocumentos\jose\CURSOS\AZURE_IA\netClean\minimalapinet8\tests\Application.Tests.Unit\bin\Debug\net8.0\Application.Tests.Unit.dll" adapterTypeName="executor://xunit/VsTestRunner2/netcoreapp" className="CleanMinimalApi.Application.Tests.Unit.Movies.Queries.GetMovies.GetMoviesHandlerTests" name="Handle_ShouldPassThrough_Query" />
    </UnitTest>
    <UnitTest name="CleanMinimalApi.Application.Tests.Unit.Common.Exceptions.NotFoundExceptionTests.ThrowIfNull_ShouldNotThrow_NotFoundException" storage="d:\unidaddocumentos\jose\cursos\azure_ia\netclean\minimalapinet8\tests\application.tests.unit\bin\debug\net8.0\application.tests.unit.dll" id="b366a86a-a770-a714-a66d-8f147f05f9ca">
      <Execution id="474b7c6b-9de9-4642-960f-1a3841ff0dad" />
      <TestMethod codeBase="D:\UnidadDocumentos\jose\CURSOS\AZURE_IA\netClean\minimalapinet8\tests\Application.Tests.Unit\bin\Debug\net8.0\Application.Tests.Unit.dll" adapterTypeName="executor://xunit/VsTestRunner2/netcoreapp" className="CleanMinimalApi.Application.Tests.Unit.Common.Exceptions.NotFoundExceptionTests" name="ThrowIfNull_ShouldNotThrow_NotFoundException" />
    </UnitTest>
  </TestDefinitions>
  <TestEntries>
    <TestEntry testId="2edd50e4-d750-cded-3ee8-300335206e4a" executionId="79d2d83c-e003-4099-bc53-70b0833e473b" testListId="8c84fa94-04c1-424b-9868-57a2d4851a1d" />
    <TestEntry testId="46fbbc35-1063-b64a-df34-8b27b48466bc" executionId="07a1252e-6a74-44f5-8399-c5067c26d5ac" testListId="8c84fa94-04c1-424b-9868-57a2d4851a1d" />
    <TestEntry testId="c43f0366-2fc6-11ba-ecb7-ba7e6c2c2696" executionId="ad26372b-b339-49ed-8c8d-e4ce54e30b15" testListId="8c84fa94-04c1-424b-9868-57a2d4851a1d" />
    <TestEntry testId="28925f84-f58b-0419-0043-e3a808036a27" executionId="c9d07240-5571-47b9-aac8-47ed7c637e4c" testListId="8c84fa94-04c1-424b-9868-57a2d4851a1d" />
    <TestEntry testId="9f63f438-2f41-449c-5b85-91a7f524a11d" executionId="0cdaa4d5-8ce0-437c-92dc-dc3acd0a59f7" testListId="8c84fa94-04c1-424b-9868-57a2d4851a1d" />
    <TestEntry testId="b366a86a-a770-a714-a66d-8f147f05f9ca" executionId="474b7c6b-9de9-4642-960f-1a3841ff0dad" testListId="8c84fa94-04c1-424b-9868-57a2d4851a1d" />
    <TestEntry testId="93343f99-1b76-b2cc-f764-e30e41fe6c00" executionId="f8ab9835-c8a5-489a-9858-023707baec35" testListId="8c84fa94-04c1-424b-9868-57a2d4851a1d" />
    <TestEntry testId="100be7ca-9c7a-8cd0-2e4c-d84e247e0193" executionId="a243f47b-963b-4dfb-8056-bd64550baf2f" testListId="8c84fa94-04c1-424b-9868-57a2d4851a1d" />
    <TestEntry testId="780439e6-f04b-0c39-909d-4e11836f6186" executionId="5063e3b1-ce31-45ac-ac27-b6dbb2deda44" testListId="8c84fa94-04c1-424b-9868-57a2d4851a1d" />
    <TestEntry testId="23c4d2f7-472c-5693-2eba-4400c2bac972" executionId="53277177-5c8a-4012-98b7-6ca24116811b" testListId="8c84fa94-04c1-424b-9868-57a2d4851a1d" />
    <TestEntry testId="68f6e16f-21a6-898e-0f84-cc4ea1624eec" executionId="feebc034-7344-47f7-b5df-1380231f8421" testListId="8c84fa94-04c1-424b-9868-57a2d4851a1d" />
    <TestEntry testId="97b20ca3-7b48-61d9-c5c4-d1256018a908" executionId="e15e502d-ed5a-4f21-a024-2c67984ddb4d" testListId="8c84fa94-04c1-424b-9868-57a2d4851a1d" />
    <TestEntry testId="7d5faa33-37f7-da01-0c15-9ec8fbc0ae96" executionId="6ddd1994-fb6b-4bf5-a8dd-cabcf718d835" testListId="8c84fa94-04c1-424b-9868-57a2d4851a1d" />
    <TestEntry testId="54a6b462-3c66-e850-6807-e5437e261342" executionId="cbb5ebb1-55a2-490e-a159-462dcaf6f347" testListId="8c84fa94-04c1-424b-9868-57a2d4851a1d" />
    <TestEntry testId="c0a166bf-bb85-0326-ebc1-d6c6147654f1" executionId="e4aaced4-812a-49d7-92f1-422fd6528dd7" testListId="8c84fa94-04c1-424b-9868-57a2d4851a1d" />
    <TestEntry testId="474be625-8a63-27d9-eb3d-7f60733d0719" executionId="4db5db13-8a70-4e9b-bc9c-df37a749e176" testListId="8c84fa94-04c1-424b-9868-57a2d4851a1d" />
    <TestEntry testId="76185ac2-e10e-5b6f-80f0-af679dbe20be" executionId="cdc4452d-7685-4482-a302-f45ed6f6d8c5" testListId="8c84fa94-04c1-424b-9868-57a2d4851a1d" />
    <TestEntry testId="0f388c1a-962e-44dd-b852-c683a0cf620b" executionId="853e9008-0192-45d4-b933-6bfab562978b" testListId="8c84fa94-04c1-424b-9868-57a2d4851a1d" />
    <TestEntry testId="d24ba28e-f93f-bc58-f368-0571d94b6c6a" executionId="eebe3adb-5c73-4747-9a69-e1cfc06e4e9f" testListId="8c84fa94-04c1-424b-9868-57a2d4851a1d" />
    <TestEntry testId="18abfd1c-1f5e-e2a5-59a1-825108b8bd78" executionId="ec890bdf-6d94-47db-8090-a7e5a36304f3" testListId="8c84fa94-04c1-424b-9868-57a2d4851a1d" />
    <TestEntry testId="9e36db75-12b8-ef51-45f2-78f9e3bc9e5d" executionId="88f77d35-bc5c-4dd2-9543-dc4a20f8bf5f" testListId="8c84fa94-04c1-424b-9868-57a2d4851a1d" />
    <TestEntry testId="1f4f753d-c503-e4e5-966b-65c3b4f7c83b" executionId="0f0bd6d1-83a5-4e5e-b00b-5db661013649" testListId="8c84fa94-04c1-424b-9868-57a2d4851a1d" />
  </TestEntries>
  <TestLists>
    <TestList name="Resultados sin formato de lista" id="8c84fa94-04c1-424b-9868-57a2d4851a1d" />
    <TestList name="Todos los resultados cargados" id="19431567-8539-422a-85d7-44ee4e166bda" />
  </TestLists>
  <ResultSummary outcome="Completed">
    <Counters total="22" executed="22" passed="22" failed="0" error="0" timeout="0" aborted="0" inconclusive="0" passedButRunAborted="0" notRunnable="0" notExecuted="0" disconnected="0" warning="0" completed="0" inProgress="0" pending="0" />
    <Output>
      <StdOut>[xUnit.net 00:00:00.00] xUnit.net VSTest Adapter v2.8.2+699d445a1a (64-bit .NET 8.0.11)&#xD;
[xUnit.net 00:00:00.68]   Discovering: Application.Tests.Unit&#xD;
[xUnit.net 00:00:00.73]   Discovered:  Application.Tests.Unit&#xD;
[xUnit.net 00:00:00.73]   Starting:    Application.Tests.Unit&#xD;
[xUnit.net 00:00:01.90]   Finished:    Application.Tests.Unit&#xD;
</StdOut>
    </Output>
  </ResultSummary>
</TestRun>