<?xml version="1.0" encoding="utf-8"?>
<TestRun id="44ef74c7-c3d4-4904-93b2-1f19473697e5" name="jlmil@DESKTOP-LFUIUT3 2025-05-31 21:53:10" runUser="DESKTOP-LFUIUT3\jlmil" xmlns="http://microsoft.com/schemas/VisualStudio/TeamTest/2010">
  <Times creation="2025-05-31T21:53:10.7610509-05:00" queuing="2025-05-31T21:53:10.7610512-05:00" start="2025-05-31T21:53:02.0088477-05:00" finish="2025-05-31T21:53:11.0001620-05:00" />
  <TestSettings name="default" id="48ac4f54-d366-4d1c-bb14-11740859f823">
    <Deployment runDeploymentRoot="jlmil_DESKTOP-LFUIUT3_2025-05-31_21_53_10" />
  </TestSettings>
  <Results>
    <UnitTestResult executionId="8a5dfbf7-126e-4ee8-bb0f-5a7c81982fc7" testId="c10d8627-91ab-61ba-59fa-1633a784cc7c" testName="CleanMinimalApi.Infrastructure.Tests.Integration.Databases.MovieReviews.EntityFrameworkMovieReviewsRepositoryTests.ReviewExists_ShouldReturn_False" computerName="DESKTOP-LFUIUT3" duration="00:00:00.0006654" startTime="2025-05-31T21:53:10.8546269-05:00" endTime="2025-05-31T21:53:10.8546270-05:00" testType="13cdc9d9-ddb5-4fa4-a97d-d965ccfc6d4b" outcome="Passed" testListId="8c84fa94-04c1-424b-9868-57a2d4851a1d" relativeResultsDirectory="8a5dfbf7-126e-4ee8-bb0f-5a7c81982fc7" />
    <UnitTestResult executionId="236d9fba-9f57-4abe-b734-9d753ddd3d7c" testId="8a85830e-082f-d454-62a0-51a89d016b32" testName="CleanMinimalApi.Infrastructure.Tests.Integration.Databases.MovieReviews.EntityFrameworkMovieReviewsRepositoryTests.GetMovieById_ShouldReturn_Movie" computerName="DESKTOP-LFUIUT3" duration="00:00:00.3947547" startTime="2025-05-31T21:53:10.5790059-05:00" endTime="2025-05-31T21:53:10.5790067-05:00" testType="13cdc9d9-ddb5-4fa4-a97d-d965ccfc6d4b" outcome="Passed" testListId="8c84fa94-04c1-424b-9868-57a2d4851a1d" relativeResultsDirectory="236d9fba-9f57-4abe-b734-9d753ddd3d7c" />
    <UnitTestResult executionId="e89a056d-9c4c-4579-9af3-4e81f69c6d20" testId="fa3fa632-7521-11af-47ce-6b5cf6b69b73" testName="CleanMinimalApi.Infrastructure.Tests.Integration.Databases.MovieReviews.EntityFrameworkMovieReviewsRepositoryTests.CreateReview_ShouldReturn_NewReviews" computerName="DESKTOP-LFUIUT3" duration="00:00:00.0056079" startTime="2025-05-31T21:53:10.7202036-05:00" endTime="2025-05-31T21:53:10.7202038-05:00" testType="13cdc9d9-ddb5-4fa4-a97d-d965ccfc6d4b" outcome="Passed" testListId="8c84fa94-04c1-424b-9868-57a2d4851a1d" relativeResultsDirectory="e89a056d-9c4c-4579-9af3-4e81f69c6d20" />
    <UnitTestResult executionId="7c1596c2-c6bb-4b6e-b39f-dde76805b796" testId="06034333-7a93-017a-38b7-0142616d32b2" testName="CleanMinimalApi.Infrastructure.Tests.Integration.Databases.MovieReviews.EntityFrameworkMovieReviewsRepositoryTests.GetMovies_ShouldReturn_Movies" computerName="DESKTOP-LFUIUT3" duration="00:00:00.0284680" startTime="2025-05-31T21:53:10.7682435-05:00" endTime="2025-05-31T21:53:10.7682440-05:00" testType="13cdc9d9-ddb5-4fa4-a97d-d965ccfc6d4b" outcome="Passed" testListId="8c84fa94-04c1-424b-9868-57a2d4851a1d" relativeResultsDirectory="7c1596c2-c6bb-4b6e-b39f-dde76805b796" />
    <UnitTestResult executionId="d28907a0-63cc-48b0-b843-3e87b0e8a201" testId="2af762c8-4ad4-0eff-d09e-8ecea9088c29" testName="CleanMinimalApi.Infrastructure.Tests.Integration.Databases.MovieReviews.EntityFrameworkMovieReviewsRepositoryTests.UpdateReview_ShouldReturn_False" computerName="DESKTOP-LFUIUT3" duration="00:00:00.0692431" startTime="2025-05-31T21:53:10.1842111-05:00" endTime="2025-05-31T21:53:10.1842115-05:00" testType="13cdc9d9-ddb5-4fa4-a97d-d965ccfc6d4b" outcome="Passed" testListId="8c84fa94-04c1-424b-9868-57a2d4851a1d" relativeResultsDirectory="d28907a0-63cc-48b0-b843-3e87b0e8a201" />
    <UnitTestResult executionId="5b7b7319-74ff-4d39-b609-d71b1f372235" testId="06cff494-4b4c-6d3e-14ea-d31ac2767b78" testName="CleanMinimalApi.Infrastructure.Tests.Integration.Databases.MovieReviews.EntityFrameworkMovieReviewsRepositoryTests.UpdateReview_ShouldReturn_True" computerName="DESKTOP-LFUIUT3" duration="00:00:00.0278826" startTime="2025-05-31T21:53:10.8538641-05:00" endTime="2025-05-31T21:53:10.8538645-05:00" testType="13cdc9d9-ddb5-4fa4-a97d-d965ccfc6d4b" outcome="Passed" testListId="8c84fa94-04c1-424b-9868-57a2d4851a1d" relativeResultsDirectory="5b7b7319-74ff-4d39-b609-d71b1f372235" />
    <UnitTestResult executionId="2f61a1e3-4676-461d-b5e5-f61169d9f27e" testId="8e34f7ac-a46d-cfc7-240c-222a0437e19e" testName="CleanMinimalApi.Infrastructure.Tests.Integration.Databases.MovieReviews.EntityFrameworkMovieReviewsRepositoryTests.GetReviewById_ShouldReturn_Null" computerName="DESKTOP-LFUIUT3" duration="00:00:00.0263230" startTime="2025-05-31T21:53:10.7144595-05:00" endTime="2025-05-31T21:53:10.7144613-05:00" testType="13cdc9d9-ddb5-4fa4-a97d-d965ccfc6d4b" outcome="Passed" testListId="8c84fa94-04c1-424b-9868-57a2d4851a1d" relativeResultsDirectory="2f61a1e3-4676-461d-b5e5-f61169d9f27e" />
    <UnitTestResult executionId="c4502ba9-b5cb-4592-9769-90b762d65fac" testId="3402a946-97bf-d2a2-52f7-5fc33e7593b4" testName="CleanMinimalApi.Infrastructure.Tests.Integration.Databases.MovieReviews.EntityFrameworkMovieReviewsRepositoryTests.MovieExists_ShouldReturn_True" computerName="DESKTOP-LFUIUT3" duration="00:00:00.0010444" startTime="2025-05-31T21:53:10.7751645-05:00" endTime="2025-05-31T21:53:10.7751646-05:00" testType="13cdc9d9-ddb5-4fa4-a97d-d965ccfc6d4b" outcome="Passed" testListId="8c84fa94-04c1-424b-9868-57a2d4851a1d" relativeResultsDirectory="c4502ba9-b5cb-4592-9769-90b762d65fac" />
    <UnitTestResult executionId="7a388aa3-1866-47eb-b763-683304b76d30" testId="30302b0c-2bee-4310-3d05-779506479a46" testName="CleanMinimalApi.Infrastructure.Tests.Integration.Databases.MovieReviews.EntityFrameworkMovieReviewsRepositoryTests.GetAuthorById_ShouldReturn_Author" computerName="DESKTOP-LFUIUT3" duration="00:00:00.0300992" startTime="2025-05-31T21:53:10.6092912-05:00" endTime="2025-05-31T21:53:10.6092919-05:00" testType="13cdc9d9-ddb5-4fa4-a97d-d965ccfc6d4b" outcome="Passed" testListId="8c84fa94-04c1-424b-9868-57a2d4851a1d" relativeResultsDirectory="7a388aa3-1866-47eb-b763-683304b76d30" />
    <UnitTestResult executionId="a3163141-c259-4feb-afe0-82bfe35e0cbe" testId="1757df56-f505-f725-7441-553bc397c6fa" testName="CleanMinimalApi.Infrastructure.Tests.Integration.Databases.MovieReviews.EntityFrameworkMovieReviewsRepositoryTests.DeleteReview_ShouldReturn_True" computerName="DESKTOP-LFUIUT3" duration="00:00:00.0785007" startTime="2025-05-31T21:53:10.6879810-05:00" endTime="2025-05-31T21:53:10.6879816-05:00" testType="13cdc9d9-ddb5-4fa4-a97d-d965ccfc6d4b" outcome="Passed" testListId="8c84fa94-04c1-424b-9868-57a2d4851a1d" relativeResultsDirectory="a3163141-c259-4feb-afe0-82bfe35e0cbe" />
    <UnitTestResult executionId="5dc36511-7c1a-417a-9654-f22e88603e0e" testId="877c9c96-de3e-4fa4-0742-8528e6b73348" testName="CleanMinimalApi.Infrastructure.Tests.Integration.Databases.MovieReviews.EntityFrameworkMovieReviewsRepositoryTests.AuthorExists_ShouldReturn_True" computerName="DESKTOP-LFUIUT3" duration="00:00:00.0009869" startTime="2025-05-31T21:53:10.8258510-05:00" endTime="2025-05-31T21:53:10.8258512-05:00" testType="13cdc9d9-ddb5-4fa4-a97d-d965ccfc6d4b" outcome="Passed" testListId="8c84fa94-04c1-424b-9868-57a2d4851a1d" relativeResultsDirectory="5dc36511-7c1a-417a-9654-f22e88603e0e" />
    <UnitTestResult executionId="595abfdd-1251-4871-83c1-2b0ac08da653" testId="384b9399-0008-5443-8ec6-6f667eec6be0" testName="CleanMinimalApi.Infrastructure.Tests.Integration.Databases.MovieReviews.EntityFrameworkMovieReviewsRepositoryTests.GetAuthors_ShouldReturn_Authors" computerName="DESKTOP-LFUIUT3" duration="00:00:00.0240057" startTime="2025-05-31T21:53:10.7993193-05:00" endTime="2025-05-31T21:53:10.7993198-05:00" testType="13cdc9d9-ddb5-4fa4-a97d-d965ccfc6d4b" outcome="Passed" testListId="8c84fa94-04c1-424b-9868-57a2d4851a1d" relativeResultsDirectory="595abfdd-1251-4871-83c1-2b0ac08da653" />
    <UnitTestResult executionId="4f7515f6-692b-4117-b240-e170193b7d71" testId="cacad399-a006-30ea-7c27-388488ee4c67" testName="CleanMinimalApi.Infrastructure.Tests.Integration.Databases.MovieReviews.MovieReviewsConfigurationTests.Database_ShouldBe_Configured" computerName="DESKTOP-LFUIUT3" duration="00:00:00.0452744" startTime="2025-05-31T21:53:10.9131932-05:00" endTime="2025-05-31T21:53:10.9131936-05:00" testType="13cdc9d9-ddb5-4fa4-a97d-d965ccfc6d4b" outcome="Passed" testListId="8c84fa94-04c1-424b-9868-57a2d4851a1d" relativeResultsDirectory="4f7515f6-692b-4117-b240-e170193b7d71" />
    <UnitTestResult executionId="7dc2a723-1155-426e-a576-0cd57aa58cd9" testId="8adc4647-99f8-f90b-4091-6ced6d2368f8" testName="CleanMinimalApi.Infrastructure.Tests.Integration.Databases.MovieReviews.EntityFrameworkMovieReviewsRepositoryTests.MovieExists_ShouldReturn_False" computerName="DESKTOP-LFUIUT3" duration="00:00:00.0047341" startTime="2025-05-31T21:53:10.7396084-05:00" endTime="2025-05-31T21:53:10.7396088-05:00" testType="13cdc9d9-ddb5-4fa4-a97d-d965ccfc6d4b" outcome="Passed" testListId="8c84fa94-04c1-424b-9868-57a2d4851a1d" relativeResultsDirectory="7dc2a723-1155-426e-a576-0cd57aa58cd9" />
    <UnitTestResult executionId="374c26a8-63dc-4dd5-b097-5363668e0d99" testId="a3a30c13-7a65-9a4f-38f7-b78e52defdee" testName="CleanMinimalApi.Infrastructure.Tests.Integration.Databases.MovieReviews.EntityFrameworkMovieReviewsRepositoryTests.GetReviewById_ShouldReturn_Review" computerName="DESKTOP-LFUIUT3" duration="00:00:00.0016288" startTime="2025-05-31T21:53:10.7739838-05:00" endTime="2025-05-31T21:53:10.7739842-05:00" testType="13cdc9d9-ddb5-4fa4-a97d-d965ccfc6d4b" outcome="Passed" testListId="8c84fa94-04c1-424b-9868-57a2d4851a1d" relativeResultsDirectory="374c26a8-63dc-4dd5-b097-5363668e0d99" />
    <UnitTestResult executionId="9e769e58-9784-4f72-8d4c-736ddffff052" testId="d30cd0c8-d6d3-8f61-044b-37f3780a3352" testName="CleanMinimalApi.Infrastructure.Tests.Integration.Databases.MovieReviews.EntityFrameworkMovieReviewsRepositoryTests.GetMovieById_ShouldReturn_Null" computerName="DESKTOP-LFUIUT3" duration="00:00:00.0011167" startTime="2025-05-31T21:53:10.7230309-05:00" endTime="2025-05-31T21:53:10.7230311-05:00" testType="13cdc9d9-ddb5-4fa4-a97d-d965ccfc6d4b" outcome="Passed" testListId="8c84fa94-04c1-424b-9868-57a2d4851a1d" relativeResultsDirectory="9e769e58-9784-4f72-8d4c-736ddffff052" />
    <UnitTestResult executionId="135d65a0-89f7-422c-95e6-ada250e6725d" testId="aa5c3cad-f8b6-7906-94fb-c0cb148219de" testName="CleanMinimalApi.Infrastructure.Tests.Integration.Databases.MovieReviews.EntityFrameworkMovieReviewsRepositoryTests.AuthorExists_ShouldReturn_False" computerName="DESKTOP-LFUIUT3" duration="00:00:00.3365663" startTime="2025-05-31T21:53:10.1157508-05:00" endTime="2025-05-31T21:53:10.1157955-05:00" testType="13cdc9d9-ddb5-4fa4-a97d-d965ccfc6d4b" outcome="Passed" testListId="8c84fa94-04c1-424b-9868-57a2d4851a1d" relativeResultsDirectory="135d65a0-89f7-422c-95e6-ada250e6725d" />
    <UnitTestResult executionId="92426d66-db04-49c5-aab6-b70d7e56558a" testId="c2e50be3-9211-6d9e-395b-13f5fdad4730" testName="CleanMinimalApi.Infrastructure.Tests.Integration.Databases.MovieReviews.MappingConfigurationTests.ShouldHaveValidMappingConfiguration" computerName="DESKTOP-LFUIUT3" duration="00:00:00.0113925" startTime="2025-05-31T21:53:10.8674037-05:00" endTime="2025-05-31T21:53:10.8674041-05:00" testType="13cdc9d9-ddb5-4fa4-a97d-d965ccfc6d4b" outcome="Passed" testListId="8c84fa94-04c1-424b-9868-57a2d4851a1d" relativeResultsDirectory="92426d66-db04-49c5-aab6-b70d7e56558a" />
    <UnitTestResult executionId="31592824-1610-45db-b055-c5937a83d876" testId="657bfe7b-42aa-a327-2502-4718950d4168" testName="CleanMinimalApi.Infrastructure.Tests.Integration.Databases.MovieReviews.EntityFrameworkMovieReviewsRepositoryTests.GetAuthorById_ShouldReturn_Null" computerName="DESKTOP-LFUIUT3" duration="00:00:00.0014711" startTime="2025-05-31T21:53:10.7218049-05:00" endTime="2025-05-31T21:53:10.7218051-05:00" testType="13cdc9d9-ddb5-4fa4-a97d-d965ccfc6d4b" outcome="Passed" testListId="8c84fa94-04c1-424b-9868-57a2d4851a1d" relativeResultsDirectory="31592824-1610-45db-b055-c5937a83d876" />
    <UnitTestResult executionId="4a3c9454-d9d1-4ea1-98fd-368cd3fa2d19" testId="b3f6523c-7843-fd72-e374-c3bb70f393d8" testName="CleanMinimalApi.Infrastructure.Tests.Integration.Databases.MovieReviews.EntityFrameworkMovieReviewsRepositoryTests.ReviewExists_ShouldReturn_True" computerName="DESKTOP-LFUIUT3" duration="00:00:00.0115773" startTime="2025-05-31T21:53:10.7358692-05:00" endTime="2025-05-31T21:53:10.7358694-05:00" testType="13cdc9d9-ddb5-4fa4-a97d-d965ccfc6d4b" outcome="Passed" testListId="8c84fa94-04c1-424b-9868-57a2d4851a1d" relativeResultsDirectory="4a3c9454-d9d1-4ea1-98fd-368cd3fa2d19" />
    <UnitTestResult executionId="01426684-fb37-4b92-ab02-cf00f72732e7" testId="3e932f9a-c6c0-342d-7045-9e6b5a75bfc5" testName="CleanMinimalApi.Infrastructure.Tests.Integration.Databases.MovieReviews.EntityFrameworkMovieReviewsRepositoryTests.GetReviews_ShouldReturn_Reviews" computerName="DESKTOP-LFUIUT3" duration="00:00:00.0252884" startTime="2025-05-31T21:53:10.8247919-05:00" endTime="2025-05-31T21:53:10.8247937-05:00" testType="13cdc9d9-ddb5-4fa4-a97d-d965ccfc6d4b" outcome="Passed" testListId="8c84fa94-04c1-424b-9868-57a2d4851a1d" relativeResultsDirectory="01426684-fb37-4b92-ab02-cf00f72732e7" />
    <UnitTestResult executionId="742bfbae-bfb9-426b-a6b1-cbcabb7e4f98" testId="e2d3b5cd-3df7-30b1-62ad-b80ad061c2d0" testName="CleanMinimalApi.Infrastructure.Tests.Integration.Databases.MovieReviews.EntityFrameworkMovieReviewsRepositoryTests.DeleteReview_ShouldReturn_False" computerName="DESKTOP-LFUIUT3" duration="00:00:00.0038093" startTime="2025-05-31T21:53:10.7722160-05:00" endTime="2025-05-31T21:53:10.7722164-05:00" testType="13cdc9d9-ddb5-4fa4-a97d-d965ccfc6d4b" outcome="Passed" testListId="8c84fa94-04c1-424b-9868-57a2d4851a1d" relativeResultsDirectory="742bfbae-bfb9-426b-a6b1-cbcabb7e4f98" />
  </Results>
  <TestDefinitions>
    <UnitTest name="CleanMinimalApi.Infrastructure.Tests.Integration.Databases.MovieReviews.EntityFrameworkMovieReviewsRepositoryTests.CreateReview_ShouldReturn_NewReviews" storage="d:\unidaddocumentos\jose\cursos\azure_ia\netclean\minimalapinet8\tests\infrastructure.tests.integration\bin\debug\net8.0\infrastructure.tests.integration.dll" id="fa3fa632-7521-11af-47ce-6b5cf6b69b73">
      <Execution id="e89a056d-9c4c-4579-9af3-4e81f69c6d20" />
      <TestMethod codeBase="D:\UnidadDocumentos\jose\CURSOS\AZURE_IA\netClean\minimalapinet8\tests\Infrastructure.Tests.Integration\bin\Debug\net8.0\Infrastructure.Tests.Integration.dll" adapterTypeName="executor://xunit/VsTestRunner2/netcoreapp" className="CleanMinimalApi.Infrastructure.Tests.Integration.Databases.MovieReviews.EntityFrameworkMovieReviewsRepositoryTests" name="CreateReview_ShouldReturn_NewReviews" />
    </UnitTest>
    <UnitTest name="CleanMinimalApi.Infrastructure.Tests.Integration.Databases.MovieReviews.EntityFrameworkMovieReviewsRepositoryTests.UpdateReview_ShouldReturn_False" storage="d:\unidaddocumentos\jose\cursos\azure_ia\netclean\minimalapinet8\tests\infrastructure.tests.integration\bin\debug\net8.0\infrastructure.tests.integration.dll" id="2af762c8-4ad4-0eff-d09e-8ecea9088c29">
      <Execution id="d28907a0-63cc-48b0-b843-3e87b0e8a201" />
      <TestMethod codeBase="D:\UnidadDocumentos\jose\CURSOS\AZURE_IA\netClean\minimalapinet8\tests\Infrastructure.Tests.Integration\bin\Debug\net8.0\Infrastructure.Tests.Integration.dll" adapterTypeName="executor://xunit/VsTestRunner2/netcoreapp" className="CleanMinimalApi.Infrastructure.Tests.Integration.Databases.MovieReviews.EntityFrameworkMovieReviewsRepositoryTests" name="UpdateReview_ShouldReturn_False" />
    </UnitTest>
    <UnitTest name="CleanMinimalApi.Infrastructure.Tests.Integration.Databases.MovieReviews.EntityFrameworkMovieReviewsRepositoryTests.GetAuthors_ShouldReturn_Authors" storage="d:\unidaddocumentos\jose\cursos\azure_ia\netclean\minimalapinet8\tests\infrastructure.tests.integration\bin\debug\net8.0\infrastructure.tests.integration.dll" id="384b9399-0008-5443-8ec6-6f667eec6be0">
      <Execution id="595abfdd-1251-4871-83c1-2b0ac08da653" />
      <TestMethod codeBase="D:\UnidadDocumentos\jose\CURSOS\AZURE_IA\netClean\minimalapinet8\tests\Infrastructure.Tests.Integration\bin\Debug\net8.0\Infrastructure.Tests.Integration.dll" adapterTypeName="executor://xunit/VsTestRunner2/netcoreapp" className="CleanMinimalApi.Infrastructure.Tests.Integration.Databases.MovieReviews.EntityFrameworkMovieReviewsRepositoryTests" name="GetAuthors_ShouldReturn_Authors" />
    </UnitTest>
    <UnitTest name="CleanMinimalApi.Infrastructure.Tests.Integration.Databases.MovieReviews.EntityFrameworkMovieReviewsRepositoryTests.DeleteReview_ShouldReturn_False" storage="d:\unidaddocumentos\jose\cursos\azure_ia\netclean\minimalapinet8\tests\infrastructure.tests.integration\bin\debug\net8.0\infrastructure.tests.integration.dll" id="e2d3b5cd-3df7-30b1-62ad-b80ad061c2d0">
      <Execution id="742bfbae-bfb9-426b-a6b1-cbcabb7e4f98" />
      <TestMethod codeBase="D:\UnidadDocumentos\jose\CURSOS\AZURE_IA\netClean\minimalapinet8\tests\Infrastructure.Tests.Integration\bin\Debug\net8.0\Infrastructure.Tests.Integration.dll" adapterTypeName="executor://xunit/VsTestRunner2/netcoreapp" className="CleanMinimalApi.Infrastructure.Tests.Integration.Databases.MovieReviews.EntityFrameworkMovieReviewsRepositoryTests" name="DeleteReview_ShouldReturn_False" />
    </UnitTest>
    <UnitTest name="CleanMinimalApi.Infrastructure.Tests.Integration.Databases.MovieReviews.EntityFrameworkMovieReviewsRepositoryTests.GetAuthorById_ShouldReturn_Author" storage="d:\unidaddocumentos\jose\cursos\azure_ia\netclean\minimalapinet8\tests\infrastructure.tests.integration\bin\debug\net8.0\infrastructure.tests.integration.dll" id="30302b0c-2bee-4310-3d05-779506479a46">
      <Execution id="7a388aa3-1866-47eb-b763-683304b76d30" />
      <TestMethod codeBase="D:\UnidadDocumentos\jose\CURSOS\AZURE_IA\netClean\minimalapinet8\tests\Infrastructure.Tests.Integration\bin\Debug\net8.0\Infrastructure.Tests.Integration.dll" adapterTypeName="executor://xunit/VsTestRunner2/netcoreapp" className="CleanMinimalApi.Infrastructure.Tests.Integration.Databases.MovieReviews.EntityFrameworkMovieReviewsRepositoryTests" name="GetAuthorById_ShouldReturn_Author" />
    </UnitTest>
    <UnitTest name="CleanMinimalApi.Infrastructure.Tests.Integration.Databases.MovieReviews.EntityFrameworkMovieReviewsRepositoryTests.ReviewExists_ShouldReturn_False" storage="d:\unidaddocumentos\jose\cursos\azure_ia\netclean\minimalapinet8\tests\infrastructure.tests.integration\bin\debug\net8.0\infrastructure.tests.integration.dll" id="c10d8627-91ab-61ba-59fa-1633a784cc7c">
      <Execution id="8a5dfbf7-126e-4ee8-bb0f-5a7c81982fc7" />
      <TestMethod codeBase="D:\UnidadDocumentos\jose\CURSOS\AZURE_IA\netClean\minimalapinet8\tests\Infrastructure.Tests.Integration\bin\Debug\net8.0\Infrastructure.Tests.Integration.dll" adapterTypeName="executor://xunit/VsTestRunner2/netcoreapp" className="CleanMinimalApi.Infrastructure.Tests.Integration.Databases.MovieReviews.EntityFrameworkMovieReviewsRepositoryTests" name="ReviewExists_ShouldReturn_False" />
    </UnitTest>
    <UnitTest name="CleanMinimalApi.Infrastructure.Tests.Integration.Databases.MovieReviews.EntityFrameworkMovieReviewsRepositoryTests.UpdateReview_ShouldReturn_True" storage="d:\unidaddocumentos\jose\cursos\azure_ia\netclean\minimalapinet8\tests\infrastructure.tests.integration\bin\debug\net8.0\infrastructure.tests.integration.dll" id="06cff494-4b4c-6d3e-14ea-d31ac2767b78">
      <Execution id="5b7b7319-74ff-4d39-b609-d71b1f372235" />
      <TestMethod codeBase="D:\UnidadDocumentos\jose\CURSOS\AZURE_IA\netClean\minimalapinet8\tests\Infrastructure.Tests.Integration\bin\Debug\net8.0\Infrastructure.Tests.Integration.dll" adapterTypeName="executor://xunit/VsTestRunner2/netcoreapp" className="CleanMinimalApi.Infrastructure.Tests.Integration.Databases.MovieReviews.EntityFrameworkMovieReviewsRepositoryTests" name="UpdateReview_ShouldReturn_True" />
    </UnitTest>
    <UnitTest name="CleanMinimalApi.Infrastructure.Tests.Integration.Databases.MovieReviews.EntityFrameworkMovieReviewsRepositoryTests.GetReviewById_ShouldReturn_Review" storage="d:\unidaddocumentos\jose\cursos\azure_ia\netclean\minimalapinet8\tests\infrastructure.tests.integration\bin\debug\net8.0\infrastructure.tests.integration.dll" id="a3a30c13-7a65-9a4f-38f7-b78e52defdee">
      <Execution id="374c26a8-63dc-4dd5-b097-5363668e0d99" />
      <TestMethod codeBase="D:\UnidadDocumentos\jose\CURSOS\AZURE_IA\netClean\minimalapinet8\tests\Infrastructure.Tests.Integration\bin\Debug\net8.0\Infrastructure.Tests.Integration.dll" adapterTypeName="executor://xunit/VsTestRunner2/netcoreapp" className="CleanMinimalApi.Infrastructure.Tests.Integration.Databases.MovieReviews.EntityFrameworkMovieReviewsRepositoryTests" name="GetReviewById_ShouldReturn_Review" />
    </UnitTest>
    <UnitTest name="CleanMinimalApi.Infrastructure.Tests.Integration.Databases.MovieReviews.EntityFrameworkMovieReviewsRepositoryTests.AuthorExists_ShouldReturn_True" storage="d:\unidaddocumentos\jose\cursos\azure_ia\netclean\minimalapinet8\tests\infrastructure.tests.integration\bin\debug\net8.0\infrastructure.tests.integration.dll" id="877c9c96-de3e-4fa4-0742-8528e6b73348">
      <Execution id="5dc36511-7c1a-417a-9654-f22e88603e0e" />
      <TestMethod codeBase="D:\UnidadDocumentos\jose\CURSOS\AZURE_IA\netClean\minimalapinet8\tests\Infrastructure.Tests.Integration\bin\Debug\net8.0\Infrastructure.Tests.Integration.dll" adapterTypeName="executor://xunit/VsTestRunner2/netcoreapp" className="CleanMinimalApi.Infrastructure.Tests.Integration.Databases.MovieReviews.EntityFrameworkMovieReviewsRepositoryTests" name="AuthorExists_ShouldReturn_True" />
    </UnitTest>
    <UnitTest name="CleanMinimalApi.Infrastructure.Tests.Integration.Databases.MovieReviews.EntityFrameworkMovieReviewsRepositoryTests.AuthorExists_ShouldReturn_False" storage="d:\unidaddocumentos\jose\cursos\azure_ia\netclean\minimalapinet8\tests\infrastructure.tests.integration\bin\debug\net8.0\infrastructure.tests.integration.dll" id="aa5c3cad-f8b6-7906-94fb-c0cb148219de">
      <Execution id="135d65a0-89f7-422c-95e6-ada250e6725d" />
      <TestMethod codeBase="D:\UnidadDocumentos\jose\CURSOS\AZURE_IA\netClean\minimalapinet8\tests\Infrastructure.Tests.Integration\bin\Debug\net8.0\Infrastructure.Tests.Integration.dll" adapterTypeName="executor://xunit/VsTestRunner2/netcoreapp" className="CleanMinimalApi.Infrastructure.Tests.Integration.Databases.MovieReviews.EntityFrameworkMovieReviewsRepositoryTests" name="AuthorExists_ShouldReturn_False" />
    </UnitTest>
    <UnitTest name="CleanMinimalApi.Infrastructure.Tests.Integration.Databases.MovieReviews.EntityFrameworkMovieReviewsRepositoryTests.GetMovies_ShouldReturn_Movies" storage="d:\unidaddocumentos\jose\cursos\azure_ia\netclean\minimalapinet8\tests\infrastructure.tests.integration\bin\debug\net8.0\infrastructure.tests.integration.dll" id="06034333-7a93-017a-38b7-0142616d32b2">
      <Execution id="7c1596c2-c6bb-4b6e-b39f-dde76805b796" />
      <TestMethod codeBase="D:\UnidadDocumentos\jose\CURSOS\AZURE_IA\netClean\minimalapinet8\tests\Infrastructure.Tests.Integration\bin\Debug\net8.0\Infrastructure.Tests.Integration.dll" adapterTypeName="executor://xunit/VsTestRunner2/netcoreapp" className="CleanMinimalApi.Infrastructure.Tests.Integration.Databases.MovieReviews.EntityFrameworkMovieReviewsRepositoryTests" name="GetMovies_ShouldReturn_Movies" />
    </UnitTest>
    <UnitTest name="CleanMinimalApi.Infrastructure.Tests.Integration.Databases.MovieReviews.EntityFrameworkMovieReviewsRepositoryTests.GetMovieById_ShouldReturn_Null" storage="d:\unidaddocumentos\jose\cursos\azure_ia\netclean\minimalapinet8\tests\infrastructure.tests.integration\bin\debug\net8.0\infrastructure.tests.integration.dll" id="d30cd0c8-d6d3-8f61-044b-37f3780a3352">
      <Execution id="9e769e58-9784-4f72-8d4c-736ddffff052" />
      <TestMethod codeBase="D:\UnidadDocumentos\jose\CURSOS\AZURE_IA\netClean\minimalapinet8\tests\Infrastructure.Tests.Integration\bin\Debug\net8.0\Infrastructure.Tests.Integration.dll" adapterTypeName="executor://xunit/VsTestRunner2/netcoreapp" className="CleanMinimalApi.Infrastructure.Tests.Integration.Databases.MovieReviews.EntityFrameworkMovieReviewsRepositoryTests" name="GetMovieById_ShouldReturn_Null" />
    </UnitTest>
    <UnitTest name="CleanMinimalApi.Infrastructure.Tests.Integration.Databases.MovieReviews.EntityFrameworkMovieReviewsRepositoryTests.GetAuthorById_ShouldReturn_Null" storage="d:\unidaddocumentos\jose\cursos\azure_ia\netclean\minimalapinet8\tests\infrastructure.tests.integration\bin\debug\net8.0\infrastructure.tests.integration.dll" id="657bfe7b-42aa-a327-2502-4718950d4168">
      <Execution id="31592824-1610-45db-b055-c5937a83d876" />
      <TestMethod codeBase="D:\UnidadDocumentos\jose\CURSOS\AZURE_IA\netClean\minimalapinet8\tests\Infrastructure.Tests.Integration\bin\Debug\net8.0\Infrastructure.Tests.Integration.dll" adapterTypeName="executor://xunit/VsTestRunner2/netcoreapp" className="CleanMinimalApi.Infrastructure.Tests.Integration.Databases.MovieReviews.EntityFrameworkMovieReviewsRepositoryTests" name="GetAuthorById_ShouldReturn_Null" />
    </UnitTest>
    <UnitTest name="CleanMinimalApi.Infrastructure.Tests.Integration.Databases.MovieReviews.EntityFrameworkMovieReviewsRepositoryTests.ReviewExists_ShouldReturn_True" storage="d:\unidaddocumentos\jose\cursos\azure_ia\netclean\minimalapinet8\tests\infrastructure.tests.integration\bin\debug\net8.0\infrastructure.tests.integration.dll" id="b3f6523c-7843-fd72-e374-c3bb70f393d8">
      <Execution id="4a3c9454-d9d1-4ea1-98fd-368cd3fa2d19" />
      <TestMethod codeBase="D:\UnidadDocumentos\jose\CURSOS\AZURE_IA\netClean\minimalapinet8\tests\Infrastructure.Tests.Integration\bin\Debug\net8.0\Infrastructure.Tests.Integration.dll" adapterTypeName="executor://xunit/VsTestRunner2/netcoreapp" className="CleanMinimalApi.Infrastructure.Tests.Integration.Databases.MovieReviews.EntityFrameworkMovieReviewsRepositoryTests" name="ReviewExists_ShouldReturn_True" />
    </UnitTest>
    <UnitTest name="CleanMinimalApi.Infrastructure.Tests.Integration.Databases.MovieReviews.MovieReviewsConfigurationTests.Database_ShouldBe_Configured" storage="d:\unidaddocumentos\jose\cursos\azure_ia\netclean\minimalapinet8\tests\infrastructure.tests.integration\bin\debug\net8.0\infrastructure.tests.integration.dll" id="cacad399-a006-30ea-7c27-388488ee4c67">
      <Execution id="4f7515f6-692b-4117-b240-e170193b7d71" />
      <TestMethod codeBase="D:\UnidadDocumentos\jose\CURSOS\AZURE_IA\netClean\minimalapinet8\tests\Infrastructure.Tests.Integration\bin\Debug\net8.0\Infrastructure.Tests.Integration.dll" adapterTypeName="executor://xunit/VsTestRunner2/netcoreapp" className="CleanMinimalApi.Infrastructure.Tests.Integration.Databases.MovieReviews.MovieReviewsConfigurationTests" name="Database_ShouldBe_Configured" />
    </UnitTest>
    <UnitTest name="CleanMinimalApi.Infrastructure.Tests.Integration.Databases.MovieReviews.MappingConfigurationTests.ShouldHaveValidMappingConfiguration" storage="d:\unidaddocumentos\jose\cursos\azure_ia\netclean\minimalapinet8\tests\infrastructure.tests.integration\bin\debug\net8.0\infrastructure.tests.integration.dll" id="c2e50be3-9211-6d9e-395b-13f5fdad4730">
      <Execution id="92426d66-db04-49c5-aab6-b70d7e56558a" />
      <TestMethod codeBase="D:\UnidadDocumentos\jose\CURSOS\AZURE_IA\netClean\minimalapinet8\tests\Infrastructure.Tests.Integration\bin\Debug\net8.0\Infrastructure.Tests.Integration.dll" adapterTypeName="executor://xunit/VsTestRunner2/netcoreapp" className="CleanMinimalApi.Infrastructure.Tests.Integration.Databases.MovieReviews.MappingConfigurationTests" name="ShouldHaveValidMappingConfiguration" />
    </UnitTest>
    <UnitTest name="CleanMinimalApi.Infrastructure.Tests.Integration.Databases.MovieReviews.EntityFrameworkMovieReviewsRepositoryTests.GetMovieById_ShouldReturn_Movie" storage="d:\unidaddocumentos\jose\cursos\azure_ia\netclean\minimalapinet8\tests\infrastructure.tests.integration\bin\debug\net8.0\infrastructure.tests.integration.dll" id="8a85830e-082f-d454-62a0-51a89d016b32">
      <Execution id="236d9fba-9f57-4abe-b734-9d753ddd3d7c" />
      <TestMethod codeBase="D:\UnidadDocumentos\jose\CURSOS\AZURE_IA\netClean\minimalapinet8\tests\Infrastructure.Tests.Integration\bin\Debug\net8.0\Infrastructure.Tests.Integration.dll" adapterTypeName="executor://xunit/VsTestRunner2/netcoreapp" className="CleanMinimalApi.Infrastructure.Tests.Integration.Databases.MovieReviews.EntityFrameworkMovieReviewsRepositoryTests" name="GetMovieById_ShouldReturn_Movie" />
    </UnitTest>
    <UnitTest name="CleanMinimalApi.Infrastructure.Tests.Integration.Databases.MovieReviews.EntityFrameworkMovieReviewsRepositoryTests.MovieExists_ShouldReturn_False" storage="d:\unidaddocumentos\jose\cursos\azure_ia\netclean\minimalapinet8\tests\infrastructure.tests.integration\bin\debug\net8.0\infrastructure.tests.integration.dll" id="8adc4647-99f8-f90b-4091-6ced6d2368f8">
      <Execution id="7dc2a723-1155-426e-a576-0cd57aa58cd9" />
      <TestMethod codeBase="D:\UnidadDocumentos\jose\CURSOS\AZURE_IA\netClean\minimalapinet8\tests\Infrastructure.Tests.Integration\bin\Debug\net8.0\Infrastructure.Tests.Integration.dll" adapterTypeName="executor://xunit/VsTestRunner2/netcoreapp" className="CleanMinimalApi.Infrastructure.Tests.Integration.Databases.MovieReviews.EntityFrameworkMovieReviewsRepositoryTests" name="MovieExists_ShouldReturn_False" />
    </UnitTest>
    <UnitTest name="CleanMinimalApi.Infrastructure.Tests.Integration.Databases.MovieReviews.EntityFrameworkMovieReviewsRepositoryTests.MovieExists_ShouldReturn_True" storage="d:\unidaddocumentos\jose\cursos\azure_ia\netclean\minimalapinet8\tests\infrastructure.tests.integration\bin\debug\net8.0\infrastructure.tests.integration.dll" id="3402a946-97bf-d2a2-52f7-5fc33e7593b4">
      <Execution id="c4502ba9-b5cb-4592-9769-90b762d65fac" />
      <TestMethod codeBase="D:\UnidadDocumentos\jose\CURSOS\AZURE_IA\netClean\minimalapinet8\tests\Infrastructure.Tests.Integration\bin\Debug\net8.0\Infrastructure.Tests.Integration.dll" adapterTypeName="executor://xunit/VsTestRunner2/netcoreapp" className="CleanMinimalApi.Infrastructure.Tests.Integration.Databases.MovieReviews.EntityFrameworkMovieReviewsRepositoryTests" name="MovieExists_ShouldReturn_True" />
    </UnitTest>
    <UnitTest name="CleanMinimalApi.Infrastructure.Tests.Integration.Databases.MovieReviews.EntityFrameworkMovieReviewsRepositoryTests.DeleteReview_ShouldReturn_True" storage="d:\unidaddocumentos\jose\cursos\azure_ia\netclean\minimalapinet8\tests\infrastructure.tests.integration\bin\debug\net8.0\infrastructure.tests.integration.dll" id="1757df56-f505-f725-7441-553bc397c6fa">
      <Execution id="a3163141-c259-4feb-afe0-82bfe35e0cbe" />
      <TestMethod codeBase="D:\UnidadDocumentos\jose\CURSOS\AZURE_IA\netClean\minimalapinet8\tests\Infrastructure.Tests.Integration\bin\Debug\net8.0\Infrastructure.Tests.Integration.dll" adapterTypeName="executor://xunit/VsTestRunner2/netcoreapp" className="CleanMinimalApi.Infrastructure.Tests.Integration.Databases.MovieReviews.EntityFrameworkMovieReviewsRepositoryTests" name="DeleteReview_ShouldReturn_True" />
    </UnitTest>
    <UnitTest name="CleanMinimalApi.Infrastructure.Tests.Integration.Databases.MovieReviews.EntityFrameworkMovieReviewsRepositoryTests.GetReviewById_ShouldReturn_Null" storage="d:\unidaddocumentos\jose\cursos\azure_ia\netclean\minimalapinet8\tests\infrastructure.tests.integration\bin\debug\net8.0\infrastructure.tests.integration.dll" id="8e34f7ac-a46d-cfc7-240c-222a0437e19e">
      <Execution id="2f61a1e3-4676-461d-b5e5-f61169d9f27e" />
      <TestMethod codeBase="D:\UnidadDocumentos\jose\CURSOS\AZURE_IA\netClean\minimalapinet8\tests\Infrastructure.Tests.Integration\bin\Debug\net8.0\Infrastructure.Tests.Integration.dll" adapterTypeName="executor://xunit/VsTestRunner2/netcoreapp" className="CleanMinimalApi.Infrastructure.Tests.Integration.Databases.MovieReviews.EntityFrameworkMovieReviewsRepositoryTests" name="GetReviewById_ShouldReturn_Null" />
    </UnitTest>
    <UnitTest name="CleanMinimalApi.Infrastructure.Tests.Integration.Databases.MovieReviews.EntityFrameworkMovieReviewsRepositoryTests.GetReviews_ShouldReturn_Reviews" storage="d:\unidaddocumentos\jose\cursos\azure_ia\netclean\minimalapinet8\tests\infrastructure.tests.integration\bin\debug\net8.0\infrastructure.tests.integration.dll" id="3e932f9a-c6c0-342d-7045-9e6b5a75bfc5">
      <Execution id="01426684-fb37-4b92-ab02-cf00f72732e7" />
      <TestMethod codeBase="D:\UnidadDocumentos\jose\CURSOS\AZURE_IA\netClean\minimalapinet8\tests\Infrastructure.Tests.Integration\bin\Debug\net8.0\Infrastructure.Tests.Integration.dll" adapterTypeName="executor://xunit/VsTestRunner2/netcoreapp" className="CleanMinimalApi.Infrastructure.Tests.Integration.Databases.MovieReviews.EntityFrameworkMovieReviewsRepositoryTests" name="GetReviews_ShouldReturn_Reviews" />
    </UnitTest>
  </TestDefinitions>
  <TestEntries>
    <TestEntry testId="c10d8627-91ab-61ba-59fa-1633a784cc7c" executionId="8a5dfbf7-126e-4ee8-bb0f-5a7c81982fc7" testListId="8c84fa94-04c1-424b-9868-57a2d4851a1d" />
    <TestEntry testId="8a85830e-082f-d454-62a0-51a89d016b32" executionId="236d9fba-9f57-4abe-b734-9d753ddd3d7c" testListId="8c84fa94-04c1-424b-9868-57a2d4851a1d" />
    <TestEntry testId="fa3fa632-7521-11af-47ce-6b5cf6b69b73" executionId="e89a056d-9c4c-4579-9af3-4e81f69c6d20" testListId="8c84fa94-04c1-424b-9868-57a2d4851a1d" />
    <TestEntry testId="06034333-7a93-017a-38b7-0142616d32b2" executionId="7c1596c2-c6bb-4b6e-b39f-dde76805b796" testListId="8c84fa94-04c1-424b-9868-57a2d4851a1d" />
    <TestEntry testId="2af762c8-4ad4-0eff-d09e-8ecea9088c29" executionId="d28907a0-63cc-48b0-b843-3e87b0e8a201" testListId="8c84fa94-04c1-424b-9868-57a2d4851a1d" />
    <TestEntry testId="06cff494-4b4c-6d3e-14ea-d31ac2767b78" executionId="5b7b7319-74ff-4d39-b609-d71b1f372235" testListId="8c84fa94-04c1-424b-9868-57a2d4851a1d" />
    <TestEntry testId="8e34f7ac-a46d-cfc7-240c-222a0437e19e" executionId="2f61a1e3-4676-461d-b5e5-f61169d9f27e" testListId="8c84fa94-04c1-424b-9868-57a2d4851a1d" />
    <TestEntry testId="3402a946-97bf-d2a2-52f7-5fc33e7593b4" executionId="c4502ba9-b5cb-4592-9769-90b762d65fac" testListId="8c84fa94-04c1-424b-9868-57a2d4851a1d" />
    <TestEntry testId="30302b0c-2bee-4310-3d05-779506479a46" executionId="7a388aa3-1866-47eb-b763-683304b76d30" testListId="8c84fa94-04c1-424b-9868-57a2d4851a1d" />
    <TestEntry testId="1757df56-f505-f725-7441-553bc397c6fa" executionId="a3163141-c259-4feb-afe0-82bfe35e0cbe" testListId="8c84fa94-04c1-424b-9868-57a2d4851a1d" />
    <TestEntry testId="877c9c96-de3e-4fa4-0742-8528e6b73348" executionId="5dc36511-7c1a-417a-9654-f22e88603e0e" testListId="8c84fa94-04c1-424b-9868-57a2d4851a1d" />
    <TestEntry testId="384b9399-0008-5443-8ec6-6f667eec6be0" executionId="595abfdd-1251-4871-83c1-2b0ac08da653" testListId="8c84fa94-04c1-424b-9868-57a2d4851a1d" />
    <TestEntry testId="cacad399-a006-30ea-7c27-388488ee4c67" executionId="4f7515f6-692b-4117-b240-e170193b7d71" testListId="8c84fa94-04c1-424b-9868-57a2d4851a1d" />
    <TestEntry testId="8adc4647-99f8-f90b-4091-6ced6d2368f8" executionId="7dc2a723-1155-426e-a576-0cd57aa58cd9" testListId="8c84fa94-04c1-424b-9868-57a2d4851a1d" />
    <TestEntry testId="a3a30c13-7a65-9a4f-38f7-b78e52defdee" executionId="374c26a8-63dc-4dd5-b097-5363668e0d99" testListId="8c84fa94-04c1-424b-9868-57a2d4851a1d" />
    <TestEntry testId="d30cd0c8-d6d3-8f61-044b-37f3780a3352" executionId="9e769e58-9784-4f72-8d4c-736ddffff052" testListId="8c84fa94-04c1-424b-9868-57a2d4851a1d" />
    <TestEntry testId="aa5c3cad-f8b6-7906-94fb-c0cb148219de" executionId="135d65a0-89f7-422c-95e6-ada250e6725d" testListId="8c84fa94-04c1-424b-9868-57a2d4851a1d" />
    <TestEntry testId="c2e50be3-9211-6d9e-395b-13f5fdad4730" executionId="92426d66-db04-49c5-aab6-b70d7e56558a" testListId="8c84fa94-04c1-424b-9868-57a2d4851a1d" />
    <TestEntry testId="657bfe7b-42aa-a327-2502-4718950d4168" executionId="31592824-1610-45db-b055-c5937a83d876" testListId="8c84fa94-04c1-424b-9868-57a2d4851a1d" />
    <TestEntry testId="b3f6523c-7843-fd72-e374-c3bb70f393d8" executionId="4a3c9454-d9d1-4ea1-98fd-368cd3fa2d19" testListId="8c84fa94-04c1-424b-9868-57a2d4851a1d" />
    <TestEntry testId="3e932f9a-c6c0-342d-7045-9e6b5a75bfc5" executionId="01426684-fb37-4b92-ab02-cf00f72732e7" testListId="8c84fa94-04c1-424b-9868-57a2d4851a1d" />
    <TestEntry testId="e2d3b5cd-3df7-30b1-62ad-b80ad061c2d0" executionId="742bfbae-bfb9-426b-a6b1-cbcabb7e4f98" testListId="8c84fa94-04c1-424b-9868-57a2d4851a1d" />
  </TestEntries>
  <TestLists>
    <TestList name="Resultados sin formato de lista" id="8c84fa94-04c1-424b-9868-57a2d4851a1d" />
    <TestList name="Todos los resultados cargados" id="19431567-8539-422a-85d7-44ee4e166bda" />
  </TestLists>
  <ResultSummary outcome="Completed">
    <Counters total="22" executed="22" passed="22" failed="0" error="0" timeout="0" aborted="0" inconclusive="0" passedButRunAborted="0" notRunnable="0" notExecuted="0" disconnected="0" warning="0" completed="0" inProgress="0" pending="0" />
    <Output>
      <StdOut>[xUnit.net 00:00:00.00] xUnit.net VSTest Adapter v2.8.2+699d445a1a (64-bit .NET 8.0.11)&#xD;
[xUnit.net 00:00:00.91]   Discovering: Infrastructure.Tests.Integration&#xD;
[xUnit.net 00:00:00.95]   Discovered:  Infrastructure.Tests.Integration&#xD;
[xUnit.net 00:00:00.96]   Starting:    Infrastructure.Tests.Integration&#xD;
[xUnit.net 00:00:06.23]   Finished:    Infrastructure.Tests.Integration&#xD;
</StdOut>
    </Output>
  </ResultSummary>
</TestRun>