<?xml version="1.0" encoding="utf-8"?>
<TestRun id="2ad19edf-4fd5-4b13-95b7-fc8df4199675" name="jlmil@DESKTOP-LFUIUT3 2025-05-31 21:53:44" runUser="DESKTOP-LFUIUT3\jlmil" xmlns="http://microsoft.com/schemas/VisualStudio/TeamTest/2010">
  <Times creation="2025-05-31T21:53:44.7611203-05:00" queuing="2025-05-31T21:53:44.7611207-05:00" start="2025-05-31T21:53:40.9847962-05:00" finish="2025-05-31T21:53:45.7992149-05:00" />
  <TestSettings name="default" id="dbe6a9d4-2ea6-48a8-b16b-c4f32a7a15ed">
    <Deployment runDeploymentRoot="jlmil_DESKTOP-LFUIUT3_2025-05-31_21_53_44" />
  </TestSettings>
  <Results>
    <UnitTestResult executionId="a080d626-0dbf-4f0a-a1fd-cabdfc3a88f8" testId="4a9cb04d-6864-9c66-763c-10bc009c9bd7" testName="CleanMinimalApi.Presentation.Tests.Unit.Validators.UpdateReviewValidatorTests.Validator_ShouldNotHaveValidationErrorFor_ReviewAuthorId(stars: 3)" computerName="DESKTOP-LFUIUT3" duration="00:00:00.2969775" startTime="2025-05-31T21:53:44.6807739-05:00" endTime="2025-05-31T21:53:44.6807740-05:00" testType="13cdc9d9-ddb5-4fa4-a97d-d965ccfc6d4b" outcome="Passed" testListId="8c84fa94-04c1-424b-9868-57a2d4851a1d" relativeResultsDirectory="a080d626-0dbf-4f0a-a1fd-cabdfc3a88f8" />
    <UnitTestResult executionId="ad77723e-9f96-47ee-867b-e23f50e8024c" testId="b677c62c-c8f0-60b0-45a5-4e0e7f94cd43" testName="CleanMinimalApi.Presentation.Tests.Unit.Validators.UpdateReviewValidatorTests.Validator_ShouldNotHaveValidationErrorFor_ReviewAuthorId(stars: 1)" computerName="DESKTOP-LFUIUT3" duration="00:00:00.0000563" startTime="2025-05-31T21:53:44.7210892-05:00" endTime="2025-05-31T21:53:44.7210892-05:00" testType="13cdc9d9-ddb5-4fa4-a97d-d965ccfc6d4b" outcome="Passed" testListId="8c84fa94-04c1-424b-9868-57a2d4851a1d" relativeResultsDirectory="ad77723e-9f96-47ee-867b-e23f50e8024c" />
    <UnitTestResult executionId="76147b3e-35f2-46d5-a13a-85fc899548bb" testId="9647d8e3-d068-f9d4-46df-5fb6d1b89a50" testName="CleanMinimalApi.Presentation.Tests.Unit.Endpoints.MovieEndpointTests.GetMovieById_ShouldReturn_NotFound" computerName="DESKTOP-LFUIUT3" duration="00:00:00.0032686" startTime="2025-05-31T21:53:45.6003355-05:00" endTime="2025-05-31T21:53:45.6003356-05:00" testType="13cdc9d9-ddb5-4fa4-a97d-d965ccfc6d4b" outcome="Passed" testListId="8c84fa94-04c1-424b-9868-57a2d4851a1d" relativeResultsDirectory="76147b3e-35f2-46d5-a13a-85fc899548bb" />
    <UnitTestResult executionId="ab943d1a-29de-411a-8ead-0a42f1f32aa2" testId="e185b375-2a2e-7f4f-8934-374db878c249" testName="CleanMinimalApi.Presentation.Tests.Unit.Endpoints.ReviewEndpointTests.GetReviews_ShouldReturn_Problem" computerName="DESKTOP-LFUIUT3" duration="00:00:00.0024193" startTime="2025-05-31T21:53:45.6001298-05:00" endTime="2025-05-31T21:53:45.6001303-05:00" testType="13cdc9d9-ddb5-4fa4-a97d-d965ccfc6d4b" outcome="Passed" testListId="8c84fa94-04c1-424b-9868-57a2d4851a1d" relativeResultsDirectory="ab943d1a-29de-411a-8ead-0a42f1f32aa2" />
    <UnitTestResult executionId="f0c37010-bda2-4607-aff2-b841ad55b84f" testId="3abf3893-39cb-2846-5249-3bd5d9c3ce2c" testName="CleanMinimalApi.Presentation.Tests.Unit.Validators.CreateReviewValidatorTests.Validator_ShouldHaveValidationErrorFor_Stars(stars: 100)" computerName="DESKTOP-LFUIUT3" duration="00:00:00.0001299" startTime="2025-05-31T21:53:44.8555284-05:00" endTime="2025-05-31T21:53:44.8555285-05:00" testType="13cdc9d9-ddb5-4fa4-a97d-d965ccfc6d4b" outcome="Passed" testListId="8c84fa94-04c1-424b-9868-57a2d4851a1d" relativeResultsDirectory="f0c37010-bda2-4607-aff2-b841ad55b84f" />
    <UnitTestResult executionId="797f4f93-5854-4eb7-a8d4-9f32f1653ea8" testId="18e531c6-b89a-cea6-4e8c-d0ab16d3e329" testName="CleanMinimalApi.Presentation.Tests.Unit.Endpoints.ReviewEndpointTests.CreateReview_ShouldReturn_Problem" computerName="DESKTOP-LFUIUT3" duration="00:00:00.0949193" startTime="2025-05-31T21:53:45.7197698-05:00" endTime="2025-05-31T21:53:45.7197703-05:00" testType="13cdc9d9-ddb5-4fa4-a97d-d965ccfc6d4b" outcome="Passed" testListId="8c84fa94-04c1-424b-9868-57a2d4851a1d" relativeResultsDirectory="797f4f93-5854-4eb7-a8d4-9f32f1653ea8" />
    <UnitTestResult executionId="d69753b2-4c25-441d-bed2-642b223295fd" testId="4caaf6fa-c57f-ef8c-9049-a8fe65384ad6" testName="CleanMinimalApi.Presentation.Tests.Unit.Endpoints.ReviewEndpointTests.GetReviewById_ShouldReturn_Ok" computerName="DESKTOP-LFUIUT3" duration="00:00:00.0016746" startTime="2025-05-31T21:53:45.6136193-05:00" endTime="2025-05-31T21:53:45.6136195-05:00" testType="13cdc9d9-ddb5-4fa4-a97d-d965ccfc6d4b" outcome="Passed" testListId="8c84fa94-04c1-424b-9868-57a2d4851a1d" relativeResultsDirectory="d69753b2-4c25-441d-bed2-642b223295fd" />
    <UnitTestResult executionId="908f036c-71d0-4c5f-b421-b96d0aedf122" testId="56cc12c5-1eec-815d-5998-0f9f957a9be4" testName="CleanMinimalApi.Presentation.Tests.Unit.Endpoints.ReviewEndpointTests.DeleteReview_ShouldReturn_NotFound" computerName="DESKTOP-LFUIUT3" duration="00:00:00.0009872" startTime="2025-05-31T21:53:45.6147023-05:00" endTime="2025-05-31T21:53:45.6147026-05:00" testType="13cdc9d9-ddb5-4fa4-a97d-d965ccfc6d4b" outcome="Passed" testListId="8c84fa94-04c1-424b-9868-57a2d4851a1d" relativeResultsDirectory="908f036c-71d0-4c5f-b421-b96d0aedf122" />
    <UnitTestResult executionId="774667e3-13af-47a7-884b-eaab4ce6c01d" testId="b4a6e08a-dff9-ab19-71fc-ac532b8a2dce" testName="CleanMinimalApi.Presentation.Tests.Unit.Validators.UpdateReviewValidatorTests.Validator_ShouldHaveValidationErrorFor_ReviewAuthorId" computerName="DESKTOP-LFUIUT3" duration="00:00:00.0005992" startTime="2025-05-31T21:53:44.8574537-05:00" endTime="2025-05-31T21:53:44.8574539-05:00" testType="13cdc9d9-ddb5-4fa4-a97d-d965ccfc6d4b" outcome="Passed" testListId="8c84fa94-04c1-424b-9868-57a2d4851a1d" relativeResultsDirectory="774667e3-13af-47a7-884b-eaab4ce6c01d" />
    <UnitTestResult executionId="a0e3a46e-7b5d-44c3-b319-9c2e438dd1f8" testId="b2f74c1e-154d-f916-81c9-ddcc31ddee6e" testName="CleanMinimalApi.Presentation.Tests.Unit.Validators.CreateReviewValidatorTests.Validator_ShouldNotHaveValidationErrorFor_ValidRequest(stars: 3)" computerName="DESKTOP-LFUIUT3" duration="00:00:00.2970639" startTime="2025-05-31T21:53:44.6765596-05:00" endTime="2025-05-31T21:53:44.6765957-05:00" testType="13cdc9d9-ddb5-4fa4-a97d-d965ccfc6d4b" outcome="Passed" testListId="8c84fa94-04c1-424b-9868-57a2d4851a1d" relativeResultsDirectory="a0e3a46e-7b5d-44c3-b319-9c2e438dd1f8" />
    <UnitTestResult executionId="ac68edb5-8a63-49eb-ae6b-5dfb56f3662b" testId="22df6d4c-43a8-e3fa-de5e-485270db3318" testName="CleanMinimalApi.Presentation.Tests.Unit.Validators.UpdateReviewValidatorTests.Validator_ShouldHaveValidationErrorFor_Stars(stars: 6)" computerName="DESKTOP-LFUIUT3" duration="00:00:00.0006535" startTime="2025-05-31T21:53:44.8553710-05:00" endTime="2025-05-31T21:53:44.8553711-05:00" testType="13cdc9d9-ddb5-4fa4-a97d-d965ccfc6d4b" outcome="Passed" testListId="8c84fa94-04c1-424b-9868-57a2d4851a1d" relativeResultsDirectory="ac68edb5-8a63-49eb-ae6b-5dfb56f3662b" />
    <UnitTestResult executionId="1e5bb421-de4f-4c3e-9a4a-5ce7db7b7ad0" testId="84c49eb9-c8ea-6f9f-bbad-8f351cd836bc" testName="CleanMinimalApi.Presentation.Tests.Unit.Validators.GenericIdentityValidatorTests.Validator_ShouldHaveValidationErrorFor_Empty" computerName="DESKTOP-LFUIUT3" duration="00:00:00.4775226" startTime="2025-05-31T21:53:44.8515789-05:00" endTime="2025-05-31T21:53:44.8515793-05:00" testType="13cdc9d9-ddb5-4fa4-a97d-d965ccfc6d4b" outcome="Passed" testListId="8c84fa94-04c1-424b-9868-57a2d4851a1d" relativeResultsDirectory="1e5bb421-de4f-4c3e-9a4a-5ce7db7b7ad0" />
    <UnitTestResult executionId="4d7e8362-01e1-4b3f-9848-fc93b85984b1" testId="d357bddb-05c9-b86c-a1e4-4264ed3a036b" testName="CleanMinimalApi.Presentation.Tests.Unit.Endpoints.AuthorEndpointTests.GetAuthorById_ShouldReturn_Problem" computerName="DESKTOP-LFUIUT3" duration="00:00:00.0012811" startTime="2025-05-31T21:53:45.6030529-05:00" endTime="2025-05-31T21:53:45.6030533-05:00" testType="13cdc9d9-ddb5-4fa4-a97d-d965ccfc6d4b" outcome="Passed" testListId="8c84fa94-04c1-424b-9868-57a2d4851a1d" relativeResultsDirectory="4d7e8362-01e1-4b3f-9848-fc93b85984b1" />
    <UnitTestResult executionId="30b726e5-de0d-4300-9216-558d57db9da2" testId="47f46611-fe0a-608f-3514-5156ec21fb7d" testName="CleanMinimalApi.Presentation.Tests.Unit.Validators.CreateReviewValidatorTests.Validator_ShouldHaveValidationErrorFor_Stars(stars: 0)" computerName="DESKTOP-LFUIUT3" duration="00:00:00.0001171" startTime="2025-05-31T21:53:44.8556454-05:00" endTime="2025-05-31T21:53:44.8556455-05:00" testType="13cdc9d9-ddb5-4fa4-a97d-d965ccfc6d4b" outcome="Passed" testListId="8c84fa94-04c1-424b-9868-57a2d4851a1d" relativeResultsDirectory="30b726e5-de0d-4300-9216-558d57db9da2" />
    <UnitTestResult executionId="056d3ab3-179a-48de-8c2e-9f4591498aa2" testId="abbb65a4-b8b8-6a49-c6b7-ceae299e1826" testName="CleanMinimalApi.Presentation.Tests.Unit.Validators.CreateReviewValidatorTests.Validator_ShouldNotHaveValidationErrorFor_ValidRequest(stars: 5)" computerName="DESKTOP-LFUIUT3" duration="00:00:00.0007362" startTime="2025-05-31T21:53:44.6824953-05:00" endTime="2025-05-31T21:53:44.6824953-05:00" testType="13cdc9d9-ddb5-4fa4-a97d-d965ccfc6d4b" outcome="Passed" testListId="8c84fa94-04c1-424b-9868-57a2d4851a1d" relativeResultsDirectory="056d3ab3-179a-48de-8c2e-9f4591498aa2" />
    <UnitTestResult executionId="3b8f4694-da04-4913-8df0-370112b121c4" testId="9cf0d41d-4f3c-3b07-f8fd-06f7b7de57b8" testName="CleanMinimalApi.Presentation.Tests.Unit.Validators.CreateReviewValidatorTests.Validator_ShouldNotHaveValidationErrorFor_ValidRequest(stars: 4)" computerName="DESKTOP-LFUIUT3" duration="00:00:00.0000553" startTime="2025-05-31T21:53:44.7208830-05:00" endTime="2025-05-31T21:53:44.7208831-05:00" testType="13cdc9d9-ddb5-4fa4-a97d-d965ccfc6d4b" outcome="Passed" testListId="8c84fa94-04c1-424b-9868-57a2d4851a1d" relativeResultsDirectory="3b8f4694-da04-4913-8df0-370112b121c4" />
    <UnitTestResult executionId="247f308a-ad38-40ec-b7ba-77641bf2c915" testId="c5d95977-deaf-1373-6be5-1d1c39de3d52" testName="CleanMinimalApi.Presentation.Tests.Unit.Endpoints.ReviewEndpointTests.CreateReview_ShouldReturn_Created" computerName="DESKTOP-LFUIUT3" duration="00:00:00.0023902" startTime="2025-05-31T21:53:45.6048064-05:00" endTime="2025-05-31T21:53:45.6048072-05:00" testType="13cdc9d9-ddb5-4fa4-a97d-d965ccfc6d4b" outcome="Passed" testListId="8c84fa94-04c1-424b-9868-57a2d4851a1d" relativeResultsDirectory="247f308a-ad38-40ec-b7ba-77641bf2c915" />
    <UnitTestResult executionId="cd62bbb8-cf7c-4dd4-981f-a6b65affe374" testId="d9492c0d-bbeb-819d-3a0c-9e3e43185bb2" testName="CleanMinimalApi.Presentation.Tests.Unit.Endpoints.VersionEndpointTests.GetVersion_ShouldReturn_Problem" computerName="DESKTOP-LFUIUT3" duration="00:00:01.2237360" startTime="2025-05-31T21:53:45.5978966-05:00" endTime="2025-05-31T21:53:45.5978967-05:00" testType="13cdc9d9-ddb5-4fa4-a97d-d965ccfc6d4b" outcome="Passed" testListId="8c84fa94-04c1-424b-9868-57a2d4851a1d" relativeResultsDirectory="cd62bbb8-cf7c-4dd4-981f-a6b65affe374" />
    <UnitTestResult executionId="9ccf89b4-6988-4d43-a382-2c98f24d7f61" testId="29b835be-f092-91bc-1655-48cd6f139e8d" testName="CleanMinimalApi.Presentation.Tests.Unit.Validators.CreateReviewValidatorTests.Validator_ShouldHaveValidationErrorFor_Stars(stars: 6)" computerName="DESKTOP-LFUIUT3" duration="00:00:00.0001138" startTime="2025-05-31T21:53:44.8567802-05:00" endTime="2025-05-31T21:53:44.8567803-05:00" testType="13cdc9d9-ddb5-4fa4-a97d-d965ccfc6d4b" outcome="Passed" testListId="8c84fa94-04c1-424b-9868-57a2d4851a1d" relativeResultsDirectory="9ccf89b4-6988-4d43-a382-2c98f24d7f61" />
    <UnitTestResult executionId="76949fdf-fbad-4ee3-8e7b-c5cb49f299f6" testId="2f1f8d50-3522-aa8a-29bc-03ce164d1be8" testName="CleanMinimalApi.Presentation.Tests.Unit.Endpoints.AuthorEndpointTests.GetAuthorById_ShouldReturn_NotFound" computerName="DESKTOP-LFUIUT3" duration="00:00:00.0032532" startTime="2025-05-31T21:53:45.6001780-05:00" endTime="2025-05-31T21:53:45.6001781-05:00" testType="13cdc9d9-ddb5-4fa4-a97d-d965ccfc6d4b" outcome="Passed" testListId="8c84fa94-04c1-424b-9868-57a2d4851a1d" relativeResultsDirectory="76949fdf-fbad-4ee3-8e7b-c5cb49f299f6" />
    <UnitTestResult executionId="cb865ea7-9e90-42c9-b5a5-9eb76b443ec6" testId="32a3e381-94c0-62de-90be-648d88eb1909" testName="CleanMinimalApi.Presentation.Tests.Unit.Endpoints.AuthorEndpointTests.GetAuthorById_ShouldReturn_Ok" computerName="DESKTOP-LFUIUT3" duration="00:00:00.0013037" startTime="2025-05-31T21:53:45.6015397-05:00" endTime="2025-05-31T21:53:45.6015401-05:00" testType="13cdc9d9-ddb5-4fa4-a97d-d965ccfc6d4b" outcome="Passed" testListId="8c84fa94-04c1-424b-9868-57a2d4851a1d" relativeResultsDirectory="cb865ea7-9e90-42c9-b5a5-9eb76b443ec6" />
    <UnitTestResult executionId="cdf564ff-bf97-439e-b7f9-6be50dcebde2" testId="14bde15e-ae6d-d988-68cd-f2a9743f1d38" testName="CleanMinimalApi.Presentation.Tests.Unit.Validators.UpdateReviewValidatorTests.Validator_ShouldNotHaveValidationErrorFor_ReviewAuthorId(stars: 2)" computerName="DESKTOP-LFUIUT3" duration="00:00:00.0000969" startTime="2025-05-31T21:53:44.7209743-05:00" endTime="2025-05-31T21:53:44.7209743-05:00" testType="13cdc9d9-ddb5-4fa4-a97d-d965ccfc6d4b" outcome="Passed" testListId="8c84fa94-04c1-424b-9868-57a2d4851a1d" relativeResultsDirectory="cdf564ff-bf97-439e-b7f9-6be50dcebde2" />
    <UnitTestResult executionId="0df40b4d-b3a0-4552-8243-0a30ee57ab03" testId="93265963-fa8a-fd12-990a-80faedf10ede" testName="CleanMinimalApi.Presentation.Tests.Unit.Validators.CreateReviewValidatorTests.Validator_ShouldHaveValidationErrorFor_Stars(stars: -1)" computerName="DESKTOP-LFUIUT3" duration="00:00:00.1762174" startTime="2025-05-31T21:53:44.8550451-05:00" endTime="2025-05-31T21:53:44.8550452-05:00" testType="13cdc9d9-ddb5-4fa4-a97d-d965ccfc6d4b" outcome="Passed" testListId="8c84fa94-04c1-424b-9868-57a2d4851a1d" relativeResultsDirectory="0df40b4d-b3a0-4552-8243-0a30ee57ab03" />
    <UnitTestResult executionId="e319c2bf-e397-492e-b965-e8ab05dafa6d" testId="b05e9b14-0fac-4b16-c413-72502fcb1124" testName="CleanMinimalApi.Presentation.Tests.Unit.Endpoints.MovieEndpointTests.GetMovieById_ShouldReturn_Ok" computerName="DESKTOP-LFUIUT3" duration="00:00:00.0010757" startTime="2025-05-31T21:53:45.6049630-05:00" endTime="2025-05-31T21:53:45.6049631-05:00" testType="13cdc9d9-ddb5-4fa4-a97d-d965ccfc6d4b" outcome="Passed" testListId="8c84fa94-04c1-424b-9868-57a2d4851a1d" relativeResultsDirectory="e319c2bf-e397-492e-b965-e8ab05dafa6d" />
    <UnitTestResult executionId="09a81562-2a62-4677-b21f-6e6a004ccf9a" testId="910cc7bc-d89e-536d-d321-4887cf85f60e" testName="CleanMinimalApi.Presentation.Tests.Unit.Endpoints.ReviewEndpointTests.GetReviewById_ShouldReturn_Problem" computerName="DESKTOP-LFUIUT3" duration="00:00:01.2236880" startTime="2025-05-31T21:53:45.5977999-05:00" endTime="2025-05-31T21:53:45.5978001-05:00" testType="13cdc9d9-ddb5-4fa4-a97d-d965ccfc6d4b" outcome="Passed" testListId="8c84fa94-04c1-424b-9868-57a2d4851a1d" relativeResultsDirectory="09a81562-2a62-4677-b21f-6e6a004ccf9a" />
    <UnitTestResult executionId="a6fb2285-f4e6-40ac-a4e7-f3259348d80f" testId="71051b8a-d972-3891-71da-c6333a049280" testName="CleanMinimalApi.Presentation.Tests.Unit.Endpoints.ReviewEndpointTests.GetReviewById_ShouldReturn_NotFound" computerName="DESKTOP-LFUIUT3" duration="00:00:00.0007869" startTime="2025-05-31T21:53:45.6167671-05:00" endTime="2025-05-31T21:53:45.6167674-05:00" testType="13cdc9d9-ddb5-4fa4-a97d-d965ccfc6d4b" outcome="Passed" testListId="8c84fa94-04c1-424b-9868-57a2d4851a1d" relativeResultsDirectory="a6fb2285-f4e6-40ac-a4e7-f3259348d80f" />
    <UnitTestResult executionId="5d1996a1-0db4-4839-9689-04a2ad84bd9e" testId="4afa17cb-4353-ed5c-9db5-21c7c663dba7" testName="CleanMinimalApi.Presentation.Tests.Unit.Validators.UpdateReviewValidatorTests.Validator_ShouldHaveValidationErrorFor_Stars(stars: 0)" computerName="DESKTOP-LFUIUT3" duration="00:00:00.0000809" startTime="2025-05-31T21:53:44.8570850-05:00" endTime="2025-05-31T21:53:44.8570851-05:00" testType="13cdc9d9-ddb5-4fa4-a97d-d965ccfc6d4b" outcome="Passed" testListId="8c84fa94-04c1-424b-9868-57a2d4851a1d" relativeResultsDirectory="5d1996a1-0db4-4839-9689-04a2ad84bd9e" />
    <UnitTestResult executionId="f8cc5d23-7cc5-47b9-9313-46c411d94a17" testId="b573e8eb-bba1-5bb8-5826-3a3c71af61e5" testName="CleanMinimalApi.Presentation.Tests.Unit.Validators.UpdateReviewValidatorTests.Validator_ShouldNotHaveValidationErrorFor_ReviewAuthorId(stars: 4)" computerName="DESKTOP-LFUIUT3" duration="00:00:00.0007422" startTime="2025-05-31T21:53:44.6824510-05:00" endTime="2025-05-31T21:53:44.6824511-05:00" testType="13cdc9d9-ddb5-4fa4-a97d-d965ccfc6d4b" outcome="Passed" testListId="8c84fa94-04c1-424b-9868-57a2d4851a1d" relativeResultsDirectory="f8cc5d23-7cc5-47b9-9313-46c411d94a17" />
    <UnitTestResult executionId="ed00f041-7e6e-4533-8f51-44b59077c324" testId="06c47ef5-43b2-6b3f-9f52-0dc46f691655" testName="CleanMinimalApi.Presentation.Tests.Unit.Endpoints.MovieEndpointTests.GetMovieById_ShouldReturn_Problem" computerName="DESKTOP-LFUIUT3" duration="00:00:00.0016291" startTime="2025-05-31T21:53:45.6038432-05:00" endTime="2025-05-31T21:53:45.6038435-05:00" testType="13cdc9d9-ddb5-4fa4-a97d-d965ccfc6d4b" outcome="Passed" testListId="8c84fa94-04c1-424b-9868-57a2d4851a1d" relativeResultsDirectory="ed00f041-7e6e-4533-8f51-44b59077c324" />
    <UnitTestResult executionId="69492126-050c-403e-a2f1-0809d90e7cb9" testId="2b1f6e8d-a9d5-c41f-18b8-a00863998274" testName="CleanMinimalApi.Presentation.Tests.Unit.Validators.UpdateReviewValidatorTests.Validator_ShouldHaveValidationErrorFor_Stars(stars: -1)" computerName="DESKTOP-LFUIUT3" duration="00:00:00.0001024" startTime="2025-05-31T21:53:44.8568941-05:00" endTime="2025-05-31T21:53:44.8568942-05:00" testType="13cdc9d9-ddb5-4fa4-a97d-d965ccfc6d4b" outcome="Passed" testListId="8c84fa94-04c1-424b-9868-57a2d4851a1d" relativeResultsDirectory="69492126-050c-403e-a2f1-0809d90e7cb9" />
    <UnitTestResult executionId="9e413a0e-a9b5-4eb6-bac9-4ecae4d92cda" testId="2d6df972-06dd-dcca-66d7-bb336d37bfdf" testName="CleanMinimalApi.Presentation.Tests.Unit.Validators.CreateReviewValidatorTests.Validator_ShouldHaveValidationErrorFor_Stars(stars: -100)" computerName="DESKTOP-LFUIUT3" duration="00:00:00.0005903" startTime="2025-05-31T21:53:44.8552875-05:00" endTime="2025-05-31T21:53:44.8552876-05:00" testType="13cdc9d9-ddb5-4fa4-a97d-d965ccfc6d4b" outcome="Passed" testListId="8c84fa94-04c1-424b-9868-57a2d4851a1d" relativeResultsDirectory="9e413a0e-a9b5-4eb6-bac9-4ecae4d92cda" />
    <UnitTestResult executionId="7af27d67-7107-4b1e-a012-870c1ce99dca" testId="c82f415f-2d9e-e922-904c-2332c93826c1" testName="CleanMinimalApi.Presentation.Tests.Unit.Endpoints.MovieEndpointTests.GetMovies_ShouldReturn_Problem" computerName="DESKTOP-LFUIUT3" duration="00:00:00.0016966" startTime="2025-05-31T21:53:45.6023564-05:00" endTime="2025-05-31T21:53:45.6023567-05:00" testType="13cdc9d9-ddb5-4fa4-a97d-d965ccfc6d4b" outcome="Passed" testListId="8c84fa94-04c1-424b-9868-57a2d4851a1d" relativeResultsDirectory="7af27d67-7107-4b1e-a012-870c1ce99dca" />
    <UnitTestResult executionId="88ce7f16-6c22-4703-b1a4-5ca21441dc30" testId="6ef2dc0a-3ae0-d1ff-7202-0d0d96368e4b" testName="CleanMinimalApi.Presentation.Tests.Unit.Endpoints.AuthorEndpointTests.GetAuthors_ShouldReturn_Ok" computerName="DESKTOP-LFUIUT3" duration="00:00:01.2225540" startTime="2025-05-31T21:53:45.5966269-05:00" endTime="2025-05-31T21:53:45.5966274-05:00" testType="13cdc9d9-ddb5-4fa4-a97d-d965ccfc6d4b" outcome="Passed" testListId="8c84fa94-04c1-424b-9868-57a2d4851a1d" relativeResultsDirectory="88ce7f16-6c22-4703-b1a4-5ca21441dc30" />
    <UnitTestResult executionId="932d627a-6a61-4d63-b287-8d40a485bca5" testId="73093b7b-3f38-b44e-d9af-62f1fe1bd6b6" testName="CleanMinimalApi.Presentation.Tests.Unit.Endpoints.MovieEndpointTests.GetMovies_ShouldReturn_Ok" computerName="DESKTOP-LFUIUT3" duration="00:00:01.2226048" startTime="2025-05-31T21:53:45.5966804-05:00" endTime="2025-05-31T21:53:45.5966805-05:00" testType="13cdc9d9-ddb5-4fa4-a97d-d965ccfc6d4b" outcome="Passed" testListId="8c84fa94-04c1-424b-9868-57a2d4851a1d" relativeResultsDirectory="932d627a-6a61-4d63-b287-8d40a485bca5" />
    <UnitTestResult executionId="c23f2ed5-d276-45f7-b3e0-f4165c1a037a" testId="696f2923-ae15-65d2-5b9f-966e225f1c86" testName="CleanMinimalApi.Presentation.Tests.Unit.Endpoints.ReviewEndpointTests.UpdateReview_ShouldReturn_NoContent" computerName="DESKTOP-LFUIUT3" duration="00:00:00.0020235" startTime="2025-05-31T21:53:45.6096810-05:00" endTime="2025-05-31T21:53:45.6096813-05:00" testType="13cdc9d9-ddb5-4fa4-a97d-d965ccfc6d4b" outcome="Passed" testListId="8c84fa94-04c1-424b-9868-57a2d4851a1d" relativeResultsDirectory="c23f2ed5-d276-45f7-b3e0-f4165c1a037a" />
    <UnitTestResult executionId="10b4b008-09e8-4e75-833a-6c370d68d9ac" testId="24a988f5-b45f-0d1d-eeb4-5eef5dcfd817" testName="CleanMinimalApi.Presentation.Tests.Unit.Endpoints.ReviewEndpointTests.UpdateReview_ShouldReturn_NotFound" computerName="DESKTOP-LFUIUT3" duration="00:00:00.0025950" startTime="2025-05-31T21:53:45.6075376-05:00" endTime="2025-05-31T21:53:45.6075378-05:00" testType="13cdc9d9-ddb5-4fa4-a97d-d965ccfc6d4b" outcome="Passed" testListId="8c84fa94-04c1-424b-9868-57a2d4851a1d" relativeResultsDirectory="10b4b008-09e8-4e75-833a-6c370d68d9ac" />
    <UnitTestResult executionId="189c3259-d71b-465d-9640-c7a56066b8c5" testId="c443d1d7-0ad9-7836-d3ed-efc4c43846c7" testName="CleanMinimalApi.Presentation.Tests.Unit.Endpoints.ReviewEndpointTests.GetReviews_ShouldReturn_Ok" computerName="DESKTOP-LFUIUT3" duration="00:00:00.0015371" startTime="2025-05-31T21:53:45.6183972-05:00" endTime="2025-05-31T21:53:45.6245905-05:00" testType="13cdc9d9-ddb5-4fa4-a97d-d965ccfc6d4b" outcome="Passed" testListId="8c84fa94-04c1-424b-9868-57a2d4851a1d" relativeResultsDirectory="189c3259-d71b-465d-9640-c7a56066b8c5" />
    <UnitTestResult executionId="f5bad683-84b6-4595-ba41-5314fea41c47" testId="a0dae4d4-bb79-a8f3-f3aa-a8e7786389a4" testName="CleanMinimalApi.Presentation.Tests.Unit.Endpoints.ReviewEndpointTests.CreateReview_ShouldReturn_NotFound" computerName="DESKTOP-LFUIUT3" duration="00:00:00.0021279" startTime="2025-05-31T21:53:45.6024883-05:00" endTime="2025-05-31T21:53:45.6024884-05:00" testType="13cdc9d9-ddb5-4fa4-a97d-d965ccfc6d4b" outcome="Passed" testListId="8c84fa94-04c1-424b-9868-57a2d4851a1d" relativeResultsDirectory="f5bad683-84b6-4595-ba41-5314fea41c47" />
    <UnitTestResult executionId="09efabec-9b90-42e9-b241-20d131ebf34d" testId="67335cf6-1482-2341-f89e-7915a8bc6762" testName="CleanMinimalApi.Presentation.Tests.Unit.Validators.CreateReviewValidatorTests.Validator_ShouldHaveValidationErrorFor_ReviewedMovieId" computerName="DESKTOP-LFUIUT3" duration="00:00:00.0007825" startTime="2025-05-31T21:53:44.8577078-05:00" endTime="2025-05-31T21:53:44.8577079-05:00" testType="13cdc9d9-ddb5-4fa4-a97d-d965ccfc6d4b" outcome="Passed" testListId="8c84fa94-04c1-424b-9868-57a2d4851a1d" relativeResultsDirectory="09efabec-9b90-42e9-b241-20d131ebf34d" />
    <UnitTestResult executionId="51afdba0-5a95-4fb8-b8ef-9261aa06435a" testId="a6251caf-21c0-e60b-143b-428fe5f04b6a" testName="CleanMinimalApi.Presentation.Tests.Unit.Endpoints.AuthorEndpointTests.GetAuthors_ShouldReturn_Problem" computerName="DESKTOP-LFUIUT3" duration="00:00:00.0014337" startTime="2025-05-31T21:53:45.6045621-05:00" endTime="2025-05-31T21:53:45.6045622-05:00" testType="13cdc9d9-ddb5-4fa4-a97d-d965ccfc6d4b" outcome="Passed" testListId="8c84fa94-04c1-424b-9868-57a2d4851a1d" relativeResultsDirectory="51afdba0-5a95-4fb8-b8ef-9261aa06435a" />
    <UnitTestResult executionId="abe74f3d-af2c-4651-b2fb-17709a4b0d50" testId="92d621eb-0dea-221a-9b34-816a72518254" testName="CleanMinimalApi.Presentation.Tests.Unit.Validators.CreateReviewValidatorTests.Validator_ShouldHaveValidationErrorFor_ReviewAuthorId" computerName="DESKTOP-LFUIUT3" duration="00:00:00.0008645" startTime="2025-05-31T21:53:44.8574810-05:00" endTime="2025-05-31T21:53:44.8574811-05:00" testType="13cdc9d9-ddb5-4fa4-a97d-d965ccfc6d4b" outcome="Passed" testListId="8c84fa94-04c1-424b-9868-57a2d4851a1d" relativeResultsDirectory="abe74f3d-af2c-4651-b2fb-17709a4b0d50" />
    <UnitTestResult executionId="9f26971b-ac3f-43cf-ae7b-d40a4d18a64f" testId="e2b4d824-873b-d8a3-4ec8-6b34602d9c1b" testName="CleanMinimalApi.Presentation.Tests.Unit.Validators.UpdateReviewValidatorTests.Validator_ShouldNotHaveValidationErrorFor_ReviewAuthorId(stars: 5)" computerName="DESKTOP-LFUIUT3" duration="00:00:00.0000985" startTime="2025-05-31T21:53:44.7206289-05:00" endTime="2025-05-31T21:53:44.7206290-05:00" testType="13cdc9d9-ddb5-4fa4-a97d-d965ccfc6d4b" outcome="Passed" testListId="8c84fa94-04c1-424b-9868-57a2d4851a1d" relativeResultsDirectory="9f26971b-ac3f-43cf-ae7b-d40a4d18a64f" />
    <UnitTestResult executionId="dbc93902-ba0b-4fd0-bc48-f3690ea656db" testId="4ce842aa-e807-970f-e8b9-62bd5706a188" testName="CleanMinimalApi.Presentation.Tests.Unit.Endpoints.ReviewEndpointTests.DeleteReview_ShouldReturn_NoContent" computerName="DESKTOP-LFUIUT3" duration="00:00:00.0020006" startTime="2025-05-31T21:53:45.6117943-05:00" endTime="2025-05-31T21:53:45.6117946-05:00" testType="13cdc9d9-ddb5-4fa4-a97d-d965ccfc6d4b" outcome="Passed" testListId="8c84fa94-04c1-424b-9868-57a2d4851a1d" relativeResultsDirectory="dbc93902-ba0b-4fd0-bc48-f3690ea656db" />
    <UnitTestResult executionId="712bac87-5222-441e-9fc8-fb9293522fb0" testId="dc1de20f-5344-eea3-793e-042aa59670e3" testName="CleanMinimalApi.Presentation.Tests.Unit.Validators.UpdateReviewValidatorTests.Validator_ShouldHaveValidationErrorFor_Stars(stars: 100)" computerName="DESKTOP-LFUIUT3" duration="00:00:00.0003537" startTime="2025-05-31T21:53:44.8558132-05:00" endTime="2025-05-31T21:53:44.8558133-05:00" testType="13cdc9d9-ddb5-4fa4-a97d-d965ccfc6d4b" outcome="Passed" testListId="8c84fa94-04c1-424b-9868-57a2d4851a1d" relativeResultsDirectory="712bac87-5222-441e-9fc8-fb9293522fb0" />
    <UnitTestResult executionId="f5a8778f-579f-4680-aeb7-60f9eec630a6" testId="4bf39f32-f9f2-0f3d-2b07-542a1b576a2c" testName="CleanMinimalApi.Presentation.Tests.Unit.Validators.GenericIdentityValidatorTests.Validator_ShouldNotHaveValidationErrorFor_Guid" computerName="DESKTOP-LFUIUT3" duration="00:00:00.0007983" startTime="2025-05-31T21:53:44.8548654-05:00" endTime="2025-05-31T21:53:44.8548655-05:00" testType="13cdc9d9-ddb5-4fa4-a97d-d965ccfc6d4b" outcome="Passed" testListId="8c84fa94-04c1-424b-9868-57a2d4851a1d" relativeResultsDirectory="f5a8778f-579f-4680-aeb7-60f9eec630a6" />
    <UnitTestResult executionId="842d4c9b-5b1e-464f-9832-c02731e8806d" testId="a1ccb6e1-29c1-cac3-fc8b-34bc436e380a" testName="CleanMinimalApi.Presentation.Tests.Unit.Endpoints.ReviewEndpointTests.UpdateReview_ShouldReturn_Problem" computerName="DESKTOP-LFUIUT3" duration="00:00:00.0013103" startTime="2025-05-31T21:53:45.7211262-05:00" endTime="2025-05-31T21:53:45.7211266-05:00" testType="13cdc9d9-ddb5-4fa4-a97d-d965ccfc6d4b" outcome="Passed" testListId="8c84fa94-04c1-424b-9868-57a2d4851a1d" relativeResultsDirectory="842d4c9b-5b1e-464f-9832-c02731e8806d" />
    <UnitTestResult executionId="3a395967-5ee5-4270-a5d5-0af3653f3791" testId="182d7477-28ec-0fc4-59a4-1b5cbd334632" testName="CleanMinimalApi.Presentation.Tests.Unit.Endpoints.ReviewEndpointTests.DeleteReview_ShouldReturn_Problem" computerName="DESKTOP-LFUIUT3" duration="00:00:00.0011222" startTime="2025-05-31T21:53:45.6158978-05:00" endTime="2025-05-31T21:53:45.6158981-05:00" testType="13cdc9d9-ddb5-4fa4-a97d-d965ccfc6d4b" outcome="Passed" testListId="8c84fa94-04c1-424b-9868-57a2d4851a1d" relativeResultsDirectory="3a395967-5ee5-4270-a5d5-0af3653f3791" />
    <UnitTestResult executionId="0260cc2e-fa73-4eff-a7f1-64bda17eba9b" testId="226d0ac6-520c-d1ad-94b5-d4ab4bad5c53" testName="CleanMinimalApi.Presentation.Tests.Unit.Validators.CreateReviewValidatorTests.Validator_ShouldNotHaveValidationErrorFor_ValidRequest(stars: 2)" computerName="DESKTOP-LFUIUT3" duration="00:00:00.0000514" startTime="2025-05-31T21:53:44.7210254-05:00" endTime="2025-05-31T21:53:44.7210255-05:00" testType="13cdc9d9-ddb5-4fa4-a97d-d965ccfc6d4b" outcome="Passed" testListId="8c84fa94-04c1-424b-9868-57a2d4851a1d" relativeResultsDirectory="0260cc2e-fa73-4eff-a7f1-64bda17eba9b" />
    <UnitTestResult executionId="7cf37ebc-725c-4ac6-9d33-30338c24c089" testId="5112c5e8-a29f-3733-f245-1197d122f7eb" testName="CleanMinimalApi.Presentation.Tests.Unit.Validators.UpdateReviewValidatorTests.Validator_ShouldHaveValidationErrorFor_Stars(stars: -100)" computerName="DESKTOP-LFUIUT3" duration="00:00:00.0000807" startTime="2025-05-31T21:53:44.8572151-05:00" endTime="2025-05-31T21:53:44.8572152-05:00" testType="13cdc9d9-ddb5-4fa4-a97d-d965ccfc6d4b" outcome="Passed" testListId="8c84fa94-04c1-424b-9868-57a2d4851a1d" relativeResultsDirectory="7cf37ebc-725c-4ac6-9d33-30338c24c089" />
    <UnitTestResult executionId="626b769e-51dc-4cfa-8b10-f580ae98ff8a" testId="d840f2df-2f88-8f6f-9685-ae1ee24f9481" testName="CleanMinimalApi.Presentation.Tests.Unit.Validators.UpdateReviewValidatorTests.Validator_ShouldHaveValidationErrorFor_ReviewedMovieId" computerName="DESKTOP-LFUIUT3" duration="00:00:00.1762052" startTime="2025-05-31T21:53:44.8549666-05:00" endTime="2025-05-31T21:53:44.8549667-05:00" testType="13cdc9d9-ddb5-4fa4-a97d-d965ccfc6d4b" outcome="Passed" testListId="8c84fa94-04c1-424b-9868-57a2d4851a1d" relativeResultsDirectory="626b769e-51dc-4cfa-8b10-f580ae98ff8a" />
    <UnitTestResult executionId="0f5d2611-b550-4374-b8b9-59c6a753644b" testId="9551907f-7bdb-377f-6950-807f9d78d631" testName="CleanMinimalApi.Presentation.Tests.Unit.Endpoints.VersionEndpointTests.GetVersion_ShouldReturn_Ok" computerName="DESKTOP-LFUIUT3" duration="00:00:00.0026896" startTime="2025-05-31T21:53:45.6005902-05:00" endTime="2025-05-31T21:53:45.6005904-05:00" testType="13cdc9d9-ddb5-4fa4-a97d-d965ccfc6d4b" outcome="Passed" testListId="8c84fa94-04c1-424b-9868-57a2d4851a1d" relativeResultsDirectory="0f5d2611-b550-4374-b8b9-59c6a753644b" />
    <UnitTestResult executionId="161b44dc-17e8-43be-9954-22917760120f" testId="e3e42bab-a413-230f-3971-a0cc738ff33e" testName="CleanMinimalApi.Presentation.Tests.Unit.Validators.CreateReviewValidatorTests.Validator_ShouldNotHaveValidationErrorFor_ValidRequest(stars: 1)" computerName="DESKTOP-LFUIUT3" duration="00:00:00.0000822" startTime="2025-05-31T21:53:44.7204461-05:00" endTime="2025-05-31T21:53:44.7204462-05:00" testType="13cdc9d9-ddb5-4fa4-a97d-d965ccfc6d4b" outcome="Passed" testListId="8c84fa94-04c1-424b-9868-57a2d4851a1d" relativeResultsDirectory="161b44dc-17e8-43be-9954-22917760120f" />
  </Results>
  <TestDefinitions>
    <UnitTest name="CleanMinimalApi.Presentation.Tests.Unit.Endpoints.VersionEndpointTests.GetVersion_ShouldReturn_Ok" storage="d:\unidaddocumentos\jose\cursos\azure_ia\netclean\minimalapinet8\tests\presentation.tests.unit\bin\debug\net8.0\presentation.tests.unit.dll" id="9551907f-7bdb-377f-6950-807f9d78d631">
      <Execution id="0f5d2611-b550-4374-b8b9-59c6a753644b" />
      <TestMethod codeBase="D:\UnidadDocumentos\jose\CURSOS\AZURE_IA\netClean\minimalapinet8\tests\Presentation.Tests.Unit\bin\Debug\net8.0\Presentation.Tests.Unit.dll" adapterTypeName="executor://xunit/VsTestRunner2/netcoreapp" className="CleanMinimalApi.Presentation.Tests.Unit.Endpoints.VersionEndpointTests" name="GetVersion_ShouldReturn_Ok" />
    </UnitTest>
    <UnitTest name="CleanMinimalApi.Presentation.Tests.Unit.Validators.CreateReviewValidatorTests.Validator_ShouldNotHaveValidationErrorFor_ValidRequest(stars: 1)" storage="d:\unidaddocumentos\jose\cursos\azure_ia\netclean\minimalapinet8\tests\presentation.tests.unit\bin\debug\net8.0\presentation.tests.unit.dll" id="e3e42bab-a413-230f-3971-a0cc738ff33e">
      <Execution id="161b44dc-17e8-43be-9954-22917760120f" />
      <TestMethod codeBase="D:\UnidadDocumentos\jose\CURSOS\AZURE_IA\netClean\minimalapinet8\tests\Presentation.Tests.Unit\bin\Debug\net8.0\Presentation.Tests.Unit.dll" adapterTypeName="executor://xunit/VsTestRunner2/netcoreapp" className="CleanMinimalApi.Presentation.Tests.Unit.Validators.CreateReviewValidatorTests" name="Validator_ShouldNotHaveValidationErrorFor_ValidRequest" />
    </UnitTest>
    <UnitTest name="CleanMinimalApi.Presentation.Tests.Unit.Endpoints.MovieEndpointTests.GetMovieById_ShouldReturn_NotFound" storage="d:\unidaddocumentos\jose\cursos\azure_ia\netclean\minimalapinet8\tests\presentation.tests.unit\bin\debug\net8.0\presentation.tests.unit.dll" id="9647d8e3-d068-f9d4-46df-5fb6d1b89a50">
      <Execution id="76147b3e-35f2-46d5-a13a-85fc899548bb" />
      <TestMethod codeBase="D:\UnidadDocumentos\jose\CURSOS\AZURE_IA\netClean\minimalapinet8\tests\Presentation.Tests.Unit\bin\Debug\net8.0\Presentation.Tests.Unit.dll" adapterTypeName="executor://xunit/VsTestRunner2/netcoreapp" className="CleanMinimalApi.Presentation.Tests.Unit.Endpoints.MovieEndpointTests" name="GetMovieById_ShouldReturn_NotFound" />
    </UnitTest>
    <UnitTest name="CleanMinimalApi.Presentation.Tests.Unit.Endpoints.ReviewEndpointTests.UpdateReview_ShouldReturn_NoContent" storage="d:\unidaddocumentos\jose\cursos\azure_ia\netclean\minimalapinet8\tests\presentation.tests.unit\bin\debug\net8.0\presentation.tests.unit.dll" id="696f2923-ae15-65d2-5b9f-966e225f1c86">
      <Execution id="c23f2ed5-d276-45f7-b3e0-f4165c1a037a" />
      <TestMethod codeBase="D:\UnidadDocumentos\jose\CURSOS\AZURE_IA\netClean\minimalapinet8\tests\Presentation.Tests.Unit\bin\Debug\net8.0\Presentation.Tests.Unit.dll" adapterTypeName="executor://xunit/VsTestRunner2/netcoreapp" className="CleanMinimalApi.Presentation.Tests.Unit.Endpoints.ReviewEndpointTests" name="UpdateReview_ShouldReturn_NoContent" />
    </UnitTest>
    <UnitTest name="CleanMinimalApi.Presentation.Tests.Unit.Endpoints.AuthorEndpointTests.GetAuthorById_ShouldReturn_Problem" storage="d:\unidaddocumentos\jose\cursos\azure_ia\netclean\minimalapinet8\tests\presentation.tests.unit\bin\debug\net8.0\presentation.tests.unit.dll" id="d357bddb-05c9-b86c-a1e4-4264ed3a036b">
      <Execution id="4d7e8362-01e1-4b3f-9848-fc93b85984b1" />
      <TestMethod codeBase="D:\UnidadDocumentos\jose\CURSOS\AZURE_IA\netClean\minimalapinet8\tests\Presentation.Tests.Unit\bin\Debug\net8.0\Presentation.Tests.Unit.dll" adapterTypeName="executor://xunit/VsTestRunner2/netcoreapp" className="CleanMinimalApi.Presentation.Tests.Unit.Endpoints.AuthorEndpointTests" name="GetAuthorById_ShouldReturn_Problem" />
    </UnitTest>
    <UnitTest name="CleanMinimalApi.Presentation.Tests.Unit.Validators.CreateReviewValidatorTests.Validator_ShouldNotHaveValidationErrorFor_ValidRequest(stars: 3)" storage="d:\unidaddocumentos\jose\cursos\azure_ia\netclean\minimalapinet8\tests\presentation.tests.unit\bin\debug\net8.0\presentation.tests.unit.dll" id="b2f74c1e-154d-f916-81c9-ddcc31ddee6e">
      <Execution id="a0e3a46e-7b5d-44c3-b319-9c2e438dd1f8" />
      <TestMethod codeBase="D:\UnidadDocumentos\jose\CURSOS\AZURE_IA\netClean\minimalapinet8\tests\Presentation.Tests.Unit\bin\Debug\net8.0\Presentation.Tests.Unit.dll" adapterTypeName="executor://xunit/VsTestRunner2/netcoreapp" className="CleanMinimalApi.Presentation.Tests.Unit.Validators.CreateReviewValidatorTests" name="Validator_ShouldNotHaveValidationErrorFor_ValidRequest" />
    </UnitTest>
    <UnitTest name="CleanMinimalApi.Presentation.Tests.Unit.Endpoints.MovieEndpointTests.GetMovieById_ShouldReturn_Problem" storage="d:\unidaddocumentos\jose\cursos\azure_ia\netclean\minimalapinet8\tests\presentation.tests.unit\bin\debug\net8.0\presentation.tests.unit.dll" id="06c47ef5-43b2-6b3f-9f52-0dc46f691655">
      <Execution id="ed00f041-7e6e-4533-8f51-44b59077c324" />
      <TestMethod codeBase="D:\UnidadDocumentos\jose\CURSOS\AZURE_IA\netClean\minimalapinet8\tests\Presentation.Tests.Unit\bin\Debug\net8.0\Presentation.Tests.Unit.dll" adapterTypeName="executor://xunit/VsTestRunner2/netcoreapp" className="CleanMinimalApi.Presentation.Tests.Unit.Endpoints.MovieEndpointTests" name="GetMovieById_ShouldReturn_Problem" />
    </UnitTest>
    <UnitTest name="CleanMinimalApi.Presentation.Tests.Unit.Endpoints.ReviewEndpointTests.UpdateReview_ShouldReturn_Problem" storage="d:\unidaddocumentos\jose\cursos\azure_ia\netclean\minimalapinet8\tests\presentation.tests.unit\bin\debug\net8.0\presentation.tests.unit.dll" id="a1ccb6e1-29c1-cac3-fc8b-34bc436e380a">
      <Execution id="842d4c9b-5b1e-464f-9832-c02731e8806d" />
      <TestMethod codeBase="D:\UnidadDocumentos\jose\CURSOS\AZURE_IA\netClean\minimalapinet8\tests\Presentation.Tests.Unit\bin\Debug\net8.0\Presentation.Tests.Unit.dll" adapterTypeName="executor://xunit/VsTestRunner2/netcoreapp" className="CleanMinimalApi.Presentation.Tests.Unit.Endpoints.ReviewEndpointTests" name="UpdateReview_ShouldReturn_Problem" />
    </UnitTest>
    <UnitTest name="CleanMinimalApi.Presentation.Tests.Unit.Endpoints.ReviewEndpointTests.GetReviewById_ShouldReturn_NotFound" storage="d:\unidaddocumentos\jose\cursos\azure_ia\netclean\minimalapinet8\tests\presentation.tests.unit\bin\debug\net8.0\presentation.tests.unit.dll" id="71051b8a-d972-3891-71da-c6333a049280">
      <Execution id="a6fb2285-f4e6-40ac-a4e7-f3259348d80f" />
      <TestMethod codeBase="D:\UnidadDocumentos\jose\CURSOS\AZURE_IA\netClean\minimalapinet8\tests\Presentation.Tests.Unit\bin\Debug\net8.0\Presentation.Tests.Unit.dll" adapterTypeName="executor://xunit/VsTestRunner2/netcoreapp" className="CleanMinimalApi.Presentation.Tests.Unit.Endpoints.ReviewEndpointTests" name="GetReviewById_ShouldReturn_NotFound" />
    </UnitTest>
    <UnitTest name="CleanMinimalApi.Presentation.Tests.Unit.Validators.UpdateReviewValidatorTests.Validator_ShouldHaveValidationErrorFor_Stars(stars: -1)" storage="d:\unidaddocumentos\jose\cursos\azure_ia\netclean\minimalapinet8\tests\presentation.tests.unit\bin\debug\net8.0\presentation.tests.unit.dll" id="2b1f6e8d-a9d5-c41f-18b8-a00863998274">
      <Execution id="69492126-050c-403e-a2f1-0809d90e7cb9" />
      <TestMethod codeBase="D:\UnidadDocumentos\jose\CURSOS\AZURE_IA\netClean\minimalapinet8\tests\Presentation.Tests.Unit\bin\Debug\net8.0\Presentation.Tests.Unit.dll" adapterTypeName="executor://xunit/VsTestRunner2/netcoreapp" className="CleanMinimalApi.Presentation.Tests.Unit.Validators.UpdateReviewValidatorTests" name="Validator_ShouldHaveValidationErrorFor_Stars" />
    </UnitTest>
    <UnitTest name="CleanMinimalApi.Presentation.Tests.Unit.Endpoints.MovieEndpointTests.GetMovieById_ShouldReturn_Ok" storage="d:\unidaddocumentos\jose\cursos\azure_ia\netclean\minimalapinet8\tests\presentation.tests.unit\bin\debug\net8.0\presentation.tests.unit.dll" id="b05e9b14-0fac-4b16-c413-72502fcb1124">
      <Execution id="e319c2bf-e397-492e-b965-e8ab05dafa6d" />
      <TestMethod codeBase="D:\UnidadDocumentos\jose\CURSOS\AZURE_IA\netClean\minimalapinet8\tests\Presentation.Tests.Unit\bin\Debug\net8.0\Presentation.Tests.Unit.dll" adapterTypeName="executor://xunit/VsTestRunner2/netcoreapp" className="CleanMinimalApi.Presentation.Tests.Unit.Endpoints.MovieEndpointTests" name="GetMovieById_ShouldReturn_Ok" />
    </UnitTest>
    <UnitTest name="CleanMinimalApi.Presentation.Tests.Unit.Validators.UpdateReviewValidatorTests.Validator_ShouldNotHaveValidationErrorFor_ReviewAuthorId(stars: 1)" storage="d:\unidaddocumentos\jose\cursos\azure_ia\netclean\minimalapinet8\tests\presentation.tests.unit\bin\debug\net8.0\presentation.tests.unit.dll" id="b677c62c-c8f0-60b0-45a5-4e0e7f94cd43">
      <Execution id="ad77723e-9f96-47ee-867b-e23f50e8024c" />
      <TestMethod codeBase="D:\UnidadDocumentos\jose\CURSOS\AZURE_IA\netClean\minimalapinet8\tests\Presentation.Tests.Unit\bin\Debug\net8.0\Presentation.Tests.Unit.dll" adapterTypeName="executor://xunit/VsTestRunner2/netcoreapp" className="CleanMinimalApi.Presentation.Tests.Unit.Validators.UpdateReviewValidatorTests" name="Validator_ShouldNotHaveValidationErrorFor_ReviewAuthorId" />
    </UnitTest>
    <UnitTest name="CleanMinimalApi.Presentation.Tests.Unit.Validators.CreateReviewValidatorTests.Validator_ShouldHaveValidationErrorFor_Stars(stars: -1)" storage="d:\unidaddocumentos\jose\cursos\azure_ia\netclean\minimalapinet8\tests\presentation.tests.unit\bin\debug\net8.0\presentation.tests.unit.dll" id="93265963-fa8a-fd12-990a-80faedf10ede">
      <Execution id="0df40b4d-b3a0-4552-8243-0a30ee57ab03" />
      <TestMethod codeBase="D:\UnidadDocumentos\jose\CURSOS\AZURE_IA\netClean\minimalapinet8\tests\Presentation.Tests.Unit\bin\Debug\net8.0\Presentation.Tests.Unit.dll" adapterTypeName="executor://xunit/VsTestRunner2/netcoreapp" className="CleanMinimalApi.Presentation.Tests.Unit.Validators.CreateReviewValidatorTests" name="Validator_ShouldHaveValidationErrorFor_Stars" />
    </UnitTest>
    <UnitTest name="CleanMinimalApi.Presentation.Tests.Unit.Validators.CreateReviewValidatorTests.Validator_ShouldHaveValidationErrorFor_Stars(stars: 0)" storage="d:\unidaddocumentos\jose\cursos\azure_ia\netclean\minimalapinet8\tests\presentation.tests.unit\bin\debug\net8.0\presentation.tests.unit.dll" id="47f46611-fe0a-608f-3514-5156ec21fb7d">
      <Execution id="30b726e5-de0d-4300-9216-558d57db9da2" />
      <TestMethod codeBase="D:\UnidadDocumentos\jose\CURSOS\AZURE_IA\netClean\minimalapinet8\tests\Presentation.Tests.Unit\bin\Debug\net8.0\Presentation.Tests.Unit.dll" adapterTypeName="executor://xunit/VsTestRunner2/netcoreapp" className="CleanMinimalApi.Presentation.Tests.Unit.Validators.CreateReviewValidatorTests" name="Validator_ShouldHaveValidationErrorFor_Stars" />
    </UnitTest>
    <UnitTest name="CleanMinimalApi.Presentation.Tests.Unit.Validators.UpdateReviewValidatorTests.Validator_ShouldNotHaveValidationErrorFor_ReviewAuthorId(stars: 5)" storage="d:\unidaddocumentos\jose\cursos\azure_ia\netclean\minimalapinet8\tests\presentation.tests.unit\bin\debug\net8.0\presentation.tests.unit.dll" id="e2b4d824-873b-d8a3-4ec8-6b34602d9c1b">
      <Execution id="9f26971b-ac3f-43cf-ae7b-d40a4d18a64f" />
      <TestMethod codeBase="D:\UnidadDocumentos\jose\CURSOS\AZURE_IA\netClean\minimalapinet8\tests\Presentation.Tests.Unit\bin\Debug\net8.0\Presentation.Tests.Unit.dll" adapterTypeName="executor://xunit/VsTestRunner2/netcoreapp" className="CleanMinimalApi.Presentation.Tests.Unit.Validators.UpdateReviewValidatorTests" name="Validator_ShouldNotHaveValidationErrorFor_ReviewAuthorId" />
    </UnitTest>
    <UnitTest name="CleanMinimalApi.Presentation.Tests.Unit.Endpoints.MovieEndpointTests.GetMovies_ShouldReturn_Problem" storage="d:\unidaddocumentos\jose\cursos\azure_ia\netclean\minimalapinet8\tests\presentation.tests.unit\bin\debug\net8.0\presentation.tests.unit.dll" id="c82f415f-2d9e-e922-904c-2332c93826c1">
      <Execution id="7af27d67-7107-4b1e-a012-870c1ce99dca" />
      <TestMethod codeBase="D:\UnidadDocumentos\jose\CURSOS\AZURE_IA\netClean\minimalapinet8\tests\Presentation.Tests.Unit\bin\Debug\net8.0\Presentation.Tests.Unit.dll" adapterTypeName="executor://xunit/VsTestRunner2/netcoreapp" className="CleanMinimalApi.Presentation.Tests.Unit.Endpoints.MovieEndpointTests" name="GetMovies_ShouldReturn_Problem" />
    </UnitTest>
    <UnitTest name="CleanMinimalApi.Presentation.Tests.Unit.Endpoints.MovieEndpointTests.GetMovies_ShouldReturn_Ok" storage="d:\unidaddocumentos\jose\cursos\azure_ia\netclean\minimalapinet8\tests\presentation.tests.unit\bin\debug\net8.0\presentation.tests.unit.dll" id="73093b7b-3f38-b44e-d9af-62f1fe1bd6b6">
      <Execution id="932d627a-6a61-4d63-b287-8d40a485bca5" />
      <TestMethod codeBase="D:\UnidadDocumentos\jose\CURSOS\AZURE_IA\netClean\minimalapinet8\tests\Presentation.Tests.Unit\bin\Debug\net8.0\Presentation.Tests.Unit.dll" adapterTypeName="executor://xunit/VsTestRunner2/netcoreapp" className="CleanMinimalApi.Presentation.Tests.Unit.Endpoints.MovieEndpointTests" name="GetMovies_ShouldReturn_Ok" />
    </UnitTest>
    <UnitTest name="CleanMinimalApi.Presentation.Tests.Unit.Endpoints.ReviewEndpointTests.UpdateReview_ShouldReturn_NotFound" storage="d:\unidaddocumentos\jose\cursos\azure_ia\netclean\minimalapinet8\tests\presentation.tests.unit\bin\debug\net8.0\presentation.tests.unit.dll" id="24a988f5-b45f-0d1d-eeb4-5eef5dcfd817">
      <Execution id="10b4b008-09e8-4e75-833a-6c370d68d9ac" />
      <TestMethod codeBase="D:\UnidadDocumentos\jose\CURSOS\AZURE_IA\netClean\minimalapinet8\tests\Presentation.Tests.Unit\bin\Debug\net8.0\Presentation.Tests.Unit.dll" adapterTypeName="executor://xunit/VsTestRunner2/netcoreapp" className="CleanMinimalApi.Presentation.Tests.Unit.Endpoints.ReviewEndpointTests" name="UpdateReview_ShouldReturn_NotFound" />
    </UnitTest>
    <UnitTest name="CleanMinimalApi.Presentation.Tests.Unit.Validators.CreateReviewValidatorTests.Validator_ShouldNotHaveValidationErrorFor_ValidRequest(stars: 5)" storage="d:\unidaddocumentos\jose\cursos\azure_ia\netclean\minimalapinet8\tests\presentation.tests.unit\bin\debug\net8.0\presentation.tests.unit.dll" id="abbb65a4-b8b8-6a49-c6b7-ceae299e1826">
      <Execution id="056d3ab3-179a-48de-8c2e-9f4591498aa2" />
      <TestMethod codeBase="D:\UnidadDocumentos\jose\CURSOS\AZURE_IA\netClean\minimalapinet8\tests\Presentation.Tests.Unit\bin\Debug\net8.0\Presentation.Tests.Unit.dll" adapterTypeName="executor://xunit/VsTestRunner2/netcoreapp" className="CleanMinimalApi.Presentation.Tests.Unit.Validators.CreateReviewValidatorTests" name="Validator_ShouldNotHaveValidationErrorFor_ValidRequest" />
    </UnitTest>
    <UnitTest name="CleanMinimalApi.Presentation.Tests.Unit.Endpoints.ReviewEndpointTests.DeleteReview_ShouldReturn_NoContent" storage="d:\unidaddocumentos\jose\cursos\azure_ia\netclean\minimalapinet8\tests\presentation.tests.unit\bin\debug\net8.0\presentation.tests.unit.dll" id="4ce842aa-e807-970f-e8b9-62bd5706a188">
      <Execution id="dbc93902-ba0b-4fd0-bc48-f3690ea656db" />
      <TestMethod codeBase="D:\UnidadDocumentos\jose\CURSOS\AZURE_IA\netClean\minimalapinet8\tests\Presentation.Tests.Unit\bin\Debug\net8.0\Presentation.Tests.Unit.dll" adapterTypeName="executor://xunit/VsTestRunner2/netcoreapp" className="CleanMinimalApi.Presentation.Tests.Unit.Endpoints.ReviewEndpointTests" name="DeleteReview_ShouldReturn_NoContent" />
    </UnitTest>
    <UnitTest name="CleanMinimalApi.Presentation.Tests.Unit.Validators.CreateReviewValidatorTests.Validator_ShouldNotHaveValidationErrorFor_ValidRequest(stars: 2)" storage="d:\unidaddocumentos\jose\cursos\azure_ia\netclean\minimalapinet8\tests\presentation.tests.unit\bin\debug\net8.0\presentation.tests.unit.dll" id="226d0ac6-520c-d1ad-94b5-d4ab4bad5c53">
      <Execution id="0260cc2e-fa73-4eff-a7f1-64bda17eba9b" />
      <TestMethod codeBase="D:\UnidadDocumentos\jose\CURSOS\AZURE_IA\netClean\minimalapinet8\tests\Presentation.Tests.Unit\bin\Debug\net8.0\Presentation.Tests.Unit.dll" adapterTypeName="executor://xunit/VsTestRunner2/netcoreapp" className="CleanMinimalApi.Presentation.Tests.Unit.Validators.CreateReviewValidatorTests" name="Validator_ShouldNotHaveValidationErrorFor_ValidRequest" />
    </UnitTest>
    <UnitTest name="CleanMinimalApi.Presentation.Tests.Unit.Validators.GenericIdentityValidatorTests.Validator_ShouldNotHaveValidationErrorFor_Guid" storage="d:\unidaddocumentos\jose\cursos\azure_ia\netclean\minimalapinet8\tests\presentation.tests.unit\bin\debug\net8.0\presentation.tests.unit.dll" id="4bf39f32-f9f2-0f3d-2b07-542a1b576a2c">
      <Execution id="f5a8778f-579f-4680-aeb7-60f9eec630a6" />
      <TestMethod codeBase="D:\UnidadDocumentos\jose\CURSOS\AZURE_IA\netClean\minimalapinet8\tests\Presentation.Tests.Unit\bin\Debug\net8.0\Presentation.Tests.Unit.dll" adapterTypeName="executor://xunit/VsTestRunner2/netcoreapp" className="CleanMinimalApi.Presentation.Tests.Unit.Validators.GenericIdentityValidatorTests" name="Validator_ShouldNotHaveValidationErrorFor_Guid" />
    </UnitTest>
    <UnitTest name="CleanMinimalApi.Presentation.Tests.Unit.Validators.UpdateReviewValidatorTests.Validator_ShouldHaveValidationErrorFor_Stars(stars: 100)" storage="d:\unidaddocumentos\jose\cursos\azure_ia\netclean\minimalapinet8\tests\presentation.tests.unit\bin\debug\net8.0\presentation.tests.unit.dll" id="dc1de20f-5344-eea3-793e-042aa59670e3">
      <Execution id="712bac87-5222-441e-9fc8-fb9293522fb0" />
      <TestMethod codeBase="D:\UnidadDocumentos\jose\CURSOS\AZURE_IA\netClean\minimalapinet8\tests\Presentation.Tests.Unit\bin\Debug\net8.0\Presentation.Tests.Unit.dll" adapterTypeName="executor://xunit/VsTestRunner2/netcoreapp" className="CleanMinimalApi.Presentation.Tests.Unit.Validators.UpdateReviewValidatorTests" name="Validator_ShouldHaveValidationErrorFor_Stars" />
    </UnitTest>
    <UnitTest name="CleanMinimalApi.Presentation.Tests.Unit.Validators.GenericIdentityValidatorTests.Validator_ShouldHaveValidationErrorFor_Empty" storage="d:\unidaddocumentos\jose\cursos\azure_ia\netclean\minimalapinet8\tests\presentation.tests.unit\bin\debug\net8.0\presentation.tests.unit.dll" id="84c49eb9-c8ea-6f9f-bbad-8f351cd836bc">
      <Execution id="1e5bb421-de4f-4c3e-9a4a-5ce7db7b7ad0" />
      <TestMethod codeBase="D:\UnidadDocumentos\jose\CURSOS\AZURE_IA\netClean\minimalapinet8\tests\Presentation.Tests.Unit\bin\Debug\net8.0\Presentation.Tests.Unit.dll" adapterTypeName="executor://xunit/VsTestRunner2/netcoreapp" className="CleanMinimalApi.Presentation.Tests.Unit.Validators.GenericIdentityValidatorTests" name="Validator_ShouldHaveValidationErrorFor_Empty" />
    </UnitTest>
    <UnitTest name="CleanMinimalApi.Presentation.Tests.Unit.Validators.CreateReviewValidatorTests.Validator_ShouldHaveValidationErrorFor_ReviewAuthorId" storage="d:\unidaddocumentos\jose\cursos\azure_ia\netclean\minimalapinet8\tests\presentation.tests.unit\bin\debug\net8.0\presentation.tests.unit.dll" id="92d621eb-0dea-221a-9b34-816a72518254">
      <Execution id="abe74f3d-af2c-4651-b2fb-17709a4b0d50" />
      <TestMethod codeBase="D:\UnidadDocumentos\jose\CURSOS\AZURE_IA\netClean\minimalapinet8\tests\Presentation.Tests.Unit\bin\Debug\net8.0\Presentation.Tests.Unit.dll" adapterTypeName="executor://xunit/VsTestRunner2/netcoreapp" className="CleanMinimalApi.Presentation.Tests.Unit.Validators.CreateReviewValidatorTests" name="Validator_ShouldHaveValidationErrorFor_ReviewAuthorId" />
    </UnitTest>
    <UnitTest name="CleanMinimalApi.Presentation.Tests.Unit.Endpoints.VersionEndpointTests.GetVersion_ShouldReturn_Problem" storage="d:\unidaddocumentos\jose\cursos\azure_ia\netclean\minimalapinet8\tests\presentation.tests.unit\bin\debug\net8.0\presentation.tests.unit.dll" id="d9492c0d-bbeb-819d-3a0c-9e3e43185bb2">
      <Execution id="cd62bbb8-cf7c-4dd4-981f-a6b65affe374" />
      <TestMethod codeBase="D:\UnidadDocumentos\jose\CURSOS\AZURE_IA\netClean\minimalapinet8\tests\Presentation.Tests.Unit\bin\Debug\net8.0\Presentation.Tests.Unit.dll" adapterTypeName="executor://xunit/VsTestRunner2/netcoreapp" className="CleanMinimalApi.Presentation.Tests.Unit.Endpoints.VersionEndpointTests" name="GetVersion_ShouldReturn_Problem" />
    </UnitTest>
    <UnitTest name="CleanMinimalApi.Presentation.Tests.Unit.Endpoints.ReviewEndpointTests.CreateReview_ShouldReturn_NotFound" storage="d:\unidaddocumentos\jose\cursos\azure_ia\netclean\minimalapinet8\tests\presentation.tests.unit\bin\debug\net8.0\presentation.tests.unit.dll" id="a0dae4d4-bb79-a8f3-f3aa-a8e7786389a4">
      <Execution id="f5bad683-84b6-4595-ba41-5314fea41c47" />
      <TestMethod codeBase="D:\UnidadDocumentos\jose\CURSOS\AZURE_IA\netClean\minimalapinet8\tests\Presentation.Tests.Unit\bin\Debug\net8.0\Presentation.Tests.Unit.dll" adapterTypeName="executor://xunit/VsTestRunner2/netcoreapp" className="CleanMinimalApi.Presentation.Tests.Unit.Endpoints.ReviewEndpointTests" name="CreateReview_ShouldReturn_NotFound" />
    </UnitTest>
    <UnitTest name="CleanMinimalApi.Presentation.Tests.Unit.Endpoints.ReviewEndpointTests.DeleteReview_ShouldReturn_NotFound" storage="d:\unidaddocumentos\jose\cursos\azure_ia\netclean\minimalapinet8\tests\presentation.tests.unit\bin\debug\net8.0\presentation.tests.unit.dll" id="56cc12c5-1eec-815d-5998-0f9f957a9be4">
      <Execution id="908f036c-71d0-4c5f-b421-b96d0aedf122" />
      <TestMethod codeBase="D:\UnidadDocumentos\jose\CURSOS\AZURE_IA\netClean\minimalapinet8\tests\Presentation.Tests.Unit\bin\Debug\net8.0\Presentation.Tests.Unit.dll" adapterTypeName="executor://xunit/VsTestRunner2/netcoreapp" className="CleanMinimalApi.Presentation.Tests.Unit.Endpoints.ReviewEndpointTests" name="DeleteReview_ShouldReturn_NotFound" />
    </UnitTest>
    <UnitTest name="CleanMinimalApi.Presentation.Tests.Unit.Validators.CreateReviewValidatorTests.Validator_ShouldHaveValidationErrorFor_ReviewedMovieId" storage="d:\unidaddocumentos\jose\cursos\azure_ia\netclean\minimalapinet8\tests\presentation.tests.unit\bin\debug\net8.0\presentation.tests.unit.dll" id="67335cf6-1482-2341-f89e-7915a8bc6762">
      <Execution id="09efabec-9b90-42e9-b241-20d131ebf34d" />
      <TestMethod codeBase="D:\UnidadDocumentos\jose\CURSOS\AZURE_IA\netClean\minimalapinet8\tests\Presentation.Tests.Unit\bin\Debug\net8.0\Presentation.Tests.Unit.dll" adapterTypeName="executor://xunit/VsTestRunner2/netcoreapp" className="CleanMinimalApi.Presentation.Tests.Unit.Validators.CreateReviewValidatorTests" name="Validator_ShouldHaveValidationErrorFor_ReviewedMovieId" />
    </UnitTest>
    <UnitTest name="CleanMinimalApi.Presentation.Tests.Unit.Endpoints.ReviewEndpointTests.CreateReview_ShouldReturn_Created" storage="d:\unidaddocumentos\jose\cursos\azure_ia\netclean\minimalapinet8\tests\presentation.tests.unit\bin\debug\net8.0\presentation.tests.unit.dll" id="c5d95977-deaf-1373-6be5-1d1c39de3d52">
      <Execution id="247f308a-ad38-40ec-b7ba-77641bf2c915" />
      <TestMethod codeBase="D:\UnidadDocumentos\jose\CURSOS\AZURE_IA\netClean\minimalapinet8\tests\Presentation.Tests.Unit\bin\Debug\net8.0\Presentation.Tests.Unit.dll" adapterTypeName="executor://xunit/VsTestRunner2/netcoreapp" className="CleanMinimalApi.Presentation.Tests.Unit.Endpoints.ReviewEndpointTests" name="CreateReview_ShouldReturn_Created" />
    </UnitTest>
    <UnitTest name="CleanMinimalApi.Presentation.Tests.Unit.Endpoints.ReviewEndpointTests.GetReviews_ShouldReturn_Ok" storage="d:\unidaddocumentos\jose\cursos\azure_ia\netclean\minimalapinet8\tests\presentation.tests.unit\bin\debug\net8.0\presentation.tests.unit.dll" id="c443d1d7-0ad9-7836-d3ed-efc4c43846c7">
      <Execution id="189c3259-d71b-465d-9640-c7a56066b8c5" />
      <TestMethod codeBase="D:\UnidadDocumentos\jose\CURSOS\AZURE_IA\netClean\minimalapinet8\tests\Presentation.Tests.Unit\bin\Debug\net8.0\Presentation.Tests.Unit.dll" adapterTypeName="executor://xunit/VsTestRunner2/netcoreapp" className="CleanMinimalApi.Presentation.Tests.Unit.Endpoints.ReviewEndpointTests" name="GetReviews_ShouldReturn_Ok" />
    </UnitTest>
    <UnitTest name="CleanMinimalApi.Presentation.Tests.Unit.Endpoints.ReviewEndpointTests.DeleteReview_ShouldReturn_Problem" storage="d:\unidaddocumentos\jose\cursos\azure_ia\netclean\minimalapinet8\tests\presentation.tests.unit\bin\debug\net8.0\presentation.tests.unit.dll" id="182d7477-28ec-0fc4-59a4-1b5cbd334632">
      <Execution id="3a395967-5ee5-4270-a5d5-0af3653f3791" />
      <TestMethod codeBase="D:\UnidadDocumentos\jose\CURSOS\AZURE_IA\netClean\minimalapinet8\tests\Presentation.Tests.Unit\bin\Debug\net8.0\Presentation.Tests.Unit.dll" adapterTypeName="executor://xunit/VsTestRunner2/netcoreapp" className="CleanMinimalApi.Presentation.Tests.Unit.Endpoints.ReviewEndpointTests" name="DeleteReview_ShouldReturn_Problem" />
    </UnitTest>
    <UnitTest name="CleanMinimalApi.Presentation.Tests.Unit.Validators.CreateReviewValidatorTests.Validator_ShouldNotHaveValidationErrorFor_ValidRequest(stars: 4)" storage="d:\unidaddocumentos\jose\cursos\azure_ia\netclean\minimalapinet8\tests\presentation.tests.unit\bin\debug\net8.0\presentation.tests.unit.dll" id="9cf0d41d-4f3c-3b07-f8fd-06f7b7de57b8">
      <Execution id="3b8f4694-da04-4913-8df0-370112b121c4" />
      <TestMethod codeBase="D:\UnidadDocumentos\jose\CURSOS\AZURE_IA\netClean\minimalapinet8\tests\Presentation.Tests.Unit\bin\Debug\net8.0\Presentation.Tests.Unit.dll" adapterTypeName="executor://xunit/VsTestRunner2/netcoreapp" className="CleanMinimalApi.Presentation.Tests.Unit.Validators.CreateReviewValidatorTests" name="Validator_ShouldNotHaveValidationErrorFor_ValidRequest" />
    </UnitTest>
    <UnitTest name="CleanMinimalApi.Presentation.Tests.Unit.Endpoints.AuthorEndpointTests.GetAuthors_ShouldReturn_Problem" storage="d:\unidaddocumentos\jose\cursos\azure_ia\netclean\minimalapinet8\tests\presentation.tests.unit\bin\debug\net8.0\presentation.tests.unit.dll" id="a6251caf-21c0-e60b-143b-428fe5f04b6a">
      <Execution id="51afdba0-5a95-4fb8-b8ef-9261aa06435a" />
      <TestMethod codeBase="D:\UnidadDocumentos\jose\CURSOS\AZURE_IA\netClean\minimalapinet8\tests\Presentation.Tests.Unit\bin\Debug\net8.0\Presentation.Tests.Unit.dll" adapterTypeName="executor://xunit/VsTestRunner2/netcoreapp" className="CleanMinimalApi.Presentation.Tests.Unit.Endpoints.AuthorEndpointTests" name="GetAuthors_ShouldReturn_Problem" />
    </UnitTest>
    <UnitTest name="CleanMinimalApi.Presentation.Tests.Unit.Validators.CreateReviewValidatorTests.Validator_ShouldHaveValidationErrorFor_Stars(stars: 6)" storage="d:\unidaddocumentos\jose\cursos\azure_ia\netclean\minimalapinet8\tests\presentation.tests.unit\bin\debug\net8.0\presentation.tests.unit.dll" id="29b835be-f092-91bc-1655-48cd6f139e8d">
      <Execution id="9ccf89b4-6988-4d43-a382-2c98f24d7f61" />
      <TestMethod codeBase="D:\UnidadDocumentos\jose\CURSOS\AZURE_IA\netClean\minimalapinet8\tests\Presentation.Tests.Unit\bin\Debug\net8.0\Presentation.Tests.Unit.dll" adapterTypeName="executor://xunit/VsTestRunner2/netcoreapp" className="CleanMinimalApi.Presentation.Tests.Unit.Validators.CreateReviewValidatorTests" name="Validator_ShouldHaveValidationErrorFor_Stars" />
    </UnitTest>
    <UnitTest name="CleanMinimalApi.Presentation.Tests.Unit.Validators.UpdateReviewValidatorTests.Validator_ShouldNotHaveValidationErrorFor_ReviewAuthorId(stars: 4)" storage="d:\unidaddocumentos\jose\cursos\azure_ia\netclean\minimalapinet8\tests\presentation.tests.unit\bin\debug\net8.0\presentation.tests.unit.dll" id="b573e8eb-bba1-5bb8-5826-3a3c71af61e5">
      <Execution id="f8cc5d23-7cc5-47b9-9313-46c411d94a17" />
      <TestMethod codeBase="D:\UnidadDocumentos\jose\CURSOS\AZURE_IA\netClean\minimalapinet8\tests\Presentation.Tests.Unit\bin\Debug\net8.0\Presentation.Tests.Unit.dll" adapterTypeName="executor://xunit/VsTestRunner2/netcoreapp" className="CleanMinimalApi.Presentation.Tests.Unit.Validators.UpdateReviewValidatorTests" name="Validator_ShouldNotHaveValidationErrorFor_ReviewAuthorId" />
    </UnitTest>
    <UnitTest name="CleanMinimalApi.Presentation.Tests.Unit.Endpoints.AuthorEndpointTests.GetAuthorById_ShouldReturn_NotFound" storage="d:\unidaddocumentos\jose\cursos\azure_ia\netclean\minimalapinet8\tests\presentation.tests.unit\bin\debug\net8.0\presentation.tests.unit.dll" id="2f1f8d50-3522-aa8a-29bc-03ce164d1be8">
      <Execution id="76949fdf-fbad-4ee3-8e7b-c5cb49f299f6" />
      <TestMethod codeBase="D:\UnidadDocumentos\jose\CURSOS\AZURE_IA\netClean\minimalapinet8\tests\Presentation.Tests.Unit\bin\Debug\net8.0\Presentation.Tests.Unit.dll" adapterTypeName="executor://xunit/VsTestRunner2/netcoreapp" className="CleanMinimalApi.Presentation.Tests.Unit.Endpoints.AuthorEndpointTests" name="GetAuthorById_ShouldReturn_NotFound" />
    </UnitTest>
    <UnitTest name="CleanMinimalApi.Presentation.Tests.Unit.Validators.UpdateReviewValidatorTests.Validator_ShouldHaveValidationErrorFor_Stars(stars: -100)" storage="d:\unidaddocumentos\jose\cursos\azure_ia\netclean\minimalapinet8\tests\presentation.tests.unit\bin\debug\net8.0\presentation.tests.unit.dll" id="5112c5e8-a29f-3733-f245-1197d122f7eb">
      <Execution id="7cf37ebc-725c-4ac6-9d33-30338c24c089" />
      <TestMethod codeBase="D:\UnidadDocumentos\jose\CURSOS\AZURE_IA\netClean\minimalapinet8\tests\Presentation.Tests.Unit\bin\Debug\net8.0\Presentation.Tests.Unit.dll" adapterTypeName="executor://xunit/VsTestRunner2/netcoreapp" className="CleanMinimalApi.Presentation.Tests.Unit.Validators.UpdateReviewValidatorTests" name="Validator_ShouldHaveValidationErrorFor_Stars" />
    </UnitTest>
    <UnitTest name="CleanMinimalApi.Presentation.Tests.Unit.Endpoints.ReviewEndpointTests.GetReviews_ShouldReturn_Problem" storage="d:\unidaddocumentos\jose\cursos\azure_ia\netclean\minimalapinet8\tests\presentation.tests.unit\bin\debug\net8.0\presentation.tests.unit.dll" id="e185b375-2a2e-7f4f-8934-374db878c249">
      <Execution id="ab943d1a-29de-411a-8ead-0a42f1f32aa2" />
      <TestMethod codeBase="D:\UnidadDocumentos\jose\CURSOS\AZURE_IA\netClean\minimalapinet8\tests\Presentation.Tests.Unit\bin\Debug\net8.0\Presentation.Tests.Unit.dll" adapterTypeName="executor://xunit/VsTestRunner2/netcoreapp" className="CleanMinimalApi.Presentation.Tests.Unit.Endpoints.ReviewEndpointTests" name="GetReviews_ShouldReturn_Problem" />
    </UnitTest>
    <UnitTest name="CleanMinimalApi.Presentation.Tests.Unit.Endpoints.AuthorEndpointTests.GetAuthorById_ShouldReturn_Ok" storage="d:\unidaddocumentos\jose\cursos\azure_ia\netclean\minimalapinet8\tests\presentation.tests.unit\bin\debug\net8.0\presentation.tests.unit.dll" id="32a3e381-94c0-62de-90be-648d88eb1909">
      <Execution id="cb865ea7-9e90-42c9-b5a5-9eb76b443ec6" />
      <TestMethod codeBase="D:\UnidadDocumentos\jose\CURSOS\AZURE_IA\netClean\minimalapinet8\tests\Presentation.Tests.Unit\bin\Debug\net8.0\Presentation.Tests.Unit.dll" adapterTypeName="executor://xunit/VsTestRunner2/netcoreapp" className="CleanMinimalApi.Presentation.Tests.Unit.Endpoints.AuthorEndpointTests" name="GetAuthorById_ShouldReturn_Ok" />
    </UnitTest>
    <UnitTest name="CleanMinimalApi.Presentation.Tests.Unit.Validators.UpdateReviewValidatorTests.Validator_ShouldHaveValidationErrorFor_Stars(stars: 0)" storage="d:\unidaddocumentos\jose\cursos\azure_ia\netclean\minimalapinet8\tests\presentation.tests.unit\bin\debug\net8.0\presentation.tests.unit.dll" id="4afa17cb-4353-ed5c-9db5-21c7c663dba7">
      <Execution id="5d1996a1-0db4-4839-9689-04a2ad84bd9e" />
      <TestMethod codeBase="D:\UnidadDocumentos\jose\CURSOS\AZURE_IA\netClean\minimalapinet8\tests\Presentation.Tests.Unit\bin\Debug\net8.0\Presentation.Tests.Unit.dll" adapterTypeName="executor://xunit/VsTestRunner2/netcoreapp" className="CleanMinimalApi.Presentation.Tests.Unit.Validators.UpdateReviewValidatorTests" name="Validator_ShouldHaveValidationErrorFor_Stars" />
    </UnitTest>
    <UnitTest name="CleanMinimalApi.Presentation.Tests.Unit.Validators.UpdateReviewValidatorTests.Validator_ShouldHaveValidationErrorFor_Stars(stars: 6)" storage="d:\unidaddocumentos\jose\cursos\azure_ia\netclean\minimalapinet8\tests\presentation.tests.unit\bin\debug\net8.0\presentation.tests.unit.dll" id="22df6d4c-43a8-e3fa-de5e-485270db3318">
      <Execution id="ac68edb5-8a63-49eb-ae6b-5dfb56f3662b" />
      <TestMethod codeBase="D:\UnidadDocumentos\jose\CURSOS\AZURE_IA\netClean\minimalapinet8\tests\Presentation.Tests.Unit\bin\Debug\net8.0\Presentation.Tests.Unit.dll" adapterTypeName="executor://xunit/VsTestRunner2/netcoreapp" className="CleanMinimalApi.Presentation.Tests.Unit.Validators.UpdateReviewValidatorTests" name="Validator_ShouldHaveValidationErrorFor_Stars" />
    </UnitTest>
    <UnitTest name="CleanMinimalApi.Presentation.Tests.Unit.Endpoints.ReviewEndpointTests.GetReviewById_ShouldReturn_Problem" storage="d:\unidaddocumentos\jose\cursos\azure_ia\netclean\minimalapinet8\tests\presentation.tests.unit\bin\debug\net8.0\presentation.tests.unit.dll" id="910cc7bc-d89e-536d-d321-4887cf85f60e">
      <Execution id="09a81562-2a62-4677-b21f-6e6a004ccf9a" />
      <TestMethod codeBase="D:\UnidadDocumentos\jose\CURSOS\AZURE_IA\netClean\minimalapinet8\tests\Presentation.Tests.Unit\bin\Debug\net8.0\Presentation.Tests.Unit.dll" adapterTypeName="executor://xunit/VsTestRunner2/netcoreapp" className="CleanMinimalApi.Presentation.Tests.Unit.Endpoints.ReviewEndpointTests" name="GetReviewById_ShouldReturn_Problem" />
    </UnitTest>
    <UnitTest name="CleanMinimalApi.Presentation.Tests.Unit.Validators.UpdateReviewValidatorTests.Validator_ShouldHaveValidationErrorFor_ReviewedMovieId" storage="d:\unidaddocumentos\jose\cursos\azure_ia\netclean\minimalapinet8\tests\presentation.tests.unit\bin\debug\net8.0\presentation.tests.unit.dll" id="d840f2df-2f88-8f6f-9685-ae1ee24f9481">
      <Execution id="626b769e-51dc-4cfa-8b10-f580ae98ff8a" />
      <TestMethod codeBase="D:\UnidadDocumentos\jose\CURSOS\AZURE_IA\netClean\minimalapinet8\tests\Presentation.Tests.Unit\bin\Debug\net8.0\Presentation.Tests.Unit.dll" adapterTypeName="executor://xunit/VsTestRunner2/netcoreapp" className="CleanMinimalApi.Presentation.Tests.Unit.Validators.UpdateReviewValidatorTests" name="Validator_ShouldHaveValidationErrorFor_ReviewedMovieId" />
    </UnitTest>
    <UnitTest name="CleanMinimalApi.Presentation.Tests.Unit.Endpoints.ReviewEndpointTests.GetReviewById_ShouldReturn_Ok" storage="d:\unidaddocumentos\jose\cursos\azure_ia\netclean\minimalapinet8\tests\presentation.tests.unit\bin\debug\net8.0\presentation.tests.unit.dll" id="4caaf6fa-c57f-ef8c-9049-a8fe65384ad6">
      <Execution id="d69753b2-4c25-441d-bed2-642b223295fd" />
      <TestMethod codeBase="D:\UnidadDocumentos\jose\CURSOS\AZURE_IA\netClean\minimalapinet8\tests\Presentation.Tests.Unit\bin\Debug\net8.0\Presentation.Tests.Unit.dll" adapterTypeName="executor://xunit/VsTestRunner2/netcoreapp" className="CleanMinimalApi.Presentation.Tests.Unit.Endpoints.ReviewEndpointTests" name="GetReviewById_ShouldReturn_Ok" />
    </UnitTest>
    <UnitTest name="CleanMinimalApi.Presentation.Tests.Unit.Validators.CreateReviewValidatorTests.Validator_ShouldHaveValidationErrorFor_Stars(stars: -100)" storage="d:\unidaddocumentos\jose\cursos\azure_ia\netclean\minimalapinet8\tests\presentation.tests.unit\bin\debug\net8.0\presentation.tests.unit.dll" id="2d6df972-06dd-dcca-66d7-bb336d37bfdf">
      <Execution id="9e413a0e-a9b5-4eb6-bac9-4ecae4d92cda" />
      <TestMethod codeBase="D:\UnidadDocumentos\jose\CURSOS\AZURE_IA\netClean\minimalapinet8\tests\Presentation.Tests.Unit\bin\Debug\net8.0\Presentation.Tests.Unit.dll" adapterTypeName="executor://xunit/VsTestRunner2/netcoreapp" className="CleanMinimalApi.Presentation.Tests.Unit.Validators.CreateReviewValidatorTests" name="Validator_ShouldHaveValidationErrorFor_Stars" />
    </UnitTest>
    <UnitTest name="CleanMinimalApi.Presentation.Tests.Unit.Endpoints.AuthorEndpointTests.GetAuthors_ShouldReturn_Ok" storage="d:\unidaddocumentos\jose\cursos\azure_ia\netclean\minimalapinet8\tests\presentation.tests.unit\bin\debug\net8.0\presentation.tests.unit.dll" id="6ef2dc0a-3ae0-d1ff-7202-0d0d96368e4b">
      <Execution id="88ce7f16-6c22-4703-b1a4-5ca21441dc30" />
      <TestMethod codeBase="D:\UnidadDocumentos\jose\CURSOS\AZURE_IA\netClean\minimalapinet8\tests\Presentation.Tests.Unit\bin\Debug\net8.0\Presentation.Tests.Unit.dll" adapterTypeName="executor://xunit/VsTestRunner2/netcoreapp" className="CleanMinimalApi.Presentation.Tests.Unit.Endpoints.AuthorEndpointTests" name="GetAuthors_ShouldReturn_Ok" />
    </UnitTest>
    <UnitTest name="CleanMinimalApi.Presentation.Tests.Unit.Validators.UpdateReviewValidatorTests.Validator_ShouldNotHaveValidationErrorFor_ReviewAuthorId(stars: 3)" storage="d:\unidaddocumentos\jose\cursos\azure_ia\netclean\minimalapinet8\tests\presentation.tests.unit\bin\debug\net8.0\presentation.tests.unit.dll" id="4a9cb04d-6864-9c66-763c-10bc009c9bd7">
      <Execution id="a080d626-0dbf-4f0a-a1fd-cabdfc3a88f8" />
      <TestMethod codeBase="D:\UnidadDocumentos\jose\CURSOS\AZURE_IA\netClean\minimalapinet8\tests\Presentation.Tests.Unit\bin\Debug\net8.0\Presentation.Tests.Unit.dll" adapterTypeName="executor://xunit/VsTestRunner2/netcoreapp" className="CleanMinimalApi.Presentation.Tests.Unit.Validators.UpdateReviewValidatorTests" name="Validator_ShouldNotHaveValidationErrorFor_ReviewAuthorId" />
    </UnitTest>
    <UnitTest name="CleanMinimalApi.Presentation.Tests.Unit.Validators.UpdateReviewValidatorTests.Validator_ShouldHaveValidationErrorFor_ReviewAuthorId" storage="d:\unidaddocumentos\jose\cursos\azure_ia\netclean\minimalapinet8\tests\presentation.tests.unit\bin\debug\net8.0\presentation.tests.unit.dll" id="b4a6e08a-dff9-ab19-71fc-ac532b8a2dce">
      <Execution id="774667e3-13af-47a7-884b-eaab4ce6c01d" />
      <TestMethod codeBase="D:\UnidadDocumentos\jose\CURSOS\AZURE_IA\netClean\minimalapinet8\tests\Presentation.Tests.Unit\bin\Debug\net8.0\Presentation.Tests.Unit.dll" adapterTypeName="executor://xunit/VsTestRunner2/netcoreapp" className="CleanMinimalApi.Presentation.Tests.Unit.Validators.UpdateReviewValidatorTests" name="Validator_ShouldHaveValidationErrorFor_ReviewAuthorId" />
    </UnitTest>
    <UnitTest name="CleanMinimalApi.Presentation.Tests.Unit.Endpoints.ReviewEndpointTests.CreateReview_ShouldReturn_Problem" storage="d:\unidaddocumentos\jose\cursos\azure_ia\netclean\minimalapinet8\tests\presentation.tests.unit\bin\debug\net8.0\presentation.tests.unit.dll" id="18e531c6-b89a-cea6-4e8c-d0ab16d3e329">
      <Execution id="797f4f93-5854-4eb7-a8d4-9f32f1653ea8" />
      <TestMethod codeBase="D:\UnidadDocumentos\jose\CURSOS\AZURE_IA\netClean\minimalapinet8\tests\Presentation.Tests.Unit\bin\Debug\net8.0\Presentation.Tests.Unit.dll" adapterTypeName="executor://xunit/VsTestRunner2/netcoreapp" className="CleanMinimalApi.Presentation.Tests.Unit.Endpoints.ReviewEndpointTests" name="CreateReview_ShouldReturn_Problem" />
    </UnitTest>
    <UnitTest name="CleanMinimalApi.Presentation.Tests.Unit.Validators.UpdateReviewValidatorTests.Validator_ShouldNotHaveValidationErrorFor_ReviewAuthorId(stars: 2)" storage="d:\unidaddocumentos\jose\cursos\azure_ia\netclean\minimalapinet8\tests\presentation.tests.unit\bin\debug\net8.0\presentation.tests.unit.dll" id="14bde15e-ae6d-d988-68cd-f2a9743f1d38">
      <Execution id="cdf564ff-bf97-439e-b7f9-6be50dcebde2" />
      <TestMethod codeBase="D:\UnidadDocumentos\jose\CURSOS\AZURE_IA\netClean\minimalapinet8\tests\Presentation.Tests.Unit\bin\Debug\net8.0\Presentation.Tests.Unit.dll" adapterTypeName="executor://xunit/VsTestRunner2/netcoreapp" className="CleanMinimalApi.Presentation.Tests.Unit.Validators.UpdateReviewValidatorTests" name="Validator_ShouldNotHaveValidationErrorFor_ReviewAuthorId" />
    </UnitTest>
    <UnitTest name="CleanMinimalApi.Presentation.Tests.Unit.Validators.CreateReviewValidatorTests.Validator_ShouldHaveValidationErrorFor_Stars(stars: 100)" storage="d:\unidaddocumentos\jose\cursos\azure_ia\netclean\minimalapinet8\tests\presentation.tests.unit\bin\debug\net8.0\presentation.tests.unit.dll" id="3abf3893-39cb-2846-5249-3bd5d9c3ce2c">
      <Execution id="f0c37010-bda2-4607-aff2-b841ad55b84f" />
      <TestMethod codeBase="D:\UnidadDocumentos\jose\CURSOS\AZURE_IA\netClean\minimalapinet8\tests\Presentation.Tests.Unit\bin\Debug\net8.0\Presentation.Tests.Unit.dll" adapterTypeName="executor://xunit/VsTestRunner2/netcoreapp" className="CleanMinimalApi.Presentation.Tests.Unit.Validators.CreateReviewValidatorTests" name="Validator_ShouldHaveValidationErrorFor_Stars" />
    </UnitTest>
  </TestDefinitions>
  <TestEntries>
    <TestEntry testId="4a9cb04d-6864-9c66-763c-10bc009c9bd7" executionId="a080d626-0dbf-4f0a-a1fd-cabdfc3a88f8" testListId="8c84fa94-04c1-424b-9868-57a2d4851a1d" />
    <TestEntry testId="b677c62c-c8f0-60b0-45a5-4e0e7f94cd43" executionId="ad77723e-9f96-47ee-867b-e23f50e8024c" testListId="8c84fa94-04c1-424b-9868-57a2d4851a1d" />
    <TestEntry testId="9647d8e3-d068-f9d4-46df-5fb6d1b89a50" executionId="76147b3e-35f2-46d5-a13a-85fc899548bb" testListId="8c84fa94-04c1-424b-9868-57a2d4851a1d" />
    <TestEntry testId="e185b375-2a2e-7f4f-8934-374db878c249" executionId="ab943d1a-29de-411a-8ead-0a42f1f32aa2" testListId="8c84fa94-04c1-424b-9868-57a2d4851a1d" />
    <TestEntry testId="3abf3893-39cb-2846-5249-3bd5d9c3ce2c" executionId="f0c37010-bda2-4607-aff2-b841ad55b84f" testListId="8c84fa94-04c1-424b-9868-57a2d4851a1d" />
    <TestEntry testId="18e531c6-b89a-cea6-4e8c-d0ab16d3e329" executionId="797f4f93-5854-4eb7-a8d4-9f32f1653ea8" testListId="8c84fa94-04c1-424b-9868-57a2d4851a1d" />
    <TestEntry testId="4caaf6fa-c57f-ef8c-9049-a8fe65384ad6" executionId="d69753b2-4c25-441d-bed2-642b223295fd" testListId="8c84fa94-04c1-424b-9868-57a2d4851a1d" />
    <TestEntry testId="56cc12c5-1eec-815d-5998-0f9f957a9be4" executionId="908f036c-71d0-4c5f-b421-b96d0aedf122" testListId="8c84fa94-04c1-424b-9868-57a2d4851a1d" />
    <TestEntry testId="b4a6e08a-dff9-ab19-71fc-ac532b8a2dce" executionId="774667e3-13af-47a7-884b-eaab4ce6c01d" testListId="8c84fa94-04c1-424b-9868-57a2d4851a1d" />
    <TestEntry testId="b2f74c1e-154d-f916-81c9-ddcc31ddee6e" executionId="a0e3a46e-7b5d-44c3-b319-9c2e438dd1f8" testListId="8c84fa94-04c1-424b-9868-57a2d4851a1d" />
    <TestEntry testId="22df6d4c-43a8-e3fa-de5e-485270db3318" executionId="ac68edb5-8a63-49eb-ae6b-5dfb56f3662b" testListId="8c84fa94-04c1-424b-9868-57a2d4851a1d" />
    <TestEntry testId="84c49eb9-c8ea-6f9f-bbad-8f351cd836bc" executionId="1e5bb421-de4f-4c3e-9a4a-5ce7db7b7ad0" testListId="8c84fa94-04c1-424b-9868-57a2d4851a1d" />
    <TestEntry testId="d357bddb-05c9-b86c-a1e4-4264ed3a036b" executionId="4d7e8362-01e1-4b3f-9848-fc93b85984b1" testListId="8c84fa94-04c1-424b-9868-57a2d4851a1d" />
    <TestEntry testId="47f46611-fe0a-608f-3514-5156ec21fb7d" executionId="30b726e5-de0d-4300-9216-558d57db9da2" testListId="8c84fa94-04c1-424b-9868-57a2d4851a1d" />
    <TestEntry testId="abbb65a4-b8b8-6a49-c6b7-ceae299e1826" executionId="056d3ab3-179a-48de-8c2e-9f4591498aa2" testListId="8c84fa94-04c1-424b-9868-57a2d4851a1d" />
    <TestEntry testId="9cf0d41d-4f3c-3b07-f8fd-06f7b7de57b8" executionId="3b8f4694-da04-4913-8df0-370112b121c4" testListId="8c84fa94-04c1-424b-9868-57a2d4851a1d" />
    <TestEntry testId="c5d95977-deaf-1373-6be5-1d1c39de3d52" executionId="247f308a-ad38-40ec-b7ba-77641bf2c915" testListId="8c84fa94-04c1-424b-9868-57a2d4851a1d" />
    <TestEntry testId="d9492c0d-bbeb-819d-3a0c-9e3e43185bb2" executionId="cd62bbb8-cf7c-4dd4-981f-a6b65affe374" testListId="8c84fa94-04c1-424b-9868-57a2d4851a1d" />
    <TestEntry testId="29b835be-f092-91bc-1655-48cd6f139e8d" executionId="9ccf89b4-6988-4d43-a382-2c98f24d7f61" testListId="8c84fa94-04c1-424b-9868-57a2d4851a1d" />
    <TestEntry testId="2f1f8d50-3522-aa8a-29bc-03ce164d1be8" executionId="76949fdf-fbad-4ee3-8e7b-c5cb49f299f6" testListId="8c84fa94-04c1-424b-9868-57a2d4851a1d" />
    <TestEntry testId="32a3e381-94c0-62de-90be-648d88eb1909" executionId="cb865ea7-9e90-42c9-b5a5-9eb76b443ec6" testListId="8c84fa94-04c1-424b-9868-57a2d4851a1d" />
    <TestEntry testId="14bde15e-ae6d-d988-68cd-f2a9743f1d38" executionId="cdf564ff-bf97-439e-b7f9-6be50dcebde2" testListId="8c84fa94-04c1-424b-9868-57a2d4851a1d" />
    <TestEntry testId="93265963-fa8a-fd12-990a-80faedf10ede" executionId="0df40b4d-b3a0-4552-8243-0a30ee57ab03" testListId="8c84fa94-04c1-424b-9868-57a2d4851a1d" />
    <TestEntry testId="b05e9b14-0fac-4b16-c413-72502fcb1124" executionId="e319c2bf-e397-492e-b965-e8ab05dafa6d" testListId="8c84fa94-04c1-424b-9868-57a2d4851a1d" />
    <TestEntry testId="910cc7bc-d89e-536d-d321-4887cf85f60e" executionId="09a81562-2a62-4677-b21f-6e6a004ccf9a" testListId="8c84fa94-04c1-424b-9868-57a2d4851a1d" />
    <TestEntry testId="71051b8a-d972-3891-71da-c6333a049280" executionId="a6fb2285-f4e6-40ac-a4e7-f3259348d80f" testListId="8c84fa94-04c1-424b-9868-57a2d4851a1d" />
    <TestEntry testId="4afa17cb-4353-ed5c-9db5-21c7c663dba7" executionId="5d1996a1-0db4-4839-9689-04a2ad84bd9e" testListId="8c84fa94-04c1-424b-9868-57a2d4851a1d" />
    <TestEntry testId="b573e8eb-bba1-5bb8-5826-3a3c71af61e5" executionId="f8cc5d23-7cc5-47b9-9313-46c411d94a17" testListId="8c84fa94-04c1-424b-9868-57a2d4851a1d" />
    <TestEntry testId="06c47ef5-43b2-6b3f-9f52-0dc46f691655" executionId="ed00f041-7e6e-4533-8f51-44b59077c324" testListId="8c84fa94-04c1-424b-9868-57a2d4851a1d" />
    <TestEntry testId="2b1f6e8d-a9d5-c41f-18b8-a00863998274" executionId="69492126-050c-403e-a2f1-0809d90e7cb9" testListId="8c84fa94-04c1-424b-9868-57a2d4851a1d" />
    <TestEntry testId="2d6df972-06dd-dcca-66d7-bb336d37bfdf" executionId="9e413a0e-a9b5-4eb6-bac9-4ecae4d92cda" testListId="8c84fa94-04c1-424b-9868-57a2d4851a1d" />
    <TestEntry testId="c82f415f-2d9e-e922-904c-2332c93826c1" executionId="7af27d67-7107-4b1e-a012-870c1ce99dca" testListId="8c84fa94-04c1-424b-9868-57a2d4851a1d" />
    <TestEntry testId="6ef2dc0a-3ae0-d1ff-7202-0d0d96368e4b" executionId="88ce7f16-6c22-4703-b1a4-5ca21441dc30" testListId="8c84fa94-04c1-424b-9868-57a2d4851a1d" />
    <TestEntry testId="73093b7b-3f38-b44e-d9af-62f1fe1bd6b6" executionId="932d627a-6a61-4d63-b287-8d40a485bca5" testListId="8c84fa94-04c1-424b-9868-57a2d4851a1d" />
    <TestEntry testId="696f2923-ae15-65d2-5b9f-966e225f1c86" executionId="c23f2ed5-d276-45f7-b3e0-f4165c1a037a" testListId="8c84fa94-04c1-424b-9868-57a2d4851a1d" />
    <TestEntry testId="24a988f5-b45f-0d1d-eeb4-5eef5dcfd817" executionId="10b4b008-09e8-4e75-833a-6c370d68d9ac" testListId="8c84fa94-04c1-424b-9868-57a2d4851a1d" />
    <TestEntry testId="c443d1d7-0ad9-7836-d3ed-efc4c43846c7" executionId="189c3259-d71b-465d-9640-c7a56066b8c5" testListId="8c84fa94-04c1-424b-9868-57a2d4851a1d" />
    <TestEntry testId="a0dae4d4-bb79-a8f3-f3aa-a8e7786389a4" executionId="f5bad683-84b6-4595-ba41-5314fea41c47" testListId="8c84fa94-04c1-424b-9868-57a2d4851a1d" />
    <TestEntry testId="67335cf6-1482-2341-f89e-7915a8bc6762" executionId="09efabec-9b90-42e9-b241-20d131ebf34d" testListId="8c84fa94-04c1-424b-9868-57a2d4851a1d" />
    <TestEntry testId="a6251caf-21c0-e60b-143b-428fe5f04b6a" executionId="51afdba0-5a95-4fb8-b8ef-9261aa06435a" testListId="8c84fa94-04c1-424b-9868-57a2d4851a1d" />
    <TestEntry testId="92d621eb-0dea-221a-9b34-816a72518254" executionId="abe74f3d-af2c-4651-b2fb-17709a4b0d50" testListId="8c84fa94-04c1-424b-9868-57a2d4851a1d" />
    <TestEntry testId="e2b4d824-873b-d8a3-4ec8-6b34602d9c1b" executionId="9f26971b-ac3f-43cf-ae7b-d40a4d18a64f" testListId="8c84fa94-04c1-424b-9868-57a2d4851a1d" />
    <TestEntry testId="4ce842aa-e807-970f-e8b9-62bd5706a188" executionId="dbc93902-ba0b-4fd0-bc48-f3690ea656db" testListId="8c84fa94-04c1-424b-9868-57a2d4851a1d" />
    <TestEntry testId="dc1de20f-5344-eea3-793e-042aa59670e3" executionId="712bac87-5222-441e-9fc8-fb9293522fb0" testListId="8c84fa94-04c1-424b-9868-57a2d4851a1d" />
    <TestEntry testId="4bf39f32-f9f2-0f3d-2b07-542a1b576a2c" executionId="f5a8778f-579f-4680-aeb7-60f9eec630a6" testListId="8c84fa94-04c1-424b-9868-57a2d4851a1d" />
    <TestEntry testId="a1ccb6e1-29c1-cac3-fc8b-34bc436e380a" executionId="842d4c9b-5b1e-464f-9832-c02731e8806d" testListId="8c84fa94-04c1-424b-9868-57a2d4851a1d" />
    <TestEntry testId="182d7477-28ec-0fc4-59a4-1b5cbd334632" executionId="3a395967-5ee5-4270-a5d5-0af3653f3791" testListId="8c84fa94-04c1-424b-9868-57a2d4851a1d" />
    <TestEntry testId="226d0ac6-520c-d1ad-94b5-d4ab4bad5c53" executionId="0260cc2e-fa73-4eff-a7f1-64bda17eba9b" testListId="8c84fa94-04c1-424b-9868-57a2d4851a1d" />
    <TestEntry testId="5112c5e8-a29f-3733-f245-1197d122f7eb" executionId="7cf37ebc-725c-4ac6-9d33-30338c24c089" testListId="8c84fa94-04c1-424b-9868-57a2d4851a1d" />
    <TestEntry testId="d840f2df-2f88-8f6f-9685-ae1ee24f9481" executionId="626b769e-51dc-4cfa-8b10-f580ae98ff8a" testListId="8c84fa94-04c1-424b-9868-57a2d4851a1d" />
    <TestEntry testId="9551907f-7bdb-377f-6950-807f9d78d631" executionId="0f5d2611-b550-4374-b8b9-59c6a753644b" testListId="8c84fa94-04c1-424b-9868-57a2d4851a1d" />
    <TestEntry testId="e3e42bab-a413-230f-3971-a0cc738ff33e" executionId="161b44dc-17e8-43be-9954-22917760120f" testListId="8c84fa94-04c1-424b-9868-57a2d4851a1d" />
  </TestEntries>
  <TestLists>
    <TestList name="Resultados sin formato de lista" id="8c84fa94-04c1-424b-9868-57a2d4851a1d" />
    <TestList name="Todos los resultados cargados" id="19431567-8539-422a-85d7-44ee4e166bda" />
  </TestLists>
  <ResultSummary outcome="Completed">
    <Counters total="52" executed="52" passed="52" failed="0" error="0" timeout="0" aborted="0" inconclusive="0" passedButRunAborted="0" notRunnable="0" notExecuted="0" disconnected="0" warning="0" completed="0" inProgress="0" pending="0" />
    <Output>
      <StdOut>[xUnit.net 00:00:00.00] xUnit.net VSTest Adapter v2.8.2+699d445a1a (64-bit .NET 8.0.11)&#xD;
[xUnit.net 00:00:00.60]   Discovering: Presentation.Tests.Unit&#xD;
[xUnit.net 00:00:00.68]   Discovered:  Presentation.Tests.Unit&#xD;
[xUnit.net 00:00:00.68]   Starting:    Presentation.Tests.Unit&#xD;
[xUnit.net 00:00:02.10]   Finished:    Presentation.Tests.Unit&#xD;
</StdOut>
    </Output>
  </ResultSummary>
</TestRun>